Removed Pin From Net: NetName=ESP_IO13 Pin=X_Free1-06
Removed Pin From Net: NetName=ESP_IO12 Pin=X_Free1-07
Removed Pin From Net: NetName=ESP_IO14 Pin=X_Free1-08
Removed Pin From Net: NetName=ESP_IO27 Pin=X_Free2-04
Removed Pin From Net: NetName=ESP_IO26 Pin=X_Free2-05
Removed Pin From Net: NetName=ESP_IO25 Pin=X_Free2-06
Removed Pin From Net: NetName=ESP_IO33 Pin=X_Free2-07
Removed Pin From Net: NetName=ESP_IO35 Pin=X_Free2-08
Removed Pin From Net: NetName=ESP_IO34 Pin=X_Free2-09
Removed Pin From Net: NetName=ESP_DN Pin=X_Free2-10
Removed Pin From Net: NetName=ESP_VP Pin=X_Free2-11
Removed Pin From Net: NetName=ESP_EN Pin=X_Free2-12
Added Pin To Net: NetName=ESP_IO13 Pin=X_Free2-04
Added Pin To Net: NetName=ESP_IO12 Pin=X_Free2-05
Added Pin To Net: NetName=ESP_IO14 Pin=X_Free2-06
Added Pin To Net: NetName=ESP_IO27 Pin=X_Free2-07
Added Pin To Net: NetName=ESP_IO26 Pin=X_Free2-08
Added Pin To Net: NetName=ESP_IO25 Pin=X_Free2-09
Added Pin To Net: NetName=ESP_IO33 Pin=X_Free2-10
Added Pin To Net: NetName=ESP_IO35 Pin=X_Free2-11
Added Pin To Net: NetName=ESP_IO34 Pin=X_Free2-12
