Removed Pin From Net: NetName=NetX_ESP_R?_8 Pin=X_Rest?-7
Removed Pin From Net: NetName=NetX_ESP_R?_9 Pin=X_Rest?-9
Removed Pin From Net: NetName=NetX_ESP_R?_11 Pin=X_Rest?-11
Removed Pin From Net: NetName=NetX_ESP_L?_3 Pin=X_Rest?-12
Removed Pin From Net: NetName=NetX_ESP_R?_12 Pin=X_Rest?-13
Removed Pin From Net: NetName=NetX_ESP_L?_4 Pin=X_Rest?-14
Removed Pin From Net: NetName=NetX_ESP_R?_13 Pin=X_Rest?-15
Removed Pin From Net: NetName=NetX_ESP_L?_7 Pin=X_Rest?-16
Removed Pin From Net: NetName=NetX_ESP_R?_14 Pin=X_Rest?-17
Removed Pin From Net: NetName=NetX_ESP_R?_15 Pin=X_Rest?-19
Removed Pin From Net: NetName=NetX_ESP_L?_13 Pin=X_Rest?-20
Added Pin To Net: NetName=NetX_ESP_L?_4 Pin=X_ESP_L?-12
Added Pin To Net: NetName=NetX_ESP_L?_3 Pin=X_Rest?-6
Added Pin To Net: NetName=NetX_ESP_L?_7 Pin=X_Rest?-7
Added Pin To Net: NetName=NetX_ESP_R?_8 Pin=X_Rest?-8
Added Pin To Net: NetName=NetX_ESP_L?_4 Pin=X_Rest?-9
Added Pin To Net: NetName=NetX_ESP_R?_9 Pin=X_Rest?-10
Added Pin To Net: NetName=NetX_ESP_R?_11 Pin=X_Rest?-12
Added Pin To Net: NetName=NetX_ESP_R?_12 Pin=X_Rest?-14
Added Pin To Net: NetName=NetX_ESP_R?_13 Pin=X_Rest?-16
Added Pin To Net: NetName=NetX_ESP_L?_13 Pin=X_Rest?-17
Added Pin To Net: NetName=NetX_ESP_R?_14 Pin=X_Rest?-18
Added Pin To Net: NetName=NetX_ESP_L?_4 Pin=X_Rest?-19
Added Pin To Net: NetName=NetX_ESP_R?_15 Pin=X_Rest?-20
