Removed Pin From Net: NetName=NetX_ESP_R?_15 Pin=X_Rest?-1
Removed Pin From Net: NetName=NetX_ESP_L?_13 Pin=X_Rest?-2
Removed Pin From Net: NetName=NetX_ESP_R?_14 Pin=X_Rest?-3
Removed Pin From Net: NetName=NetX_ESP_L?_12 Pin=X_Rest?-4
Removed Pin From Net: NetName=NetX_ESP_R?_13 Pin=X_Rest?-5
Removed Pin From Net: NetName=NetX_ESP_R?_12 Pin=X_Rest?-7
Removed Pin From Net: NetName=NetX_ESP_R?_11 Pin=X_Rest?-9
Removed Pin From Net: NetName=NetX_ESP_R?_9 Pin=X_Rest?-11
Removed Pin From Net: NetName=NetX_ESP_R?_8 Pin=X_Rest?-13
Removed Pin From Net: NetName=NetX_ESP_L?_4 Pin=X_Rest?-14
Removed Pin From Net: NetName=NetX_ESP_R?_7 Pin=X_Rest?-15
Removed Pin From Net: NetName=NetX_ESP_L?_3 Pin=X_Rest?-16
Removed Pin From Net: NetName=NetX_ESP_R?_6 Pin=X_Rest?-17
Removed Pin From Net: NetName=NetX_ESP_R?_3 Pin=X_Rest?-18
Removed Pin From Net: NetName=NetX_ESP_R?_5 Pin=X_Rest?-19
Removed Pin From Net: NetName=NetX_ESP_R?_4 Pin=X_Rest?-20
Change Component Designator: OldDesignator=X_Rest? NewDesignator=X_Rest
Added Pin To Net: NetName=NetX_ESP_R?_5 Pin=X_Rest-1
Added Pin To Net: NetName=NetX_ESP_R?_4 Pin=X_Rest-2
Added Pin To Net: NetName=NetX_ESP_R?_6 Pin=X_Rest-3
Added Pin To Net: NetName=NetX_ESP_R?_3 Pin=X_Rest-4
Added Pin To Net: NetName=NetX_ESP_R?_7 Pin=X_Rest-5
Added Pin To Net: NetName=NetX_ESP_L?_3 Pin=X_Rest-6
Added Pin To Net: NetName=NetX_ESP_R?_8 Pin=X_Rest-7
Added Pin To Net: NetName=NetX_ESP_L?_4 Pin=X_Rest-8
Added Pin To Net: NetName=NetX_ESP_R?_9 Pin=X_Rest-9
Added Pin To Net: NetName=NetX_ESP_R?_11 Pin=X_Rest-11
Added Pin To Net: NetName=NetX_ESP_R?_12 Pin=X_Rest-13
Added Pin To Net: NetName=NetX_ESP_R?_13 Pin=X_Rest-15
Added Pin To Net: NetName=NetX_ESP_R?_14 Pin=X_Rest-17
Added Pin To Net: NetName=NetX_ESP_L?_12 Pin=X_Rest-18
Added Pin To Net: NetName=NetX_ESP_R?_15 Pin=X_Rest-19
Added Pin To Net: NetName=NetX_ESP_L?_13 Pin=X_Rest-20
Added Member To Class: ClassName=ESP_Trägerplatine Member=Component X_Rest Samtec-TFM-110-01-X-D-WT
