Added Component: Designator=X_ESP_L?(61301611821)
Add component (AddParameter): Name = "Contact Material"; Value = "Copper"; VariantName = "[No Variations]"
Add component (AddParameter): Name = "Contact Resistance"; Value = "20mO"; VariantName = "[No Variations]"
Add component (AddParameter): Name = "Current Rating"; Value = "3A"; VariantName = "[No Variations]"
Add component (AddParameter): Name = "Gender"; Value = "Female"; VariantName = "[No Variations]"
Add component (AddParameter): Name = "Lead Free"; Value = "Lead Free"; VariantName = "[No Variations]"
Add component (AddParameter): Name = "Lead Pitch"; Value = "2.54mm"; VariantName = "[No Variations]"
Add component (AddParameter): Name = "NexarPartId"; Value = "23389750"; VariantName = "[No Variations]"
Add component (AddParameter): Name = "Number of Pins"; Value = "16"; VariantName = "[No Variations]"
Add component (AddParameter): Name = "Operating Supply Voltage"; Value = "250V"; VariantName = "[No Variations]"
Add component (AddParameter): Name = "Orientation"; Value = "Vertical"; VariantName = "[No Variations]"
Add component (AddParameter): Name = "RoHS"; Value = "Compliant"; VariantName = "[No Variations]"
Added Component: Designator=X_ESP_R?(61301611821)
Add component (AddParameter): Name = "Contact Material"; Value = "Copper"; VariantName = "[No Variations]"
Add component (AddParameter): Name = "Contact Resistance"; Value = "20mO"; VariantName = "[No Variations]"
Add component (AddParameter): Name = "Current Rating"; Value = "3A"; VariantName = "[No Variations]"
Add component (AddParameter): Name = "Gender"; Value = "Female"; VariantName = "[No Variations]"
Add component (AddParameter): Name = "Lead Free"; Value = "Lead Free"; VariantName = "[No Variations]"
Add component (AddParameter): Name = "Lead Pitch"; Value = "2.54mm"; VariantName = "[No Variations]"
Add component (AddParameter): Name = "NexarPartId"; Value = "23389750"; VariantName = "[No Variations]"
Add component (AddParameter): Name = "Number of Pins"; Value = "16"; VariantName = "[No Variations]"
Add component (AddParameter): Name = "Operating Supply Voltage"; Value = "250V"; VariantName = "[No Variations]"
Add component (AddParameter): Name = "Orientation"; Value = "Vertical"; VariantName = "[No Variations]"
Add component (AddParameter): Name = "RoHS"; Value = "Compliant"; VariantName = "[No Variations]"
Added Pin To Net: NetName=NetX_Door?_1 Pin=X_ESP_L?-2
Added Pin To Net: NetName=NetX_Door?_1 Pin=X_ESP_R?-2
Added Pin To Net: NetName=NetX_Door?_2 Pin=X_ESP_R?-10
Added Pin To Net: NetName=NetX_Door?_1 Pin=X_RFID?-3
Added Pin To Net: NetName=NetX_ESP_L?_1 Pin=X_ESP_L?-1
Added Pin To Net: NetName=NetX_ESP_L?_1 Pin=X_RFID?-1
Added Net: Name=NetX_ESP_L?_1
Added Pin To Net: NetName=NetX_ESP_L?_3 Pin=X_ESP_L?-3
Added Pin To Net: NetName=NetX_ESP_L?_3 Pin=X_Rest?-12
Added Net: Name=NetX_ESP_L?_3
Added Pin To Net: NetName=NetX_ESP_L?_4 Pin=X_ESP_L?-4
Added Pin To Net: NetName=NetX_ESP_L?_4 Pin=X_Rest?-14
Added Net: Name=NetX_ESP_L?_4
Added Pin To Net: NetName=NetX_ESP_L?_5 Pin=X_ESP_L?-5
Added Net: Name=NetX_ESP_L?_5
Added Pin To Net: NetName=NetX_ESP_L?_6 Pin=X_ESP_L?-6
Added Net: Name=NetX_ESP_L?_6
Added Pin To Net: NetName=NetX_ESP_L?_7 Pin=X_ESP_L?-7
Added Pin To Net: NetName=NetX_ESP_L?_7 Pin=X_Rest?-16
Added Net: Name=NetX_ESP_L?_7
Added Pin To Net: NetName=NetX_ESP_L?_8 Pin=X_ESP_L?-8
Added Net: Name=NetX_ESP_L?_8
Added Pin To Net: NetName=NetX_ESP_L?_9 Pin=X_ESP_L?-9
Added Pin To Net: NetName=NetX_ESP_L?_9 Pin=X_RFID?-7
Added Net: Name=NetX_ESP_L?_9
Added Pin To Net: NetName=NetX_ESP_L?_10 Pin=X_ESP_L?-10
Added Pin To Net: NetName=NetX_ESP_L?_10 Pin=X_RFID?-5
Added Net: Name=NetX_ESP_L?_10
Added Pin To Net: NetName=NetX_ESP_L?_11 Pin=X_ESP_L?-11
Added Pin To Net: NetName=NetX_ESP_L?_11 Pin=X_RFID?-8
Added Net: Name=NetX_ESP_L?_11
Added Pin To Net: NetName=NetX_ESP_L?_12 Pin=X_ESP_L?-12
Added Pin To Net: NetName=NetX_ESP_L?_12 Pin=X_Rest?-18
Added Net: Name=NetX_ESP_L?_12
Added Pin To Net: NetName=NetX_ESP_L?_13 Pin=X_ESP_L?-13
Added Pin To Net: NetName=NetX_ESP_L?_13 Pin=X_Rest?-20
Added Net: Name=NetX_ESP_L?_13
Added Pin To Net: NetName=NetX_ESP_L?_14 Pin=X_ESP_L?-14
Added Pin To Net: NetName=NetX_ESP_L?_14 Pin=X_RFID?-2
Added Net: Name=NetX_ESP_L?_14
Added Pin To Net: NetName=NetX_ESP_L?_15 Pin=X_ESP_L?-15
Added Pin To Net: NetName=NetX_ESP_L?_15 Pin=X_RFID?-6
Added Net: Name=NetX_ESP_L?_15
Added Pin To Net: NetName=NetX_ESP_R?_1 Pin=X_ESP_R?-1
Added Pin To Net: NetName=NetX_ESP_R?_1 Pin=X_In?-1
Added Net: Name=NetX_ESP_R?_1
Added Pin To Net: NetName=NetX_ESP_R?_3 Pin=X_ESP_R?-3
Added Pin To Net: NetName=NetX_ESP_R?_3 Pin=X_Rest?-4
Added Net: Name=NetX_ESP_R?_3
Added Pin To Net: NetName=NetX_ESP_R?_4 Pin=X_ESP_R?-4
Added Pin To Net: NetName=NetX_ESP_R?_4 Pin=X_Rest?-2
Added Net: Name=NetX_ESP_R?_4
Added Pin To Net: NetName=NetX_ESP_R?_5 Pin=X_ESP_R?-5
Added Pin To Net: NetName=NetX_ESP_R?_5 Pin=X_Rest?-1
Added Net: Name=NetX_ESP_R?_5
Added Pin To Net: NetName=NetX_ESP_R?_6 Pin=X_ESP_R?-6
Added Pin To Net: NetName=NetX_ESP_R?_6 Pin=X_Rest?-3
Added Net: Name=NetX_ESP_R?_6
Added Pin To Net: NetName=NetX_ESP_R?_7 Pin=X_ESP_R?-7
Added Pin To Net: NetName=NetX_ESP_R?_7 Pin=X_Rest?-5
Added Net: Name=NetX_ESP_R?_7
Added Pin To Net: NetName=NetX_ESP_R?_8 Pin=X_ESP_R?-8
Added Pin To Net: NetName=NetX_ESP_R?_8 Pin=X_Rest?-7
Added Net: Name=NetX_ESP_R?_8
Added Pin To Net: NetName=NetX_ESP_R?_9 Pin=X_ESP_R?-9
Added Pin To Net: NetName=NetX_ESP_R?_9 Pin=X_Rest?-9
Added Net: Name=NetX_ESP_R?_9
Added Pin To Net: NetName=NetX_ESP_R?_11 Pin=X_ESP_R?-11
Added Pin To Net: NetName=NetX_ESP_R?_11 Pin=X_Rest?-11
Added Net: Name=NetX_ESP_R?_11
Added Pin To Net: NetName=NetX_ESP_R?_12 Pin=X_ESP_R?-12
Added Pin To Net: NetName=NetX_ESP_R?_12 Pin=X_Rest?-13
Added Net: Name=NetX_ESP_R?_12
Added Pin To Net: NetName=NetX_ESP_R?_13 Pin=X_ESP_R?-13
Added Pin To Net: NetName=NetX_ESP_R?_13 Pin=X_Rest?-15
Added Net: Name=NetX_ESP_R?_13
Added Pin To Net: NetName=NetX_ESP_R?_14 Pin=X_ESP_R?-14
Added Pin To Net: NetName=NetX_ESP_R?_14 Pin=X_Rest?-17
Added Net: Name=NetX_ESP_R?_14
Added Pin To Net: NetName=NetX_ESP_R?_15 Pin=X_ESP_R?-15
Added Pin To Net: NetName=NetX_ESP_R?_15 Pin=X_Rest?-19
Added Net: Name=NetX_ESP_R?_15
Added Class: Name=U_ESP_32
