Removed Pin From Net: NetName=R_Photo_3 Pin=R103-2
Removed Pin From Net: NetName=R_Photo_4 Pin=R104-2
Removed Pin From Net: NetName=R_Photo_5 Pin=R105-2
Removed Pin From Net: NetName=R_Photo_6 Pin=R106-2
Removed Pin From Net: NetName=LED_Data_5 Pin=U_2-1
Removed Pin From Net: NetName=LED_Data_6 Pin=U_2-2
Removed Pin From Net: NetName=R_Photo_5 Pin=U_2-4
Removed Pin From Net: NetName=R_Photo_6 Pin=U_2-6
Removed Pin From Net: NetName=R_Photo_3 Pin=U_2-8
Removed Pin From Net: NetName=R_Photo_4 Pin=U_2-10
Removed Pin From Net: NetName=LED_Data_4 Pin=U_2-13
Removed Pin From Net: NetName=LED_Data_3 Pin=U_2-14
Change Component Designator: OldDesignator=R103 NewDesignator=R105
Change Component Designator: OldDesignator=R104 NewDesignator=R106
Change Component Designator: OldDesignator=R105 NewDesignator=R104
Change Component Designator: OldDesignator=R106 NewDesignator=R103
Added Pin To Net: NetName=R_Photo_3 Pin=R103-2
Added Pin To Net: NetName=R_Photo_4 Pin=R104-2
Added Pin To Net: NetName=R_Photo_5 Pin=R105-2
Added Pin To Net: NetName=R_Photo_6 Pin=R106-2
Added Pin To Net: NetName=LED_Data_3 Pin=U_2-1
Added Pin To Net: NetName=LED_Data_4 Pin=U_2-2
Added Pin To Net: NetName=R_Photo_4 Pin=U_2-4
Added Pin To Net: NetName=R_Photo_3 Pin=U_2-6
Added Pin To Net: NetName=R_Photo_5 Pin=U_2-8
Added Pin To Net: NetName=R_Photo_6 Pin=U_2-10
Added Pin To Net: NetName=LED_Data_6 Pin=U_2-13
Added Pin To Net: NetName=LED_Data_5 Pin=U_2-14
