Removed Pin From Net: NetName=GND Pin=R10-2
Removed Pin From Net: NetName=GND Pin=U_SR-16
Removed Pin From Net: NetName=GND Pin=X1-1
Removed Pin From Net: NetName=GND Pin=X2-1
Removed Pin From Net: NetName=GND Pin=X3-1
Removed Pin From Net: NetName=GND Pin=X4-1
Removed Pin From Net: NetName=GND Pin=X5-1
Removed Pin From Net: NetName=GND Pin=X6-1
Removed Pin From Net: NetName=GND Pin=X7-1
Removed Pin From Net: NetName=GND Pin=X8-1
Removed Pin From Net: NetName=GND Pin=X_In-4
Removed Pin From Net: NetName=GND Pin=X_Out-2
Added Pin To Net: NetName=VCC Pin=R10-2
Added Pin To Net: NetName=VCC Pin=U_SR-16
Added Pin To Net: NetName=VCC Pin=X1-1
Added Pin To Net: NetName=VCC Pin=X2-1
Added Pin To Net: NetName=VCC Pin=X3-1
Added Pin To Net: NetName=VCC Pin=X4-1
Added Pin To Net: NetName=VCC Pin=X5-1
Added Pin To Net: NetName=VCC Pin=X6-1
Added Pin To Net: NetName=VCC Pin=X7-1
Added Pin To Net: NetName=VCC Pin=X8-1
Added Pin To Net: NetName=VCC Pin=X_In-4
Added Pin To Net: NetName=VCC Pin=X_Out-2
Added Net: Name=VCC
