Added Component: Designator=R1(0603_resistor_flat)
Add component (AddParameter): Name = "Case_EIA"; Value = "0603"; VariantName = "[No Variations]"
Add component (AddParameter): Name = "Case_Metric"; Value = "1608"; VariantName = "[No Variations]"
Add component (AddParameter): Name = "E12"; Value = "1K0, 1K2, 1K5, 1K8, 2K2, 2K7, 3K3, 3K9, 4K7, 5K6, 6K8, 8K2"; VariantName = "[No Variations]"
Add component (AddParameter): Name = "Manufacturer"; Value = ""; VariantName = "[No Variations]"
Add component (AddParameter): Name = "Part Number"; Value = "R_0603_1%_xx"; VariantName = "[No Variations]"
Add component (AddParameter): Name = "Power_Dissipation"; Value = "100mW"; VariantName = "[No Variations]"
Add component (AddParameter): Name = "Tolerance"; Value = "1%"; VariantName = "[No Variations]"
Add component (AddParameter): Name = "Value"; Value = "xx"; VariantName = "[No Variations]"
Added Component: Designator=R2(0603_resistor_flat)
Add component (AddParameter): Name = "Case_EIA"; Value = "0603"; VariantName = "[No Variations]"
Add component (AddParameter): Name = "Case_Metric"; Value = "1608"; VariantName = "[No Variations]"
Add component (AddParameter): Name = "E12"; Value = "1K0, 1K2, 1K5, 1K8, 2K2, 2K7, 3K3, 3K9, 4K7, 5K6, 6K8, 8K2"; VariantName = "[No Variations]"
Add component (AddParameter): Name = "Manufacturer"; Value = ""; VariantName = "[No Variations]"
Add component (AddParameter): Name = "Part Number"; Value = "R_0603_1%_xx"; VariantName = "[No Variations]"
Add component (AddParameter): Name = "Power_Dissipation"; Value = "100mW"; VariantName = "[No Variations]"
Add component (AddParameter): Name = "Tolerance"; Value = "1%"; VariantName = "[No Variations]"
Add component (AddParameter): Name = "Value"; Value = "xx"; VariantName = "[No Variations]"
Added Component: Designator=R3(0603_resistor_flat)
Add component (AddParameter): Name = "Case_EIA"; Value = "0603"; VariantName = "[No Variations]"
Add component (AddParameter): Name = "Case_Metric"; Value = "1608"; VariantName = "[No Variations]"
Add component (AddParameter): Name = "E12"; Value = "1K0, 1K2, 1K5, 1K8, 2K2, 2K7, 3K3, 3K9, 4K7, 5K6, 6K8, 8K2"; VariantName = "[No Variations]"
Add component (AddParameter): Name = "Manufacturer"; Value = ""; VariantName = "[No Variations]"
Add component (AddParameter): Name = "Part Number"; Value = "R_0603_1%_xx"; VariantName = "[No Variations]"
Add component (AddParameter): Name = "Power_Dissipation"; Value = "100mW"; VariantName = "[No Variations]"
Add component (AddParameter): Name = "Tolerance"; Value = "1%"; VariantName = "[No Variations]"
Add component (AddParameter): Name = "Value"; Value = "xx"; VariantName = "[No Variations]"
Added Component: Designator=R4(0603_resistor_flat)
Add component (AddParameter): Name = "Case_EIA"; Value = "0603"; VariantName = "[No Variations]"
Add component (AddParameter): Name = "Case_Metric"; Value = "1608"; VariantName = "[No Variations]"
Add component (AddParameter): Name = "E12"; Value = "1K0, 1K2, 1K5, 1K8, 2K2, 2K7, 3K3, 3K9, 4K7, 5K6, 6K8, 8K2"; VariantName = "[No Variations]"
Add component (AddParameter): Name = "Manufacturer"; Value = ""; VariantName = "[No Variations]"
Add component (AddParameter): Name = "Part Number"; Value = "R_0603_1%_xx"; VariantName = "[No Variations]"
Add component (AddParameter): Name = "Power_Dissipation"; Value = "100mW"; VariantName = "[No Variations]"
Add component (AddParameter): Name = "Tolerance"; Value = "1%"; VariantName = "[No Variations]"
Add component (AddParameter): Name = "Value"; Value = "xx"; VariantName = "[No Variations]"
Added Component: Designator=R5(0603_resistor_flat)
Add component (AddParameter): Name = "Case_EIA"; Value = "0603"; VariantName = "[No Variations]"
Add component (AddParameter): Name = "Case_Metric"; Value = "1608"; VariantName = "[No Variations]"
Add component (AddParameter): Name = "E12"; Value = "1K0, 1K2, 1K5, 1K8, 2K2, 2K7, 3K3, 3K9, 4K7, 5K6, 6K8, 8K2"; VariantName = "[No Variations]"
Add component (AddParameter): Name = "Manufacturer"; Value = ""; VariantName = "[No Variations]"
Add component (AddParameter): Name = "Part Number"; Value = "R_0603_1%_xx"; VariantName = "[No Variations]"
Add component (AddParameter): Name = "Power_Dissipation"; Value = "100mW"; VariantName = "[No Variations]"
Add component (AddParameter): Name = "Tolerance"; Value = "1%"; VariantName = "[No Variations]"
Add component (AddParameter): Name = "Value"; Value = "xx"; VariantName = "[No Variations]"
Added Component: Designator=R6(0603_resistor_flat)
Add component (AddParameter): Name = "Case_EIA"; Value = "0603"; VariantName = "[No Variations]"
Add component (AddParameter): Name = "Case_Metric"; Value = "1608"; VariantName = "[No Variations]"
Add component (AddParameter): Name = "E12"; Value = "1K0, 1K2, 1K5, 1K8, 2K2, 2K7, 3K3, 3K9, 4K7, 5K6, 6K8, 8K2"; VariantName = "[No Variations]"
Add component (AddParameter): Name = "Manufacturer"; Value = ""; VariantName = "[No Variations]"
Add component (AddParameter): Name = "Part Number"; Value = "R_0603_1%_xx"; VariantName = "[No Variations]"
Add component (AddParameter): Name = "Power_Dissipation"; Value = "100mW"; VariantName = "[No Variations]"
Add component (AddParameter): Name = "Tolerance"; Value = "1%"; VariantName = "[No Variations]"
Add component (AddParameter): Name = "Value"; Value = "xx"; VariantName = "[No Variations]"
Added Component: Designator=R7(0603_resistor_flat)
Add component (AddParameter): Name = "Case_EIA"; Value = "0603"; VariantName = "[No Variations]"
Add component (AddParameter): Name = "Case_Metric"; Value = "1608"; VariantName = "[No Variations]"
Add component (AddParameter): Name = "E12"; Value = "1K0, 1K2, 1K5, 1K8, 2K2, 2K7, 3K3, 3K9, 4K7, 5K6, 6K8, 8K2"; VariantName = "[No Variations]"
Add component (AddParameter): Name = "Manufacturer"; Value = ""; VariantName = "[No Variations]"
Add component (AddParameter): Name = "Part Number"; Value = "R_0603_1%_xx"; VariantName = "[No Variations]"
Add component (AddParameter): Name = "Power_Dissipation"; Value = "100mW"; VariantName = "[No Variations]"
Add component (AddParameter): Name = "Tolerance"; Value = "1%"; VariantName = "[No Variations]"
Add component (AddParameter): Name = "Value"; Value = "xx"; VariantName = "[No Variations]"
Added Component: Designator=R8(0603_resistor_flat)
Add component (AddParameter): Name = "Case_EIA"; Value = "0603"; VariantName = "[No Variations]"
Add component (AddParameter): Name = "Case_Metric"; Value = "1608"; VariantName = "[No Variations]"
Add component (AddParameter): Name = "E12"; Value = "1K0, 1K2, 1K5, 1K8, 2K2, 2K7, 3K3, 3K9, 4K7, 5K6, 6K8, 8K2"; VariantName = "[No Variations]"
Add component (AddParameter): Name = "Manufacturer"; Value = ""; VariantName = "[No Variations]"
Add component (AddParameter): Name = "Part Number"; Value = "R_0603_1%_xx"; VariantName = "[No Variations]"
Add component (AddParameter): Name = "Power_Dissipation"; Value = "100mW"; VariantName = "[No Variations]"
Add component (AddParameter): Name = "Tolerance"; Value = "1%"; VariantName = "[No Variations]"
Add component (AddParameter): Name = "Value"; Value = "xx"; VariantName = "[No Variations]"
Added Component: Designator=R10(0603_resistor_flat)
Add component (AddParameter): Name = "Case_EIA"; Value = "0603"; VariantName = "[No Variations]"
Add component (AddParameter): Name = "Case_Metric"; Value = "1608"; VariantName = "[No Variations]"
Add component (AddParameter): Name = "E12"; Value = "1K0, 1K2, 1K5, 1K8, 2K2, 2K7, 3K3, 3K9, 4K7, 5K6, 6K8, 8K2"; VariantName = "[No Variations]"
Add component (AddParameter): Name = "Manufacturer"; Value = ""; VariantName = "[No Variations]"
Add component (AddParameter): Name = "Part Number"; Value = "R_0603_1%_xx"; VariantName = "[No Variations]"
Add component (AddParameter): Name = "Power_Dissipation"; Value = "100mW"; VariantName = "[No Variations]"
Add component (AddParameter): Name = "Tolerance"; Value = "1%"; VariantName = "[No Variations]"
Add component (AddParameter): Name = "Value"; Value = "xx"; VariantName = "[No Variations]"
Added Component: Designator=R11(0603_resistor_flat)
Add component (AddParameter): Name = "Case_EIA"; Value = "0603"; VariantName = "[No Variations]"
Add component (AddParameter): Name = "Case_Metric"; Value = "1608"; VariantName = "[No Variations]"
Add component (AddParameter): Name = "E12"; Value = "1K0, 1K2, 1K5, 1K8, 2K2, 2K7, 3K3, 3K9, 4K7, 5K6, 6K8, 8K2"; VariantName = "[No Variations]"
Add component (AddParameter): Name = "Manufacturer"; Value = ""; VariantName = "[No Variations]"
Add component (AddParameter): Name = "Part Number"; Value = "R_0603_1%_xx"; VariantName = "[No Variations]"
Add component (AddParameter): Name = "Power_Dissipation"; Value = "100mW"; VariantName = "[No Variations]"
Add component (AddParameter): Name = "Tolerance"; Value = "1%"; VariantName = "[No Variations]"
Add component (AddParameter): Name = "Value"; Value = "xx"; VariantName = "[No Variations]"
Added Component: Designator=R101(0603_resistor_flat)
Add component (AddParameter): Name = "Case_EIA"; Value = "0603"; VariantName = "[No Variations]"
Add component (AddParameter): Name = "Case_Metric"; Value = "1608"; VariantName = "[No Variations]"
Add component (AddParameter): Name = "E12"; Value = "1K0, 1K2, 1K5, 1K8, 2K2, 2K7, 3K3, 3K9, 4K7, 5K6, 6K8, 8K2"; VariantName = "[No Variations]"
Add component (AddParameter): Name = "Manufacturer"; Value = ""; VariantName = "[No Variations]"
Add component (AddParameter): Name = "Part Number"; Value = "R_0603_1%_xx"; VariantName = "[No Variations]"
Add component (AddParameter): Name = "Power_Dissipation"; Value = "100mW"; VariantName = "[No Variations]"
Add component (AddParameter): Name = "Tolerance"; Value = "1%"; VariantName = "[No Variations]"
Add component (AddParameter): Name = "Value"; Value = "xx"; VariantName = "[No Variations]"
Added Component: Designator=R102(0603_resistor_flat)
Add component (AddParameter): Name = "Case_EIA"; Value = "0603"; VariantName = "[No Variations]"
Add component (AddParameter): Name = "Case_Metric"; Value = "1608"; VariantName = "[No Variations]"
Add component (AddParameter): Name = "E12"; Value = "1K0, 1K2, 1K5, 1K8, 2K2, 2K7, 3K3, 3K9, 4K7, 5K6, 6K8, 8K2"; VariantName = "[No Variations]"
Add component (AddParameter): Name = "Manufacturer"; Value = ""; VariantName = "[No Variations]"
Add component (AddParameter): Name = "Part Number"; Value = "R_0603_1%_xx"; VariantName = "[No Variations]"
Add component (AddParameter): Name = "Power_Dissipation"; Value = "100mW"; VariantName = "[No Variations]"
Add component (AddParameter): Name = "Tolerance"; Value = "1%"; VariantName = "[No Variations]"
Add component (AddParameter): Name = "Value"; Value = "xx"; VariantName = "[No Variations]"
Added Component: Designator=R103(0603_resistor_flat)
Add component (AddParameter): Name = "Case_EIA"; Value = "0603"; VariantName = "[No Variations]"
Add component (AddParameter): Name = "Case_Metric"; Value = "1608"; VariantName = "[No Variations]"
Add component (AddParameter): Name = "E12"; Value = "1K0, 1K2, 1K5, 1K8, 2K2, 2K7, 3K3, 3K9, 4K7, 5K6, 6K8, 8K2"; VariantName = "[No Variations]"
Add component (AddParameter): Name = "Manufacturer"; Value = ""; VariantName = "[No Variations]"
Add component (AddParameter): Name = "Part Number"; Value = "R_0603_1%_xx"; VariantName = "[No Variations]"
Add component (AddParameter): Name = "Power_Dissipation"; Value = "100mW"; VariantName = "[No Variations]"
Add component (AddParameter): Name = "Tolerance"; Value = "1%"; VariantName = "[No Variations]"
Add component (AddParameter): Name = "Value"; Value = "xx"; VariantName = "[No Variations]"
Added Component: Designator=R104(0603_resistor_flat)
Add component (AddParameter): Name = "Case_EIA"; Value = "0603"; VariantName = "[No Variations]"
Add component (AddParameter): Name = "Case_Metric"; Value = "1608"; VariantName = "[No Variations]"
Add component (AddParameter): Name = "E12"; Value = "1K0, 1K2, 1K5, 1K8, 2K2, 2K7, 3K3, 3K9, 4K7, 5K6, 6K8, 8K2"; VariantName = "[No Variations]"
Add component (AddParameter): Name = "Manufacturer"; Value = ""; VariantName = "[No Variations]"
Add component (AddParameter): Name = "Part Number"; Value = "R_0603_1%_xx"; VariantName = "[No Variations]"
Add component (AddParameter): Name = "Power_Dissipation"; Value = "100mW"; VariantName = "[No Variations]"
Add component (AddParameter): Name = "Tolerance"; Value = "1%"; VariantName = "[No Variations]"
Add component (AddParameter): Name = "Value"; Value = "xx"; VariantName = "[No Variations]"
Added Component: Designator=R105(0603_resistor_flat)
Add component (AddParameter): Name = "Case_EIA"; Value = "0603"; VariantName = "[No Variations]"
Add component (AddParameter): Name = "Case_Metric"; Value = "1608"; VariantName = "[No Variations]"
Add component (AddParameter): Name = "E12"; Value = "1K0, 1K2, 1K5, 1K8, 2K2, 2K7, 3K3, 3K9, 4K7, 5K6, 6K8, 8K2"; VariantName = "[No Variations]"
Add component (AddParameter): Name = "Manufacturer"; Value = ""; VariantName = "[No Variations]"
Add component (AddParameter): Name = "Part Number"; Value = "R_0603_1%_xx"; VariantName = "[No Variations]"
Add component (AddParameter): Name = "Power_Dissipation"; Value = "100mW"; VariantName = "[No Variations]"
Add component (AddParameter): Name = "Tolerance"; Value = "1%"; VariantName = "[No Variations]"
Add component (AddParameter): Name = "Value"; Value = "xx"; VariantName = "[No Variations]"
Added Component: Designator=R106(0603_resistor_flat)
Add component (AddParameter): Name = "Case_EIA"; Value = "0603"; VariantName = "[No Variations]"
Add component (AddParameter): Name = "Case_Metric"; Value = "1608"; VariantName = "[No Variations]"
Add component (AddParameter): Name = "E12"; Value = "1K0, 1K2, 1K5, 1K8, 2K2, 2K7, 3K3, 3K9, 4K7, 5K6, 6K8, 8K2"; VariantName = "[No Variations]"
Add component (AddParameter): Name = "Manufacturer"; Value = ""; VariantName = "[No Variations]"
Add component (AddParameter): Name = "Part Number"; Value = "R_0603_1%_xx"; VariantName = "[No Variations]"
Add component (AddParameter): Name = "Power_Dissipation"; Value = "100mW"; VariantName = "[No Variations]"
Add component (AddParameter): Name = "Tolerance"; Value = "1%"; VariantName = "[No Variations]"
Add component (AddParameter): Name = "Value"; Value = "xx"; VariantName = "[No Variations]"
Added Component: Designator=R107(0603_resistor_flat)
Add component (AddParameter): Name = "Case_EIA"; Value = "0603"; VariantName = "[No Variations]"
Add component (AddParameter): Name = "Case_Metric"; Value = "1608"; VariantName = "[No Variations]"
Add component (AddParameter): Name = "E12"; Value = "1K0, 1K2, 1K5, 1K8, 2K2, 2K7, 3K3, 3K9, 4K7, 5K6, 6K8, 8K2"; VariantName = "[No Variations]"
Add component (AddParameter): Name = "Manufacturer"; Value = ""; VariantName = "[No Variations]"
Add component (AddParameter): Name = "Part Number"; Value = "R_0603_1%_xx"; VariantName = "[No Variations]"
Add component (AddParameter): Name = "Power_Dissipation"; Value = "100mW"; VariantName = "[No Variations]"
Add component (AddParameter): Name = "Tolerance"; Value = "1%"; VariantName = "[No Variations]"
Add component (AddParameter): Name = "Value"; Value = "xx"; VariantName = "[No Variations]"
Added Component: Designator=R108(0603_resistor_flat)
Add component (AddParameter): Name = "Case_EIA"; Value = "0603"; VariantName = "[No Variations]"
Add component (AddParameter): Name = "Case_Metric"; Value = "1608"; VariantName = "[No Variations]"
Add component (AddParameter): Name = "E12"; Value = "1K0, 1K2, 1K5, 1K8, 2K2, 2K7, 3K3, 3K9, 4K7, 5K6, 6K8, 8K2"; VariantName = "[No Variations]"
Add component (AddParameter): Name = "Manufacturer"; Value = ""; VariantName = "[No Variations]"
Add component (AddParameter): Name = "Part Number"; Value = "R_0603_1%_xx"; VariantName = "[No Variations]"
Add component (AddParameter): Name = "Power_Dissipation"; Value = "100mW"; VariantName = "[No Variations]"
Add component (AddParameter): Name = "Tolerance"; Value = "1%"; VariantName = "[No Variations]"
Add component (AddParameter): Name = "Value"; Value = "xx"; VariantName = "[No Variations]"
Added Component: Designator=U1(SOIC-8)
Add component (AddParameter): Name = "Manufacturer"; Value = "ON Semiconductor"; VariantName = "[No Variations]"
Add component (AddParameter): Name = "Mouser Part Number"; Value = "863-LM393DG"; VariantName = "[No Variations]"
Add component (AddParameter): Name = "Package"; Value = "SOIC-8"; VariantName = "[No Variations]"
Add component (AddParameter): Name = "Part Number"; Value = "LM393DG"; VariantName = "[No Variations]"
Added Component: Designator=U2(SOIC-8)
Add component (AddParameter): Name = "Manufacturer"; Value = "ON Semiconductor"; VariantName = "[No Variations]"
Add component (AddParameter): Name = "Mouser Part Number"; Value = "863-LM393DG"; VariantName = "[No Variations]"
Add component (AddParameter): Name = "Package"; Value = "SOIC-8"; VariantName = "[No Variations]"
Add component (AddParameter): Name = "Part Number"; Value = "LM393DG"; VariantName = "[No Variations]"
Added Component: Designator=U3(SOIC-8)
Add component (AddParameter): Name = "Manufacturer"; Value = "ON Semiconductor"; VariantName = "[No Variations]"
Add component (AddParameter): Name = "Mouser Part Number"; Value = "863-LM393DG"; VariantName = "[No Variations]"
Add component (AddParameter): Name = "Package"; Value = "SOIC-8"; VariantName = "[No Variations]"
Add component (AddParameter): Name = "Part Number"; Value = "LM393DG"; VariantName = "[No Variations]"
Added Component: Designator=U4(SOIC-8)
Add component (AddParameter): Name = "Manufacturer"; Value = "ON Semiconductor"; VariantName = "[No Variations]"
Add component (AddParameter): Name = "Mouser Part Number"; Value = "863-LM393DG"; VariantName = "[No Variations]"
Add component (AddParameter): Name = "Package"; Value = "SOIC-8"; VariantName = "[No Variations]"
Add component (AddParameter): Name = "Part Number"; Value = "LM393DG"; VariantName = "[No Variations]"
Added Component: Designator=U5(SOIC-8)
Add component (AddParameter): Name = "Manufacturer"; Value = "ON Semiconductor"; VariantName = "[No Variations]"
Add component (AddParameter): Name = "Mouser Part Number"; Value = "863-LM393DG"; VariantName = "[No Variations]"
Add component (AddParameter): Name = "Package"; Value = "SOIC-8"; VariantName = "[No Variations]"
Add component (AddParameter): Name = "Part Number"; Value = "LM393DG"; VariantName = "[No Variations]"
Added Component: Designator=U6(SOIC-8)
Add component (AddParameter): Name = "Manufacturer"; Value = "ON Semiconductor"; VariantName = "[No Variations]"
Add component (AddParameter): Name = "Mouser Part Number"; Value = "863-LM393DG"; VariantName = "[No Variations]"
Add component (AddParameter): Name = "Package"; Value = "SOIC-8"; VariantName = "[No Variations]"
Add component (AddParameter): Name = "Part Number"; Value = "LM393DG"; VariantName = "[No Variations]"
Added Component: Designator=U7(SOIC-8)
Add component (AddParameter): Name = "Manufacturer"; Value = "ON Semiconductor"; VariantName = "[No Variations]"
Add component (AddParameter): Name = "Mouser Part Number"; Value = "863-LM393DG"; VariantName = "[No Variations]"
Add component (AddParameter): Name = "Package"; Value = "SOIC-8"; VariantName = "[No Variations]"
Add component (AddParameter): Name = "Part Number"; Value = "LM393DG"; VariantName = "[No Variations]"
Added Component: Designator=U8(SOIC-8)
Add component (AddParameter): Name = "Manufacturer"; Value = "ON Semiconductor"; VariantName = "[No Variations]"
Add component (AddParameter): Name = "Mouser Part Number"; Value = "863-LM393DG"; VariantName = "[No Variations]"
Add component (AddParameter): Name = "Package"; Value = "SOIC-8"; VariantName = "[No Variations]"
Add component (AddParameter): Name = "Part Number"; Value = "LM393DG"; VariantName = "[No Variations]"
Added Component: Designator=U_SR(FP-SOT109-1-MFG)
Add component (AddParameter): Name = "Ambient Temperature Range High"; Value = "+125°C"; VariantName = "[No Variations]"
Add component (AddParameter): Name = "Ambient Temperature Range Low"; Value = "-40°C"; VariantName = "[No Variations]"
Add component (AddParameter): Name = "Automotive"; Value = "No"; VariantName = "[No Variations]"
Add component (AddParameter): Name = "Category"; Value = "IC"; VariantName = "[No Variations]"
Add component (AddParameter): Name = "ComponentLink2Description"; Value = "Datasheet"; VariantName = "[No Variations]"
Add component (AddParameter): Name = "ComponentLink2URL"; Value = "https://assets.nexperia.com/documents/data-sheet/74HC_HCT165.pdf"; VariantName = "[No Variations]"
Add component (AddParameter): Name = "Device Class L1"; Value = "Integrated Circuits (ICs)"; VariantName = "[No Variations]"
Add component (AddParameter): Name = "Device Class L2"; Value = "Logic ICs"; VariantName = "[No Variations]"
Add component (AddParameter): Name = "Device Class L3"; Value = "Shift Registers"; VariantName = "[No Variations]"
Add component (AddParameter): Name = "Digikey Description"; Value = "IC SHIFT REGST 8BIT PI-SO 16SOIC"; VariantName = "[No Variations]"
Add component (AddParameter): Name = "Footprint Url"; Value = "https://assets.nexperia.com/documents/outline-drawing/SOT109-1.pdf"; VariantName = "[No Variations]"
Add component (AddParameter): Name = "Frequency"; Value = "61MHz"; VariantName = "[No Variations]"
Add component (AddParameter): Name = "Height"; Value = "1.75mm"; VariantName = "[No Variations]"
Add component (AddParameter): Name = "Ipc Land Pattern Name"; Value = "SOP127P600X175-16"; VariantName = "[No Variations]"
Add component (AddParameter): Name = "Lead Free"; Value = "Yes"; VariantName = "[No Variations]"
Add component (AddParameter): Name = "Logic Function Desc"; Value = "Shift Register"; VariantName = "[No Variations]"
Add component (AddParameter): Name = "Manufacturer"; Value = "Nexperia"; VariantName = "[No Variations]"
Add component (AddParameter): Name = "Manufacturer Part Number"; Value = "74HC165D,653"; VariantName = "[No Variations]"
Add component (AddParameter): Name = "Max Supply Voltage"; Value = "6V"; VariantName = "[No Variations]"
Add component (AddParameter): Name = "Min Supply Voltage"; Value = "2V"; VariantName = "[No Variations]"
Add component (AddParameter): Name = "Nominal Supply Current"; Value = "8uA"; VariantName = "[No Variations]"
Add component (AddParameter): Name = "Number Of Circuits"; Value = "1"; VariantName = "[No Variations]"
Add component (AddParameter): Name = "Number Of Inputs"; Value = "8"; VariantName = "[No Variations]"
Add component (AddParameter): Name = "Number Of Outputs"; Value = "1"; VariantName = "[No Variations]"
Add component (AddParameter): Name = "Octopart"; Value = "https://octopart.com/74hc165d%2C653-nexperia-78737091"; VariantName = "[No Variations]"
Add component (AddParameter): Name = "Package"; Value = "SOT109-1"; VariantName = "[No Variations]"
Add component (AddParameter): Name = "Propagation Delay"; Value = "15ns"; VariantName = "[No Variations]"
Add component (AddParameter): Name = "RoHS"; Value = "TRUE"; VariantName = "[No Variations]"
Add component (AddParameter): Name = "Standoff Height"; Value = "0.1mm"; VariantName = "[No Variations]"
Add component (AddParameter): Name = "Temperature"; Value = "-40°C to +125°C"; VariantName = "[No Variations]"
Add component (AddParameter): Name = "Temperature Range High"; Value = "+125°C"; VariantName = "[No Variations]"
Add component (AddParameter): Name = "Temperature Range Low"; Value = "-40°C"; VariantName = "[No Variations]"
Added Component: Designator=X1(MOLEX 42385-04 Female)
Add component (AddParameter): Name = "LatestRevisionDate"; Value = "17-Jul-2002"; VariantName = "[No Variations]"
Add component (AddParameter): Name = "LatestRevisionNote"; Value = "Re-released for DXP Platform."; VariantName = "[No Variations]"
Add component (AddParameter): Name = "Manufacturer"; Value = ""; VariantName = "[No Variations]"
Add component (AddParameter): Name = "Publisher"; Value = "Altium Limited"; VariantName = "[No Variations]"
Added Component: Designator=X2(MOLEX 42385-04 Female)
Add component (AddParameter): Name = "LatestRevisionDate"; Value = "17-Jul-2002"; VariantName = "[No Variations]"
Add component (AddParameter): Name = "LatestRevisionNote"; Value = "Re-released for DXP Platform."; VariantName = "[No Variations]"
Add component (AddParameter): Name = "Manufacturer"; Value = ""; VariantName = "[No Variations]"
Add component (AddParameter): Name = "Publisher"; Value = "Altium Limited"; VariantName = "[No Variations]"
Added Component: Designator=X3(MOLEX 42385-04 Female)
Add component (AddParameter): Name = "LatestRevisionDate"; Value = "17-Jul-2002"; VariantName = "[No Variations]"
Add component (AddParameter): Name = "LatestRevisionNote"; Value = "Re-released for DXP Platform."; VariantName = "[No Variations]"
Add component (AddParameter): Name = "Manufacturer"; Value = ""; VariantName = "[No Variations]"
Add component (AddParameter): Name = "Publisher"; Value = "Altium Limited"; VariantName = "[No Variations]"
Added Component: Designator=X4(MOLEX 42385-04 Female)
Add component (AddParameter): Name = "LatestRevisionDate"; Value = "17-Jul-2002"; VariantName = "[No Variations]"
Add component (AddParameter): Name = "LatestRevisionNote"; Value = "Re-released for DXP Platform."; VariantName = "[No Variations]"
Add component (AddParameter): Name = "Manufacturer"; Value = ""; VariantName = "[No Variations]"
Add component (AddParameter): Name = "Publisher"; Value = "Altium Limited"; VariantName = "[No Variations]"
Added Component: Designator=X5(MOLEX 42385-04 Female)
Add component (AddParameter): Name = "LatestRevisionDate"; Value = "17-Jul-2002"; VariantName = "[No Variations]"
Add component (AddParameter): Name = "LatestRevisionNote"; Value = "Re-released for DXP Platform."; VariantName = "[No Variations]"
Add component (AddParameter): Name = "Manufacturer"; Value = ""; VariantName = "[No Variations]"
Add component (AddParameter): Name = "Publisher"; Value = "Altium Limited"; VariantName = "[No Variations]"
Added Component: Designator=X6(MOLEX 42385-04 Female)
Add component (AddParameter): Name = "LatestRevisionDate"; Value = "17-Jul-2002"; VariantName = "[No Variations]"
Add component (AddParameter): Name = "LatestRevisionNote"; Value = "Re-released for DXP Platform."; VariantName = "[No Variations]"
Add component (AddParameter): Name = "Manufacturer"; Value = ""; VariantName = "[No Variations]"
Add component (AddParameter): Name = "Publisher"; Value = "Altium Limited"; VariantName = "[No Variations]"
Added Component: Designator=X7(MOLEX 42385-04 Female)
Add component (AddParameter): Name = "LatestRevisionDate"; Value = "17-Jul-2002"; VariantName = "[No Variations]"
Add component (AddParameter): Name = "LatestRevisionNote"; Value = "Re-released for DXP Platform."; VariantName = "[No Variations]"
Add component (AddParameter): Name = "Manufacturer"; Value = ""; VariantName = "[No Variations]"
Add component (AddParameter): Name = "Publisher"; Value = "Altium Limited"; VariantName = "[No Variations]"
Added Component: Designator=X8(MOLEX 42385-04 Female)
Add component (AddParameter): Name = "LatestRevisionDate"; Value = "17-Jul-2002"; VariantName = "[No Variations]"
Add component (AddParameter): Name = "LatestRevisionNote"; Value = "Re-released for DXP Platform."; VariantName = "[No Variations]"
Add component (AddParameter): Name = "Manufacturer"; Value = ""; VariantName = "[No Variations]"
Add component (AddParameter): Name = "Publisher"; Value = "Altium Limited"; VariantName = "[No Variations]"
Added Component: Designator=X_In(Samtec-IPL1-105-01-L-S-K)
Add component (AddParameter): Name = "Manufacturer"; Value = "Samtec"; VariantName = "[No Variations]"
Add component (AddParameter): Name = "Part Number"; Value = "IPL1-105-01-L-S-K"; VariantName = "[No Variations]"
Added Component: Designator=X_Out(Samtec-IPL1-105-01-L-S-K)
Add component (AddParameter): Name = "Manufacturer"; Value = "Samtec"; VariantName = "[No Variations]"
Add component (AddParameter): Name = "Part Number"; Value = "IPL1-105-01-L-S-K"; VariantName = "[No Variations]"
Added Pin To Net: NetName=CLK Pin=U_SR-2
Added Pin To Net: NetName=CLK Pin=X_In-3
Added Pin To Net: NetName=CLK Pin=X_Out-3
Added Net: Name=CLK
Added Pin To Net: NetName=GND Pin=R10-2
Added Pin To Net: NetName=GND Pin=R11-1
Added Pin To Net: NetName=GND Pin=R101-1
Added Pin To Net: NetName=GND Pin=R102-1
Added Pin To Net: NetName=GND Pin=R103-1
Added Pin To Net: NetName=GND Pin=R104-1
Added Pin To Net: NetName=GND Pin=R105-1
Added Pin To Net: NetName=GND Pin=R106-1
Added Pin To Net: NetName=GND Pin=R107-1
Added Pin To Net: NetName=GND Pin=R108-1
Added Pin To Net: NetName=GND Pin=U_SR-8
Added Pin To Net: NetName=GND Pin=U_SR-15
Added Pin To Net: NetName=GND Pin=U_SR-16
Added Pin To Net: NetName=GND Pin=X1-1
Added Pin To Net: NetName=GND Pin=X2-1
Added Pin To Net: NetName=GND Pin=X3-1
Added Pin To Net: NetName=GND Pin=X4-1
Added Pin To Net: NetName=GND Pin=X5-1
Added Pin To Net: NetName=GND Pin=X6-1
Added Pin To Net: NetName=GND Pin=X7-1
Added Pin To Net: NetName=GND Pin=X8-1
Added Pin To Net: NetName=GND Pin=X_In-4
Added Pin To Net: NetName=GND Pin=X_In-5
Added Pin To Net: NetName=GND Pin=X_Out-1
Added Pin To Net: NetName=GND Pin=X_Out-2
Added Net: Name=GND
Added Pin To Net: NetName=LED_In Pin=R1-1
Added Pin To Net: NetName=LED_In Pin=R2-1
Added Pin To Net: NetName=LED_In Pin=R3-1
Added Pin To Net: NetName=LED_In Pin=R4-1
Added Pin To Net: NetName=LED_In Pin=R5-1
Added Pin To Net: NetName=LED_In Pin=R6-1
Added Pin To Net: NetName=LED_In Pin=R7-1
Added Pin To Net: NetName=LED_In Pin=R8-1
Added Pin To Net: NetName=LED_In Pin=X_In-2
Added Pin To Net: NetName=LED_In Pin=X_Out-4
Added Net: Name=LED_In
Added Pin To Net: NetName=NetU1_1 Pin=U1-1
Added Pin To Net: NetName=NetU1_1 Pin=U_SR-11
Added Net: Name=NetU1_1
Added Pin To Net: NetName=NetU2_1 Pin=U2-1
Added Pin To Net: NetName=NetU2_1 Pin=U_SR-12
Added Net: Name=NetU2_1
Added Pin To Net: NetName=NetU3_1 Pin=U3-1
Added Pin To Net: NetName=NetU3_1 Pin=U_SR-13
Added Net: Name=NetU3_1
Added Pin To Net: NetName=NetU4_1 Pin=U4-1
Added Pin To Net: NetName=NetU4_1 Pin=U_SR-14
Added Net: Name=NetU4_1
Added Pin To Net: NetName=NetU5_1 Pin=U5-1
Added Pin To Net: NetName=NetU5_1 Pin=U_SR-3
Added Net: Name=NetU5_1
Added Pin To Net: NetName=NetU6_1 Pin=U6-1
Added Pin To Net: NetName=NetU6_1 Pin=U_SR-4
Added Net: Name=NetU6_1
Added Pin To Net: NetName=NetU7_1 Pin=U7-1
Added Pin To Net: NetName=NetU7_1 Pin=U_SR-5
Added Net: Name=NetU7_1
Added Pin To Net: NetName=NetU8_1 Pin=U8-1
Added Pin To Net: NetName=NetU8_1 Pin=U_SR-6
Added Net: Name=NetU8_1
Added Pin To Net: NetName=PRes1 Pin=R101-2
Added Pin To Net: NetName=PRes1 Pin=U1-2
Added Net: Name=PRes1
Added Pin To Net: NetName=PRes2 Pin=R102-2
Added Pin To Net: NetName=PRes2 Pin=U2-2
Added Net: Name=PRes2
Added Pin To Net: NetName=PRes3 Pin=R103-2
Added Pin To Net: NetName=PRes3 Pin=U3-2
Added Net: Name=PRes3
Added Pin To Net: NetName=PRes4 Pin=R104-2
Added Pin To Net: NetName=PRes4 Pin=U4-2
Added Net: Name=PRes4
Added Pin To Net: NetName=PRes5 Pin=R105-2
Added Pin To Net: NetName=PRes5 Pin=U5-2
Added Net: Name=PRes5
Added Pin To Net: NetName=PRes6 Pin=R106-2
Added Pin To Net: NetName=PRes6 Pin=U6-2
Added Net: Name=PRes6
Added Pin To Net: NetName=PRes7 Pin=R107-2
Added Pin To Net: NetName=PRes7 Pin=U7-2
Added Net: Name=PRes7
Added Pin To Net: NetName=PRes8 Pin=R108-2
Added Pin To Net: NetName=PRes8 Pin=U8-2
Added Net: Name=PRes8
Added Pin To Net: NetName=Serial_in Pin=U_SR-10
Added Pin To Net: NetName=Serial_in Pin=X_In-1
Added Net: Name=Serial_in
Added Pin To Net: NetName=Serial_Out Pin=U_SR-7
Added Pin To Net: NetName=Serial_Out Pin=X_Out-5
Added Net: Name=Serial_Out
Added Pin To Net: NetName=SHIFT Pin=U_SR-1
Added Net: Name=SHIFT
Added Pin To Net: NetName=V_Ref Pin=R10-1
Added Pin To Net: NetName=V_Ref Pin=R11-2
Added Pin To Net: NetName=V_Ref Pin=U1-3
Added Pin To Net: NetName=V_Ref Pin=U2-3
Added Pin To Net: NetName=V_Ref Pin=U3-3
Added Pin To Net: NetName=V_Ref Pin=U4-3
Added Pin To Net: NetName=V_Ref Pin=U5-3
Added Pin To Net: NetName=V_Ref Pin=U6-3
Added Pin To Net: NetName=V_Ref Pin=U7-3
Added Pin To Net: NetName=V_Ref Pin=U8-3
Added Net: Name=V_Ref
Added Member To Class: ClassName=Schieberegister_Trägerplatine Member=Component R1 R_0603_1%_xx
Added Member To Class: ClassName=Schieberegister_Trägerplatine Member=Component R2 R_0603_1%_xx
Added Member To Class: ClassName=Schieberegister_Trägerplatine Member=Component R3 R_0603_1%_xx
Added Member To Class: ClassName=Schieberegister_Trägerplatine Member=Component R4 R_0603_1%_xx
Added Member To Class: ClassName=Schieberegister_Trägerplatine Member=Component R5 R_0603_1%_xx
Added Member To Class: ClassName=Schieberegister_Trägerplatine Member=Component R6 R_0603_1%_xx
Added Member To Class: ClassName=Schieberegister_Trägerplatine Member=Component R7 R_0603_1%_xx
Added Member To Class: ClassName=Schieberegister_Trägerplatine Member=Component R8 R_0603_1%_xx
Added Member To Class: ClassName=Schieberegister_Trägerplatine Member=Component R10 R_0603_1%_xx
Added Member To Class: ClassName=Schieberegister_Trägerplatine Member=Component R11 R_0603_1%_xx
Added Member To Class: ClassName=Schieberegister_Trägerplatine Member=Component R101 R_0603_1%_xx
Added Member To Class: ClassName=Schieberegister_Trägerplatine Member=Component R102 R_0603_1%_xx
Added Member To Class: ClassName=Schieberegister_Trägerplatine Member=Component R103 R_0603_1%_xx
Added Member To Class: ClassName=Schieberegister_Trägerplatine Member=Component R104 R_0603_1%_xx
Added Member To Class: ClassName=Schieberegister_Trägerplatine Member=Component R105 R_0603_1%_xx
Added Member To Class: ClassName=Schieberegister_Trägerplatine Member=Component R106 R_0603_1%_xx
Added Member To Class: ClassName=Schieberegister_Trägerplatine Member=Component R107 R_0603_1%_xx
Added Member To Class: ClassName=Schieberegister_Trägerplatine Member=Component R108 R_0603_1%_xx
Added Member To Class: ClassName=Schieberegister_Trägerplatine Member=Component U1 LM393
Added Member To Class: ClassName=Schieberegister_Trägerplatine Member=Component U2 LM393
Added Member To Class: ClassName=Schieberegister_Trägerplatine Member=Component U3 LM393
Added Member To Class: ClassName=Schieberegister_Trägerplatine Member=Component U4 LM393
Added Member To Class: ClassName=Schieberegister_Trägerplatine Member=Component U5 LM393
Added Member To Class: ClassName=Schieberegister_Trägerplatine Member=Component U6 LM393
Added Member To Class: ClassName=Schieberegister_Trägerplatine Member=Component U7 LM393
Added Member To Class: ClassName=Schieberegister_Trägerplatine Member=Component U8 LM393
Added Member To Class: ClassName=Schieberegister_Trägerplatine Member=Component U_SR 74HC165D,653
Added Member To Class: ClassName=Schieberegister_Trägerplatine Member=Component X1 MOLEX 42385-04
Added Member To Class: ClassName=Schieberegister_Trägerplatine Member=Component X2 MOLEX 42385-04
Added Member To Class: ClassName=Schieberegister_Trägerplatine Member=Component X3 MOLEX 42385-04
Added Member To Class: ClassName=Schieberegister_Trägerplatine Member=Component X4 MOLEX 42385-04
Added Member To Class: ClassName=Schieberegister_Trägerplatine Member=Component X5 MOLEX 42385-04
Added Member To Class: ClassName=Schieberegister_Trägerplatine Member=Component X6 MOLEX 42385-04
Added Member To Class: ClassName=Schieberegister_Trägerplatine Member=Component X7 MOLEX 42385-04
Added Member To Class: ClassName=Schieberegister_Trägerplatine Member=Component X8 MOLEX 42385-04
Added Member To Class: ClassName=Schieberegister_Trägerplatine Member=Component X_In Samtec-IPL1-105-01-L-S-K
Added Member To Class: ClassName=Schieberegister_Trägerplatine Member=Component X_Out Samtec-IPL1-105-01-L-S-K
