Removed Pin From Net: NetName=GND Pin=D_1-1
Removed Pin From Net: NetName=GND Pin=D_2-1
Removed Pin From Net: NetName=GND Pin=D_3-1
Removed Pin From Net: NetName=GND Pin=D_4-1
Removed Pin From Net: NetName=GND Pin=D_5-1
Removed Pin From Net: NetName=GND Pin=D_6-1
Removed Pin From Net: NetName=GND Pin=D_7-1
Removed Pin From Net: NetName=GND Pin=D_8-1
Removed Pin From Net: NetName=GND Pin=D_Power-1
Removed Pin From Net: NetName=LED_Data_1 Pin=U_1-13
Removed Pin From Net: NetName=LED_Data_2 Pin=U_1-14
Removed Pin From Net: NetName=LED_Data_5 Pin=U_2-13
Removed Pin From Net: NetName=LED_Data_6 Pin=U_2-14
Removed Pin From Net: NetName=GND Pin=U_SR-1
Removed Pin From Net: NetName=VCC Pin=X1-1
Removed Pin From Net: NetName=R_Photo_1 Pin=X1-2
Removed Pin From Net: NetName=5V Pin=X1-3
Removed Pin From Net: NetName=LED1 Pin=X1-4
Removed Pin From Net: NetName=VCC Pin=X2-1
Removed Pin From Net: NetName=R_Photo_2 Pin=X2-2
Removed Pin From Net: NetName=5V Pin=X2-3
Removed Pin From Net: NetName=LED2 Pin=X2-4
Removed Pin From Net: NetName=VCC Pin=X3-1
Removed Pin From Net: NetName=R_Photo_3 Pin=X3-2
Removed Pin From Net: NetName=5V Pin=X3-3
Removed Pin From Net: NetName=LED3 Pin=X3-4
Removed Pin From Net: NetName=VCC Pin=X4-1
Removed Pin From Net: NetName=R_Photo_4 Pin=X4-2
Removed Pin From Net: NetName=5V Pin=X4-3
Removed Pin From Net: NetName=LED4 Pin=X4-4
Removed Pin From Net: NetName=VCC Pin=X5-1
Removed Pin From Net: NetName=R_Photo_5 Pin=X5-2
Removed Pin From Net: NetName=5V Pin=X5-3
Removed Pin From Net: NetName=LED5 Pin=X5-4
Removed Pin From Net: NetName=VCC Pin=X6-1
Removed Pin From Net: NetName=R_Photo_6 Pin=X6-2
Removed Pin From Net: NetName=5V Pin=X6-3
Removed Pin From Net: NetName=LED6 Pin=X6-4
Removed Pin From Net: NetName=VCC Pin=X7-1
Removed Pin From Net: NetName=R_Photo_7 Pin=X7-2
Removed Pin From Net: NetName=5V Pin=X7-3
Removed Pin From Net: NetName=LED7 Pin=X7-4
Removed Pin From Net: NetName=VCC Pin=X8-1
Removed Pin From Net: NetName=R_Photo_8 Pin=X8-2
Removed Pin From Net: NetName=5V Pin=X8-3
Removed Pin From Net: NetName=LED8 Pin=X8-4
Removed Pin From Net: NetName=5V Pin=X_In-1
Removed Pin From Net: NetName=Serial_in Pin=X_In-2
Removed Pin From Net: NetName=LED_Enable Pin=X_In-3
Removed Pin From Net: NetName=CLK Pin=X_In-4
Removed Pin From Net: NetName=VCC Pin=X_In-5
Removed Pin From Net: NetName=GND Pin=X_In-6
Change Component Footprint: Designator=X_In Old Footprint=Samtec-IPL1-106-01-L-S-K New Footprint=Samtec-IPL1-108-01-L-S-K
Change Component Footprint: Designator=X_Out Old Footprint=Samtec-IPL1-106-01-L-S-K New Footprint=Samtec-IPL1-108-01-L-S-K
Change Component Comment : Designator=R_Data1 Old Comment=R_0603_1%_xx New Comment=R_0603_1%_3k3
Change Component Comment : Designator=R_Data2 Old Comment=R_0603_1%_xx New Comment=R_0603_1%_3k3
Change Component Comment : Designator=R_Data3 Old Comment=R_0603_1%_xx New Comment=R_0603_1%_3k3
Change Component Comment : Designator=R_Data4 Old Comment=R_0603_1%_xx New Comment=R_0603_1%_3k3
Change Component Comment : Designator=R_Data5 Old Comment=R_0603_1%_xx New Comment=R_0603_1%_3k3
Change Component Comment : Designator=R_Data6 Old Comment=R_0603_1%_xx New Comment=R_0603_1%_3k3
Change Component Comment : Designator=R_Data7 Old Comment=R_0603_1%_xx New Comment=R_0603_1%_3k3
Change Component Comment : Designator=R_Data8 Old Comment=R_0603_1%_xx New Comment=R_0603_1%_3k3
Change Component Comment : Designator=R_Power Old Comment=R_0603_1%_xx New Comment=R_0603_1%_3k3
Change Component Comment : Designator=R1 Old Comment=R_0603_1%_xx New Comment=R___220
Change Component Comment : Designator=R2 Old Comment=R_0603_1%_xx New Comment=R___220
Change Component Comment : Designator=R3 Old Comment=R_0603_1%_xx New Comment=R___220
Change Component Comment : Designator=R4 Old Comment=R_0603_1%_xx New Comment=R___220
Change Component Comment : Designator=R5 Old Comment=R_0603_1%_xx New Comment=R___220
Change Component Comment : Designator=R6 Old Comment=R_0603_1%_xx New Comment=R___220
Change Component Comment : Designator=R7 Old Comment=R_0603_1%_xx New Comment=R___220
Change Component Comment : Designator=R8 Old Comment=R_0603_1%_xx New Comment=R___220
Change Component Comment : Designator=R102 Old Comment=R___=Value New Comment=2k7
Change Component Comment : Designator=R106 Old Comment=R___=Value New Comment=2k7
Change Component Comment : Designator=X_In Old Comment=Samtec-IPL1-106-01-L-S-K New Comment=Samtec-IPL1-108-01-L-S-K
Change Component Comment : Designator=X_Out Old Comment=Samtec-IPL1-106-01-L-S-K New Comment=Samtec-IPL1-108-01-L-S-K
Change component parameters: Designator = "R1" ("R1"); Footprint = "0603_resistor_flat"; UniqueID = "\TDLKLHFK" ("\TDLKLHFK")
Change component parameters (AddParameter): Name = "Case_Metric"; Value = "1608"; VariantName = "[No Variations]"
Change component parameters (AddParameter): Name = "E12"; Value = "1K0, 1K2, 1K5, 1K8, 2K2, 2K7, 3K3, 3K9, 4K7, 5K6, 6K8, 8K2"; VariantName = "[No Variations]"
Change component parameters (AddParameter): Name = "Manufacturer"; Value = ""; VariantName = "[No Variations]"
Change component parameters (AddParameter): Name = "Part Number"; Value = "R___220"; VariantName = "[No Variations]"
Change component parameters (AddParameter): Name = "Power_Dissipation"; Value = "100mW"; VariantName = "[No Variations]"
Change component parameters (AddParameter): Name = "Value"; Value = "220"; VariantName = "[No Variations]"
Change component parameters: Designator = "R2" ("R2"); Footprint = "0603_resistor_flat"; UniqueID = "\XTNJIWOZ" ("\XTNJIWOZ")
Change component parameters (AddParameter): Name = "Case_Metric"; Value = "1608"; VariantName = "[No Variations]"
Change component parameters (AddParameter): Name = "E12"; Value = "1K0, 1K2, 1K5, 1K8, 2K2, 2K7, 3K3, 3K9, 4K7, 5K6, 6K8, 8K2"; VariantName = "[No Variations]"
Change component parameters (AddParameter): Name = "Manufacturer"; Value = ""; VariantName = "[No Variations]"
Change component parameters (AddParameter): Name = "Part Number"; Value = "R___220"; VariantName = "[No Variations]"
Change component parameters (AddParameter): Name = "Power_Dissipation"; Value = "100mW"; VariantName = "[No Variations]"
Change component parameters (AddParameter): Name = "Value"; Value = "220"; VariantName = "[No Variations]"
Change component parameters: Designator = "R3" ("R3"); Footprint = "0603_resistor_flat"; UniqueID = "\SJCPNUBQ" ("\SJCPNUBQ")
Change component parameters (AddParameter): Name = "Case_Metric"; Value = "1608"; VariantName = "[No Variations]"
Change component parameters (AddParameter): Name = "E12"; Value = "1K0, 1K2, 1K5, 1K8, 2K2, 2K7, 3K3, 3K9, 4K7, 5K6, 6K8, 8K2"; VariantName = "[No Variations]"
Change component parameters (AddParameter): Name = "Manufacturer"; Value = ""; VariantName = "[No Variations]"
Change component parameters (AddParameter): Name = "Part Number"; Value = "R___220"; VariantName = "[No Variations]"
Change component parameters (AddParameter): Name = "Power_Dissipation"; Value = "100mW"; VariantName = "[No Variations]"
Change component parameters (AddParameter): Name = "Value"; Value = "220"; VariantName = "[No Variations]"
Change component parameters: Designator = "R4" ("R4"); Footprint = "0603_resistor_flat"; UniqueID = "\TRAMLZLT" ("\TRAMLZLT")
Change component parameters (AddParameter): Name = "Case_Metric"; Value = "1608"; VariantName = "[No Variations]"
Change component parameters (AddParameter): Name = "E12"; Value = "1K0, 1K2, 1K5, 1K8, 2K2, 2K7, 3K3, 3K9, 4K7, 5K6, 6K8, 8K2"; VariantName = "[No Variations]"
Change component parameters (AddParameter): Name = "Manufacturer"; Value = ""; VariantName = "[No Variations]"
Change component parameters (AddParameter): Name = "Part Number"; Value = "R___220"; VariantName = "[No Variations]"
Change component parameters (AddParameter): Name = "Power_Dissipation"; Value = "100mW"; VariantName = "[No Variations]"
Change component parameters (AddParameter): Name = "Value"; Value = "220"; VariantName = "[No Variations]"
Change component parameters: Designator = "R5" ("R5"); Footprint = "0603_resistor_flat"; UniqueID = "\XZNJFNTM" ("\XZNJFNTM")
Change component parameters (AddParameter): Name = "Case_Metric"; Value = "1608"; VariantName = "[No Variations]"
Change component parameters (AddParameter): Name = "E12"; Value = "1K0, 1K2, 1K5, 1K8, 2K2, 2K7, 3K3, 3K9, 4K7, 5K6, 6K8, 8K2"; VariantName = "[No Variations]"
Change component parameters (AddParameter): Name = "Manufacturer"; Value = ""; VariantName = "[No Variations]"
Change component parameters (AddParameter): Name = "Part Number"; Value = "R___220"; VariantName = "[No Variations]"
Change component parameters (AddParameter): Name = "Power_Dissipation"; Value = "100mW"; VariantName = "[No Variations]"
Change component parameters (AddParameter): Name = "Value"; Value = "220"; VariantName = "[No Variations]"
Change component parameters: Designator = "R6" ("R6"); Footprint = "0603_resistor_flat"; UniqueID = "\DXKNISBO" ("\DXKNISBO")
Change component parameters (AddParameter): Name = "Case_Metric"; Value = "1608"; VariantName = "[No Variations]"
Change component parameters (AddParameter): Name = "E12"; Value = "1K0, 1K2, 1K5, 1K8, 2K2, 2K7, 3K3, 3K9, 4K7, 5K6, 6K8, 8K2"; VariantName = "[No Variations]"
Change component parameters (AddParameter): Name = "Manufacturer"; Value = ""; VariantName = "[No Variations]"
Change component parameters (AddParameter): Name = "Part Number"; Value = "R___220"; VariantName = "[No Variations]"
Change component parameters (AddParameter): Name = "Power_Dissipation"; Value = "100mW"; VariantName = "[No Variations]"
Change component parameters (AddParameter): Name = "Value"; Value = "220"; VariantName = "[No Variations]"
Change component parameters: Designator = "R7" ("R7"); Footprint = "0603_resistor_flat"; UniqueID = "\QZWABAHU" ("\QZWABAHU")
Change component parameters (AddParameter): Name = "Case_Metric"; Value = "1608"; VariantName = "[No Variations]"
Change component parameters (AddParameter): Name = "E12"; Value = "1K0, 1K2, 1K5, 1K8, 2K2, 2K7, 3K3, 3K9, 4K7, 5K6, 6K8, 8K2"; VariantName = "[No Variations]"
Change component parameters (AddParameter): Name = "Manufacturer"; Value = ""; VariantName = "[No Variations]"
Change component parameters (AddParameter): Name = "Part Number"; Value = "R___220"; VariantName = "[No Variations]"
Change component parameters (AddParameter): Name = "Power_Dissipation"; Value = "100mW"; VariantName = "[No Variations]"
Change component parameters (AddParameter): Name = "Value"; Value = "220"; VariantName = "[No Variations]"
Change component parameters: Designator = "R8" ("R8"); Footprint = "0603_resistor_flat"; UniqueID = "\LZNQBUFL" ("\LZNQBUFL")
Change component parameters (AddParameter): Name = "Case_Metric"; Value = "1608"; VariantName = "[No Variations]"
Change component parameters (AddParameter): Name = "E12"; Value = "1K0, 1K2, 1K5, 1K8, 2K2, 2K7, 3K3, 3K9, 4K7, 5K6, 6K8, 8K2"; VariantName = "[No Variations]"
Change component parameters (AddParameter): Name = "Manufacturer"; Value = ""; VariantName = "[No Variations]"
Change component parameters (AddParameter): Name = "Part Number"; Value = "R___220"; VariantName = "[No Variations]"
Change component parameters (AddParameter): Name = "Power_Dissipation"; Value = "100mW"; VariantName = "[No Variations]"
Change component parameters (AddParameter): Name = "Value"; Value = "220"; VariantName = "[No Variations]"
Change component parameters: Designator = "R_Data1" ("R_Data1"); Footprint = "0603_resistor_flat"; UniqueID = "\UWEIGAZI" ("\UWEIGAZI")
Change component parameters (AddParameter): Name = "Case_EIA"; Value = "0603"; VariantName = "[No Variations]"
Change component parameters (AddParameter): Name = "Case_Metric"; Value = "1608"; VariantName = "[No Variations]"
Change component parameters (AddParameter): Name = "E12"; Value = "1K0, 1K2, 1K5, 1K8, 2K2, 2K7, 3K3, 3K9, 4K7, 5K6, 6K8, 8K2"; VariantName = "[No Variations]"
Change component parameters (AddParameter): Name = "Manufacturer"; Value = ""; VariantName = "[No Variations]"
Change component parameters (AddParameter): Name = "Part Number"; Value = "R_0603_1%_3k3"; VariantName = "[No Variations]"
Change component parameters (AddParameter): Name = "Power_Dissipation"; Value = "100mW"; VariantName = "[No Variations]"
Change component parameters (AddParameter): Name = "Tolerance"; Value = "1%"; VariantName = "[No Variations]"
Change component parameters (AddParameter): Name = "Value"; Value = "3k3"; VariantName = "[No Variations]"
Change component parameters: Designator = "R_Data2" ("R_Data2"); Footprint = "0603_resistor_flat"; UniqueID = "\MPRXTLGM" ("\MPRXTLGM")
Change component parameters (AddParameter): Name = "Case_EIA"; Value = "0603"; VariantName = "[No Variations]"
Change component parameters (AddParameter): Name = "Case_Metric"; Value = "1608"; VariantName = "[No Variations]"
Change component parameters (AddParameter): Name = "E12"; Value = "1K0, 1K2, 1K5, 1K8, 2K2, 2K7, 3K3, 3K9, 4K7, 5K6, 6K8, 8K2"; VariantName = "[No Variations]"
Change component parameters (AddParameter): Name = "Manufacturer"; Value = ""; VariantName = "[No Variations]"
Change component parameters (AddParameter): Name = "Part Number"; Value = "R_0603_1%_3k3"; VariantName = "[No Variations]"
Change component parameters (AddParameter): Name = "Power_Dissipation"; Value = "100mW"; VariantName = "[No Variations]"
Change component parameters (AddParameter): Name = "Tolerance"; Value = "1%"; VariantName = "[No Variations]"
Change component parameters (AddParameter): Name = "Value"; Value = "3k3"; VariantName = "[No Variations]"
Change component parameters: Designator = "R_Data3" ("R_Data3"); Footprint = "0603_resistor_flat"; UniqueID = "\MRPSRFWW" ("\MRPSRFWW")
Change component parameters (AddParameter): Name = "Case_EIA"; Value = "0603"; VariantName = "[No Variations]"
Change component parameters (AddParameter): Name = "Case_Metric"; Value = "1608"; VariantName = "[No Variations]"
Change component parameters (AddParameter): Name = "E12"; Value = "1K0, 1K2, 1K5, 1K8, 2K2, 2K7, 3K3, 3K9, 4K7, 5K6, 6K8, 8K2"; VariantName = "[No Variations]"
Change component parameters (AddParameter): Name = "Manufacturer"; Value = ""; VariantName = "[No Variations]"
Change component parameters (AddParameter): Name = "Part Number"; Value = "R_0603_1%_3k3"; VariantName = "[No Variations]"
Change component parameters (AddParameter): Name = "Power_Dissipation"; Value = "100mW"; VariantName = "[No Variations]"
Change component parameters (AddParameter): Name = "Tolerance"; Value = "1%"; VariantName = "[No Variations]"
Change component parameters (AddParameter): Name = "Value"; Value = "3k3"; VariantName = "[No Variations]"
Change component parameters: Designator = "R_Data4" ("R_Data4"); Footprint = "0603_resistor_flat"; UniqueID = "\MVDYTAIP" ("\MVDYTAIP")
Change component parameters (AddParameter): Name = "Case_EIA"; Value = "0603"; VariantName = "[No Variations]"
Change component parameters (AddParameter): Name = "Case_Metric"; Value = "1608"; VariantName = "[No Variations]"
Change component parameters (AddParameter): Name = "E12"; Value = "1K0, 1K2, 1K5, 1K8, 2K2, 2K7, 3K3, 3K9, 4K7, 5K6, 6K8, 8K2"; VariantName = "[No Variations]"
Change component parameters (AddParameter): Name = "Manufacturer"; Value = ""; VariantName = "[No Variations]"
Change component parameters (AddParameter): Name = "Part Number"; Value = "R_0603_1%_3k3"; VariantName = "[No Variations]"
Change component parameters (AddParameter): Name = "Power_Dissipation"; Value = "100mW"; VariantName = "[No Variations]"
Change component parameters (AddParameter): Name = "Tolerance"; Value = "1%"; VariantName = "[No Variations]"
Change component parameters (AddParameter): Name = "Value"; Value = "3k3"; VariantName = "[No Variations]"
Change component parameters: Designator = "R_Data5" ("R_Data5"); Footprint = "0603_resistor_flat"; UniqueID = "\SYDVOLQW" ("\SYDVOLQW")
Change component parameters (AddParameter): Name = "Case_EIA"; Value = "0603"; VariantName = "[No Variations]"
Change component parameters (AddParameter): Name = "Case_Metric"; Value = "1608"; VariantName = "[No Variations]"
Change component parameters (AddParameter): Name = "E12"; Value = "1K0, 1K2, 1K5, 1K8, 2K2, 2K7, 3K3, 3K9, 4K7, 5K6, 6K8, 8K2"; VariantName = "[No Variations]"
Change component parameters (AddParameter): Name = "Manufacturer"; Value = ""; VariantName = "[No Variations]"
Change component parameters (AddParameter): Name = "Part Number"; Value = "R_0603_1%_3k3"; VariantName = "[No Variations]"
Change component parameters (AddParameter): Name = "Power_Dissipation"; Value = "100mW"; VariantName = "[No Variations]"
Change component parameters (AddParameter): Name = "Tolerance"; Value = "1%"; VariantName = "[No Variations]"
Change component parameters (AddParameter): Name = "Value"; Value = "3k3"; VariantName = "[No Variations]"
Change component parameters: Designator = "R_Data6" ("R_Data6"); Footprint = "0603_resistor_flat"; UniqueID = "\YWMNHKMP" ("\YWMNHKMP")
Change component parameters (AddParameter): Name = "Case_EIA"; Value = "0603"; VariantName = "[No Variations]"
Change component parameters (AddParameter): Name = "Case_Metric"; Value = "1608"; VariantName = "[No Variations]"
Change component parameters (AddParameter): Name = "E12"; Value = "1K0, 1K2, 1K5, 1K8, 2K2, 2K7, 3K3, 3K9, 4K7, 5K6, 6K8, 8K2"; VariantName = "[No Variations]"
Change component parameters (AddParameter): Name = "Manufacturer"; Value = ""; VariantName = "[No Variations]"
Change component parameters (AddParameter): Name = "Part Number"; Value = "R_0603_1%_3k3"; VariantName = "[No Variations]"
Change component parameters (AddParameter): Name = "Power_Dissipation"; Value = "100mW"; VariantName = "[No Variations]"
Change component parameters (AddParameter): Name = "Tolerance"; Value = "1%"; VariantName = "[No Variations]"
Change component parameters (AddParameter): Name = "Value"; Value = "3k3"; VariantName = "[No Variations]"
Change component parameters: Designator = "R_Data7" ("R_Data7"); Footprint = "0603_resistor_flat"; UniqueID = "\WPMIHZCG" ("\WPMIHZCG")
Change component parameters (AddParameter): Name = "Case_EIA"; Value = "0603"; VariantName = "[No Variations]"
Change component parameters (AddParameter): Name = "Case_Metric"; Value = "1608"; VariantName = "[No Variations]"
Change component parameters (AddParameter): Name = "E12"; Value = "1K0, 1K2, 1K5, 1K8, 2K2, 2K7, 3K3, 3K9, 4K7, 5K6, 6K8, 8K2"; VariantName = "[No Variations]"
Change component parameters (AddParameter): Name = "Manufacturer"; Value = ""; VariantName = "[No Variations]"
Change component parameters (AddParameter): Name = "Part Number"; Value = "R_0603_1%_3k3"; VariantName = "[No Variations]"
Change component parameters (AddParameter): Name = "Power_Dissipation"; Value = "100mW"; VariantName = "[No Variations]"
Change component parameters (AddParameter): Name = "Tolerance"; Value = "1%"; VariantName = "[No Variations]"
Change component parameters (AddParameter): Name = "Value"; Value = "3k3"; VariantName = "[No Variations]"
Change component parameters: Designator = "R_Data8" ("R_Data8"); Footprint = "0603_resistor_flat"; UniqueID = "\KCJRWHKX" ("\KCJRWHKX")
Change component parameters (AddParameter): Name = "Case_EIA"; Value = "0603"; VariantName = "[No Variations]"
Change component parameters (AddParameter): Name = "Case_Metric"; Value = "1608"; VariantName = "[No Variations]"
Change component parameters (AddParameter): Name = "E12"; Value = "1K0, 1K2, 1K5, 1K8, 2K2, 2K7, 3K3, 3K9, 4K7, 5K6, 6K8, 8K2"; VariantName = "[No Variations]"
Change component parameters (AddParameter): Name = "Manufacturer"; Value = ""; VariantName = "[No Variations]"
Change component parameters (AddParameter): Name = "Part Number"; Value = "R_0603_1%_3k3"; VariantName = "[No Variations]"
Change component parameters (AddParameter): Name = "Power_Dissipation"; Value = "100mW"; VariantName = "[No Variations]"
Change component parameters (AddParameter): Name = "Tolerance"; Value = "1%"; VariantName = "[No Variations]"
Change component parameters (AddParameter): Name = "Value"; Value = "3k3"; VariantName = "[No Variations]"
Change component parameters: Designator = "R_Power" ("R_Power"); Footprint = "0603_resistor_flat"; UniqueID = "\KQIFPWFZ" ("\KQIFPWFZ")
Change component parameters (AddParameter): Name = "Case_EIA"; Value = "0603"; VariantName = "[No Variations]"
Change component parameters (AddParameter): Name = "Case_Metric"; Value = "1608"; VariantName = "[No Variations]"
Change component parameters (AddParameter): Name = "E12"; Value = "1K0, 1K2, 1K5, 1K8, 2K2, 2K7, 3K3, 3K9, 4K7, 5K6, 6K8, 8K2"; VariantName = "[No Variations]"
Change component parameters (AddParameter): Name = "Manufacturer"; Value = ""; VariantName = "[No Variations]"
Change component parameters (AddParameter): Name = "Part Number"; Value = "R_0603_1%_3k3"; VariantName = "[No Variations]"
Change component parameters (AddParameter): Name = "Power_Dissipation"; Value = "100mW"; VariantName = "[No Variations]"
Change component parameters (AddParameter): Name = "Tolerance"; Value = "1%"; VariantName = "[No Variations]"
Change component parameters (AddParameter): Name = "Value"; Value = "3k3"; VariantName = "[No Variations]"
Change component parameters: Designator = "X_In" ("X_In"); Footprint = "Samtec-IPL1-106-01-L-S-K"; UniqueID = "\NAHOMLSA" ("\NAHOMLSA")
Change component parameters (AddParameter): Name = "LatestRevisionDate"; Value = "17-Jul-2002"; VariantName = "[No Variations]"
Change component parameters (AddParameter): Name = "LatestRevisionNote"; Value = "Re-released for DXP Platform."; VariantName = "[No Variations]"
Change component parameters (AddParameter): Name = "Manufacturer"; Value = ""; VariantName = "[No Variations]"
Change component parameters (AddParameter): Name = "Publisher"; Value = "Altium Limited"; VariantName = "[No Variations]"
Change component parameters (AddParameter): Name = "Value"; Value = "Samtec-IPL1-108-01-L-S-K"; VariantName = "[No Variations]"
Change component parameters: Designator = "X_Out" ("X_Out"); Footprint = "Samtec-IPL1-106-01-L-S-K"; UniqueID = "\UQRRQCZS" ("\UQRRQCZS")
Change component parameters (AddParameter): Name = "LatestRevisionDate"; Value = "17-Jul-2002"; VariantName = "[No Variations]"
Change component parameters (AddParameter): Name = "LatestRevisionNote"; Value = "Re-released for DXP Platform."; VariantName = "[No Variations]"
Change component parameters (AddParameter): Name = "Manufacturer"; Value = ""; VariantName = "[No Variations]"
Change component parameters (AddParameter): Name = "Publisher"; Value = "Altium Limited"; VariantName = "[No Variations]"
Change component parameters (AddParameter): Name = "Value"; Value = "Samtec-IPL1-108-01-L-S-K"; VariantName = "[No Variations]"
Added Component: Designator=LED_1(150060XX75000)
Add component (AddParameter): Name = "Case_EIA"; Value = "0603"; VariantName = "[No Variations]"
Add component (AddParameter): Name = "Color"; Value = ""; VariantName = "[No Variations]"
Add component (AddParameter): Name = "Manufacturer"; Value = "Würth"; VariantName = "[No Variations]"
Add component (AddParameter): Name = "Part Number"; Value = "150060*75000"; VariantName = "[No Variations]"
Add component (AddParameter): Name = "possible_colors"; Value = "BS, GS, RS, SS, VS, YS"; VariantName = "[No Variations]"
Added Component: Designator=LED_2(150060XX75000)
Add component (AddParameter): Name = "Case_EIA"; Value = "0603"; VariantName = "[No Variations]"
Add component (AddParameter): Name = "Color"; Value = ""; VariantName = "[No Variations]"
Add component (AddParameter): Name = "Manufacturer"; Value = "Würth"; VariantName = "[No Variations]"
Add component (AddParameter): Name = "Part Number"; Value = "150060*75000"; VariantName = "[No Variations]"
Add component (AddParameter): Name = "possible_colors"; Value = "BS, GS, RS, SS, VS, YS"; VariantName = "[No Variations]"
Added Component: Designator=LED_3(150060XX75000)
Add component (AddParameter): Name = "Case_EIA"; Value = "0603"; VariantName = "[No Variations]"
Add component (AddParameter): Name = "Color"; Value = ""; VariantName = "[No Variations]"
Add component (AddParameter): Name = "Manufacturer"; Value = "Würth"; VariantName = "[No Variations]"
Add component (AddParameter): Name = "Part Number"; Value = "150060*75000"; VariantName = "[No Variations]"
Add component (AddParameter): Name = "possible_colors"; Value = "BS, GS, RS, SS, VS, YS"; VariantName = "[No Variations]"
Added Component: Designator=LED_4(150060XX75000)
Add component (AddParameter): Name = "Case_EIA"; Value = "0603"; VariantName = "[No Variations]"
Add component (AddParameter): Name = "Color"; Value = ""; VariantName = "[No Variations]"
Add component (AddParameter): Name = "Manufacturer"; Value = "Würth"; VariantName = "[No Variations]"
Add component (AddParameter): Name = "Part Number"; Value = "150060*75000"; VariantName = "[No Variations]"
Add component (AddParameter): Name = "possible_colors"; Value = "BS, GS, RS, SS, VS, YS"; VariantName = "[No Variations]"
Added Component: Designator=LED_5(150060XX75000)
Add component (AddParameter): Name = "Case_EIA"; Value = "0603"; VariantName = "[No Variations]"
Add component (AddParameter): Name = "Color"; Value = ""; VariantName = "[No Variations]"
Add component (AddParameter): Name = "Manufacturer"; Value = "Würth"; VariantName = "[No Variations]"
Add component (AddParameter): Name = "Part Number"; Value = "150060*75000"; VariantName = "[No Variations]"
Add component (AddParameter): Name = "possible_colors"; Value = "BS, GS, RS, SS, VS, YS"; VariantName = "[No Variations]"
Added Component: Designator=LED_6(150060XX75000)
Add component (AddParameter): Name = "Case_EIA"; Value = "0603"; VariantName = "[No Variations]"
Add component (AddParameter): Name = "Color"; Value = ""; VariantName = "[No Variations]"
Add component (AddParameter): Name = "Manufacturer"; Value = "Würth"; VariantName = "[No Variations]"
Add component (AddParameter): Name = "Part Number"; Value = "150060*75000"; VariantName = "[No Variations]"
Add component (AddParameter): Name = "possible_colors"; Value = "BS, GS, RS, SS, VS, YS"; VariantName = "[No Variations]"
Added Component: Designator=LED_7(150060XX75000)
Add component (AddParameter): Name = "Case_EIA"; Value = "0603"; VariantName = "[No Variations]"
Add component (AddParameter): Name = "Color"; Value = ""; VariantName = "[No Variations]"
Add component (AddParameter): Name = "Manufacturer"; Value = "Würth"; VariantName = "[No Variations]"
Add component (AddParameter): Name = "Part Number"; Value = "150060*75000"; VariantName = "[No Variations]"
Add component (AddParameter): Name = "possible_colors"; Value = "BS, GS, RS, SS, VS, YS"; VariantName = "[No Variations]"
Added Component: Designator=LED_8(150060XX75000)
Add component (AddParameter): Name = "Case_EIA"; Value = "0603"; VariantName = "[No Variations]"
Add component (AddParameter): Name = "Color"; Value = ""; VariantName = "[No Variations]"
Add component (AddParameter): Name = "Manufacturer"; Value = "Würth"; VariantName = "[No Variations]"
Add component (AddParameter): Name = "Part Number"; Value = "150060*75000"; VariantName = "[No Variations]"
Add component (AddParameter): Name = "possible_colors"; Value = "BS, GS, RS, SS, VS, YS"; VariantName = "[No Variations]"
Added Component: Designator=LED_Power(150060XX75000)
Add component (AddParameter): Name = "Case_EIA"; Value = "0603"; VariantName = "[No Variations]"
Add component (AddParameter): Name = "Color"; Value = ""; VariantName = "[No Variations]"
Add component (AddParameter): Name = "Manufacturer"; Value = "Würth"; VariantName = "[No Variations]"
Add component (AddParameter): Name = "Part Number"; Value = "150060*75000"; VariantName = "[No Variations]"
Add component (AddParameter): Name = "possible_colors"; Value = "BS, GS, RS, SS, VS, YS"; VariantName = "[No Variations]"
Added Component: Designator=X_Data_14(Samtec-IPL1-108-01-L-D-K)
Add component (AddParameter): Name = "LatestRevisionDate"; Value = "17-Jul-2002"; VariantName = "[No Variations]"
Add component (AddParameter): Name = "LatestRevisionNote"; Value = "Re-released for DXP Platform."; VariantName = "[No Variations]"
Add component (AddParameter): Name = "Manufacturer"; Value = ""; VariantName = "[No Variations]"
Add component (AddParameter): Name = "Publisher"; Value = "Altium Limited"; VariantName = "[No Variations]"
Add component (AddParameter): Name = "Value"; Value = "Samtec"; VariantName = "[No Variations]"
Added Component: Designator=X_Data_58(Samtec-IPL1-108-01-L-D-K)
Add component (AddParameter): Name = "LatestRevisionDate"; Value = "17-Jul-2002"; VariantName = "[No Variations]"
Add component (AddParameter): Name = "LatestRevisionNote"; Value = "Re-released for DXP Platform."; VariantName = "[No Variations]"
Add component (AddParameter): Name = "Manufacturer"; Value = ""; VariantName = "[No Variations]"
Add component (AddParameter): Name = "Publisher"; Value = "Altium Limited"; VariantName = "[No Variations]"
Add component (AddParameter): Name = "Value"; Value = "Samtec"; VariantName = "[No Variations]"
Added Pin To Net: NetName=GND Pin=LED_1-1
Added Pin To Net: NetName=GND Pin=LED_2-1
Added Pin To Net: NetName=GND Pin=LED_3-1
Added Pin To Net: NetName=GND Pin=LED_4-1
Added Pin To Net: NetName=GND Pin=LED_5-1
Added Pin To Net: NetName=GND Pin=LED_6-1
Added Pin To Net: NetName=GND Pin=LED_7-1
Added Pin To Net: NetName=GND Pin=LED_8-1
Added Pin To Net: NetName=GND Pin=LED_Power-1
Added Pin To Net: NetName=LED_Data_2 Pin=U_1-13
Added Pin To Net: NetName=LED_Data_1 Pin=U_1-14
Added Pin To Net: NetName=LED_Data_6 Pin=U_2-13
Added Pin To Net: NetName=LED_Data_5 Pin=U_2-14
Added Pin To Net: NetName=R_Photo_4 Pin=X_Data_14-1
Added Pin To Net: NetName=LED4 Pin=X_Data_14-2
Added Pin To Net: NetName=R_Photo_3 Pin=X_Data_14-3
Added Pin To Net: NetName=LED3 Pin=X_Data_14-4
Added Pin To Net: NetName=R_Photo_2 Pin=X_Data_14-5
Added Pin To Net: NetName=LED2 Pin=X_Data_14-6
Added Pin To Net: NetName=R_Photo_1 Pin=X_Data_14-7
Added Pin To Net: NetName=LED1 Pin=X_Data_14-8
Added Pin To Net: NetName=VCC Pin=X_Data_14-9
Added Pin To Net: NetName=5V Pin=X_Data_14-10
Added Pin To Net: NetName=VCC Pin=X_Data_14-11
Added Pin To Net: NetName=5V Pin=X_Data_14-12
Added Pin To Net: NetName=VCC Pin=X_Data_14-13
Added Pin To Net: NetName=5V Pin=X_Data_14-14
Added Pin To Net: NetName=VCC Pin=X_Data_14-15
Added Pin To Net: NetName=5V Pin=X_Data_14-16
Added Pin To Net: NetName=VCC Pin=X_Data_58-1
Added Pin To Net: NetName=5V Pin=X_Data_58-2
Added Pin To Net: NetName=VCC Pin=X_Data_58-3
Added Pin To Net: NetName=5V Pin=X_Data_58-4
Added Pin To Net: NetName=VCC Pin=X_Data_58-5
Added Pin To Net: NetName=5V Pin=X_Data_58-6
Added Pin To Net: NetName=VCC Pin=X_Data_58-7
Added Pin To Net: NetName=5V Pin=X_Data_58-8
Added Pin To Net: NetName=R_Photo_8 Pin=X_Data_58-9
Added Pin To Net: NetName=LED8 Pin=X_Data_58-10
Added Pin To Net: NetName=R_Photo_7 Pin=X_Data_58-11
Added Pin To Net: NetName=LED7 Pin=X_Data_58-12
Added Pin To Net: NetName=R_Photo_6 Pin=X_Data_58-13
Added Pin To Net: NetName=LED6 Pin=X_Data_58-14
Added Pin To Net: NetName=R_Photo_5 Pin=X_Data_58-15
Added Pin To Net: NetName=LED5 Pin=X_Data_58-16
Added Pin To Net: NetName=5V Pin=X_In-3
Added Pin To Net: NetName=Serial_in Pin=X_In-4
Added Pin To Net: NetName=LED_Enable Pin=X_In-5
Added Pin To Net: NetName=CLK Pin=X_In-6
Added Pin To Net: NetName=VCC Pin=X_In-7
Added Pin To Net: NetName=GND Pin=X_In-8
Added Pin To Net: NetName=NetLED_1_2 Pin=LED_1-2
Added Pin To Net: NetName=NetLED_1_2 Pin=R_Data1-1
Added Net: Name=NetLED_1_2
Added Pin To Net: NetName=NetLED_2_2 Pin=LED_2-2
Added Pin To Net: NetName=NetLED_2_2 Pin=R_Data2-1
Added Net: Name=NetLED_2_2
Added Pin To Net: NetName=NetLED_3_2 Pin=LED_3-2
Added Pin To Net: NetName=NetLED_3_2 Pin=R_Data3-1
Added Net: Name=NetLED_3_2
Added Pin To Net: NetName=NetLED_4_2 Pin=LED_4-2
Added Pin To Net: NetName=NetLED_4_2 Pin=R_Data4-1
Added Net: Name=NetLED_4_2
Added Pin To Net: NetName=NetLED_5_2 Pin=LED_5-2
Added Pin To Net: NetName=NetLED_5_2 Pin=R_Data5-1
Added Net: Name=NetLED_5_2
Added Pin To Net: NetName=NetLED_6_2 Pin=LED_6-2
Added Pin To Net: NetName=NetLED_6_2 Pin=R_Data6-1
Added Net: Name=NetLED_6_2
Added Pin To Net: NetName=NetLED_7_2 Pin=LED_7-2
Added Pin To Net: NetName=NetLED_7_2 Pin=R_Data7-1
Added Net: Name=NetLED_7_2
Added Pin To Net: NetName=NetLED_8_2 Pin=LED_8-2
Added Pin To Net: NetName=NetLED_8_2 Pin=R_Data8-1
Added Net: Name=NetLED_8_2
Added Pin To Net: NetName=NetLED_Power_2 Pin=LED_Power-2
Added Pin To Net: NetName=NetLED_Power_2 Pin=R_Power-1
Added Net: Name=NetLED_Power_2
Added Pin To Net: NetName=Serial_Shift Pin=U_SR-1
Added Pin To Net: NetName=Serial_Shift Pin=X_In-2
Added Pin To Net: NetName=Serial_Shift Pin=X_Out-7
Added Net: Name=Serial_Shift
Added Member To Class: ClassName=Schieberegister_Trägerplatine Member=Component LED_1 150060*75000
Added Member To Class: ClassName=Schieberegister_Trägerplatine Member=Component LED_2 150060*75000
Added Member To Class: ClassName=Schieberegister_Trägerplatine Member=Component LED_3 150060*75000
Added Member To Class: ClassName=Schieberegister_Trägerplatine Member=Component LED_4 150060*75000
Added Member To Class: ClassName=Schieberegister_Trägerplatine Member=Component LED_5 150060*75000
Added Member To Class: ClassName=Schieberegister_Trägerplatine Member=Component LED_6 150060*75000
Added Member To Class: ClassName=Schieberegister_Trägerplatine Member=Component LED_7 150060*75000
Added Member To Class: ClassName=Schieberegister_Trägerplatine Member=Component LED_8 150060*75000
Added Member To Class: ClassName=Schieberegister_Trägerplatine Member=Component LED_Power 150060*75000
Added Member To Class: ClassName=Schieberegister_Trägerplatine Member=Component Q_LED AO3418
Added Member To Class: ClassName=Schieberegister_Trägerplatine Member=Component R1 R___220
Added Member To Class: ClassName=Schieberegister_Trägerplatine Member=Component R2 R___220
Added Member To Class: ClassName=Schieberegister_Trägerplatine Member=Component R3 R___220
Added Member To Class: ClassName=Schieberegister_Trägerplatine Member=Component R4 R___220
Added Member To Class: ClassName=Schieberegister_Trägerplatine Member=Component R5 R___220
Added Member To Class: ClassName=Schieberegister_Trägerplatine Member=Component R6 R___220
Added Member To Class: ClassName=Schieberegister_Trägerplatine Member=Component R7 R___220
Added Member To Class: ClassName=Schieberegister_Trägerplatine Member=Component R8 R___220
Added Member To Class: ClassName=Schieberegister_Trägerplatine Member=Component R10 R_0603_1%_xx
Added Member To Class: ClassName=Schieberegister_Trägerplatine Member=Component R11 R_0603_1%_xx
Added Member To Class: ClassName=Schieberegister_Trägerplatine Member=Component R101 R___=Value
Added Member To Class: ClassName=Schieberegister_Trägerplatine Member=Component R102 2k7
Added Member To Class: ClassName=Schieberegister_Trägerplatine Member=Component R103 R___=Value
Added Member To Class: ClassName=Schieberegister_Trägerplatine Member=Component R104 R___=Value
Added Member To Class: ClassName=Schieberegister_Trägerplatine Member=Component R105 R___=Value
Added Member To Class: ClassName=Schieberegister_Trägerplatine Member=Component R106 2k7
Added Member To Class: ClassName=Schieberegister_Trägerplatine Member=Component R107 R___=Value
Added Member To Class: ClassName=Schieberegister_Trägerplatine Member=Component R108 R___=Value
Added Member To Class: ClassName=Schieberegister_Trägerplatine Member=Component R_Data1 R_0603_1%_3k3
Added Member To Class: ClassName=Schieberegister_Trägerplatine Member=Component R_Data2 R_0603_1%_3k3
Added Member To Class: ClassName=Schieberegister_Trägerplatine Member=Component R_Data3 R_0603_1%_3k3
Added Member To Class: ClassName=Schieberegister_Trägerplatine Member=Component R_Data4 R_0603_1%_3k3
Added Member To Class: ClassName=Schieberegister_Trägerplatine Member=Component R_Data5 R_0603_1%_3k3
Added Member To Class: ClassName=Schieberegister_Trägerplatine Member=Component R_Data6 R_0603_1%_3k3
Added Member To Class: ClassName=Schieberegister_Trägerplatine Member=Component R_Data7 R_0603_1%_3k3
Added Member To Class: ClassName=Schieberegister_Trägerplatine Member=Component R_Data8 R_0603_1%_3k3
Added Member To Class: ClassName=Schieberegister_Trägerplatine Member=Component R_Power R_0603_1%_3k3
Added Member To Class: ClassName=Schieberegister_Trägerplatine Member=Component R_PullDown_1 R___=Value
Added Member To Class: ClassName=Schieberegister_Trägerplatine Member=Component R_PullDown_2 R___=Value
Added Member To Class: ClassName=Schieberegister_Trägerplatine Member=Component R_PullDown_3 R___=Value
Added Member To Class: ClassName=Schieberegister_Trägerplatine Member=Component R_PullDown_4 R___=Value
Added Member To Class: ClassName=Schieberegister_Trägerplatine Member=Component R_PullDown_5 R___=Value
Added Member To Class: ClassName=Schieberegister_Trägerplatine Member=Component R_PullDown_6 R___=Value
Added Member To Class: ClassName=Schieberegister_Trägerplatine Member=Component R_PullDown_7 R___=Value
Added Member To Class: ClassName=Schieberegister_Trägerplatine Member=Component R_PullDown_8 R___=Value
Added Member To Class: ClassName=Schieberegister_Trägerplatine Member=Component R_PullDown_SER R___=Value
Added Member To Class: ClassName=Schieberegister_Trägerplatine Member=Component U_1 LM2901PWR
Added Member To Class: ClassName=Schieberegister_Trägerplatine Member=Component U_2 LM2901PWR
Added Member To Class: ClassName=Schieberegister_Trägerplatine Member=Component U_SR 74HC165D,653
Added Member To Class: ClassName=Schieberegister_Trägerplatine Member=Component X_Data_14 Samtec-IPL1-108-01-L-D-K
Added Member To Class: ClassName=Schieberegister_Trägerplatine Member=Component X_Data_58 Samtec-IPL1-108-01-L-D-K
Added Member To Class: ClassName=Schieberegister_Trägerplatine Member=Component X_In Samtec-IPL1-108-01-L-S-K
Added Member To Class: ClassName=Schieberegister_Trägerplatine Member=Component X_Out Samtec-IPL1-108-01-L-S-K
