Removed Pin From Net: NetName=R_Photo_1 Pin=R101-2
Removed Pin From Net: NetName=R_Photo_2 Pin=R102-2
Removed Pin From Net: NetName=R_Photo_3 Pin=R103-2
Removed Pin From Net: NetName=R_Photo_4 Pin=R104-2
Removed Pin From Net: NetName=R_Photo_5 Pin=R105-2
Removed Pin From Net: NetName=R_Photo_6 Pin=R106-2
Removed Pin From Net: NetName=R_Photo_7 Pin=R107-2
Removed Pin From Net: NetName=R_Photo_8 Pin=R108-2
Removed Pin From Net: NetName=LED_Data_1 Pin=U_1-1
Removed Pin From Net: NetName=LED_Data_2 Pin=U_1-2
Removed Pin From Net: NetName=R_Photo_2 Pin=U_1-4
Removed Pin From Net: NetName=R_Photo_1 Pin=U_1-6
Removed Pin From Net: NetName=R_Photo_3 Pin=U_1-8
Removed Pin From Net: NetName=R_Photo_4 Pin=U_1-10
Removed Pin From Net: NetName=LED_Data_4 Pin=U_1-13
Removed Pin From Net: NetName=LED_Data_3 Pin=U_1-14
Removed Pin From Net: NetName=R_Photo_6 Pin=U_2-4
Removed Pin From Net: NetName=R_Photo_5 Pin=U_2-6
Removed Pin From Net: NetName=R_Photo_7 Pin=U_2-8
Removed Pin From Net: NetName=R_Photo_8 Pin=U_2-10
Removed Pin From Net: NetName=LED_Data_8 Pin=U_2-13
Removed Pin From Net: NetName=LED_Data_7 Pin=U_2-14
Change Component Designator: OldDesignator=R101 NewDesignator=R108
Change Component Designator: OldDesignator=R102 NewDesignator=R107
Change Component Designator: OldDesignator=R103 NewDesignator=R101
Change Component Designator: OldDesignator=R104 NewDesignator=R102
Change Component Designator: OldDesignator=R105 NewDesignator=R106
Change Component Designator: OldDesignator=R106 NewDesignator=R105
Change Component Designator: OldDesignator=R107 NewDesignator=R103
Change Component Designator: OldDesignator=R108 NewDesignator=R104
Added Pin To Net: NetName=R_Photo_1 Pin=R101-2
Added Pin To Net: NetName=R_Photo_2 Pin=R102-2
Added Pin To Net: NetName=R_Photo_3 Pin=R103-2
Added Pin To Net: NetName=R_Photo_4 Pin=R104-2
Added Pin To Net: NetName=R_Photo_5 Pin=R105-2
Added Pin To Net: NetName=R_Photo_6 Pin=R106-2
Added Pin To Net: NetName=R_Photo_7 Pin=R107-2
Added Pin To Net: NetName=R_Photo_8 Pin=R108-2
Added Pin To Net: NetName=LED_Data_8 Pin=U_1-1
Added Pin To Net: NetName=LED_Data_7 Pin=U_1-2
Added Pin To Net: NetName=R_Photo_7 Pin=U_1-4
Added Pin To Net: NetName=R_Photo_8 Pin=U_1-6
Added Pin To Net: NetName=R_Photo_1 Pin=U_1-8
Added Pin To Net: NetName=R_Photo_2 Pin=U_1-10
Added Pin To Net: NetName=LED_Data_2 Pin=U_1-13
Added Pin To Net: NetName=LED_Data_1 Pin=U_1-14
Added Pin To Net: NetName=R_Photo_5 Pin=U_2-4
Added Pin To Net: NetName=R_Photo_6 Pin=U_2-6
Added Pin To Net: NetName=R_Photo_3 Pin=U_2-8
Added Pin To Net: NetName=R_Photo_4 Pin=U_2-10
Added Pin To Net: NetName=LED_Data_4 Pin=U_2-13
Added Pin To Net: NetName=LED_Data_3 Pin=U_2-14
