Added Component: Designator=U_SR_?(FP-SOT109-1-MFG)
Add component (AddParameter): Name = "Ambient Temperature Range High"; Value = "+125°C"; VariantName = "[No Variations]"
Add component (AddParameter): Name = "Ambient Temperature Range Low"; Value = "-40°C"; VariantName = "[No Variations]"
Add component (AddParameter): Name = "Automotive"; Value = "No"; VariantName = "[No Variations]"
Add component (AddParameter): Name = "Category"; Value = "IC"; VariantName = "[No Variations]"
Add component (AddParameter): Name = "ComponentLink2Description"; Value = "Datasheet"; VariantName = "[No Variations]"
Add component (AddParameter): Name = "ComponentLink2URL"; Value = "https://assets.nexperia.com/documents/data-sheet/74HC_HCT165.pdf"; VariantName = "[No Variations]"
Add component (AddParameter): Name = "Device Class L1"; Value = "Integrated Circuits (ICs)"; VariantName = "[No Variations]"
Add component (AddParameter): Name = "Device Class L2"; Value = "Logic ICs"; VariantName = "[No Variations]"
Add component (AddParameter): Name = "Device Class L3"; Value = "Shift Registers"; VariantName = "[No Variations]"
Add component (AddParameter): Name = "Digikey Description"; Value = "IC SHIFT REGST 8BIT PI-SO 16SOIC"; VariantName = "[No Variations]"
Add component (AddParameter): Name = "Footprint Url"; Value = "https://assets.nexperia.com/documents/outline-drawing/SOT109-1.pdf"; VariantName = "[No Variations]"
Add component (AddParameter): Name = "Frequency"; Value = "61MHz"; VariantName = "[No Variations]"
Add component (AddParameter): Name = "Height"; Value = "1.75mm"; VariantName = "[No Variations]"
Add component (AddParameter): Name = "Ipc Land Pattern Name"; Value = "SOP127P600X175-16"; VariantName = "[No Variations]"
Add component (AddParameter): Name = "Lead Free"; Value = "Yes"; VariantName = "[No Variations]"
Add component (AddParameter): Name = "Logic Function Desc"; Value = "Shift Register"; VariantName = "[No Variations]"
Add component (AddParameter): Name = "Manufacturer"; Value = "Nexperia"; VariantName = "[No Variations]"
Add component (AddParameter): Name = "Manufacturer Part Number"; Value = "74HC165D,653"; VariantName = "[No Variations]"
Add component (AddParameter): Name = "Max Supply Voltage"; Value = "6V"; VariantName = "[No Variations]"
Add component (AddParameter): Name = "Min Supply Voltage"; Value = "2V"; VariantName = "[No Variations]"
Add component (AddParameter): Name = "Nominal Supply Current"; Value = "8uA"; VariantName = "[No Variations]"
Add component (AddParameter): Name = "Number Of Circuits"; Value = "1"; VariantName = "[No Variations]"
Add component (AddParameter): Name = "Number Of Inputs"; Value = "8"; VariantName = "[No Variations]"
Add component (AddParameter): Name = "Number Of Outputs"; Value = "1"; VariantName = "[No Variations]"
Add component (AddParameter): Name = "Octopart"; Value = "https://octopart.com/74hc165d%2C653-nexperia-78737091"; VariantName = "[No Variations]"
Add component (AddParameter): Name = "Package"; Value = "SOT109-1"; VariantName = "[No Variations]"
Add component (AddParameter): Name = "Propagation Delay"; Value = "15ns"; VariantName = "[No Variations]"
Add component (AddParameter): Name = "RoHS"; Value = "TRUE"; VariantName = "[No Variations]"
Add component (AddParameter): Name = "Standoff Height"; Value = "0.1mm"; VariantName = "[No Variations]"
Add component (AddParameter): Name = "Temperature"; Value = "-40°C to +125°C"; VariantName = "[No Variations]"
Add component (AddParameter): Name = "Temperature Range High"; Value = "+125°C"; VariantName = "[No Variations]"
Add component (AddParameter): Name = "Temperature Range Low"; Value = "-40°C"; VariantName = "[No Variations]"
Added Component: Designator=X_Data_1(Samtec-IPL1-105-01-L-S-K)
Add component (AddParameter): Name = "Manufacturer"; Value = "Samtec"; VariantName = "[No Variations]"
Add component (AddParameter): Name = "Part Number"; Value = "IPL1-105-01-L-S-K"; VariantName = "[No Variations]"
Added Component: Designator=X_Data_2(Samtec-IPL1-105-01-L-S-K)
Add component (AddParameter): Name = "Manufacturer"; Value = "Samtec"; VariantName = "[No Variations]"
Add component (AddParameter): Name = "Part Number"; Value = "IPL1-105-01-L-S-K"; VariantName = "[No Variations]"
Added Component: Designator=X_In(Samtec-IPL1-105-01-L-S-K)
Add component (AddParameter): Name = "Manufacturer"; Value = "Samtec"; VariantName = "[No Variations]"
Add component (AddParameter): Name = "Part Number"; Value = "IPL1-105-01-L-S-K"; VariantName = "[No Variations]"
Added Component: Designator=X_Out(Samtec-IPL1-105-01-L-S-K)
Add component (AddParameter): Name = "Manufacturer"; Value = "Samtec"; VariantName = "[No Variations]"
Add component (AddParameter): Name = "Part Number"; Value = "IPL1-105-01-L-S-K"; VariantName = "[No Variations]"
Added Pin To Net: NetName=NetU_SR_?_1 Pin=U_SR_?-1
Added Pin To Net: NetName=NetU_SR_?_1 Pin=X_In-3
Added Pin To Net: NetName=NetU_SR_?_1 Pin=X_Out-3
Added Net: Name=NetU_SR_?_1
Added Pin To Net: NetName=NetU_SR_?_2 Pin=U_SR_?-2
Added Pin To Net: NetName=NetU_SR_?_2 Pin=X_In-2
Added Pin To Net: NetName=NetU_SR_?_2 Pin=X_Out-4
Added Net: Name=NetU_SR_?_2
Added Pin To Net: NetName=NetU_SR_?_3 Pin=U_SR_?-3
Added Pin To Net: NetName=NetU_SR_?_3 Pin=X_Data_2-4
Added Net: Name=NetU_SR_?_3
Added Pin To Net: NetName=NetU_SR_?_4 Pin=U_SR_?-4
Added Pin To Net: NetName=NetU_SR_?_4 Pin=X_Data_2-3
Added Net: Name=NetU_SR_?_4
Added Pin To Net: NetName=NetU_SR_?_5 Pin=U_SR_?-5
Added Pin To Net: NetName=NetU_SR_?_5 Pin=X_Data_2-2
Added Net: Name=NetU_SR_?_5
Added Pin To Net: NetName=NetU_SR_?_6 Pin=U_SR_?-6
Added Pin To Net: NetName=NetU_SR_?_6 Pin=X_Data_2-1
Added Net: Name=NetU_SR_?_6
Added Pin To Net: NetName=NetU_SR_?_7 Pin=U_SR_?-7
Added Pin To Net: NetName=NetU_SR_?_7 Pin=X_Out-2
Added Net: Name=NetU_SR_?_7
Added Pin To Net: NetName=NetU_SR_?_8 Pin=U_SR_?-8
Added Pin To Net: NetName=NetU_SR_?_8 Pin=U_SR_?-15
Added Pin To Net: NetName=NetU_SR_?_8 Pin=X_Data_1-1
Added Pin To Net: NetName=NetU_SR_?_8 Pin=X_Data_2-5
Added Pin To Net: NetName=NetU_SR_?_8 Pin=X_In-5
Added Pin To Net: NetName=NetU_SR_?_8 Pin=X_Out-1
Added Net: Name=NetU_SR_?_8
Added Pin To Net: NetName=NetU_SR_?_10 Pin=U_SR_?-10
Added Pin To Net: NetName=NetU_SR_?_10 Pin=X_In-4
Added Net: Name=NetU_SR_?_10
Added Pin To Net: NetName=NetU_SR_?_11 Pin=U_SR_?-11
Added Pin To Net: NetName=NetU_SR_?_11 Pin=X_Data_1-5
Added Net: Name=NetU_SR_?_11
Added Pin To Net: NetName=NetU_SR_?_12 Pin=U_SR_?-12
Added Pin To Net: NetName=NetU_SR_?_12 Pin=X_Data_1-4
Added Net: Name=NetU_SR_?_12
Added Pin To Net: NetName=NetU_SR_?_13 Pin=U_SR_?-13
Added Pin To Net: NetName=NetU_SR_?_13 Pin=X_Data_1-3
Added Net: Name=NetU_SR_?_13
Added Pin To Net: NetName=NetU_SR_?_14 Pin=U_SR_?-14
Added Pin To Net: NetName=NetU_SR_?_14 Pin=X_Data_1-2
Added Net: Name=NetU_SR_?_14
Added Pin To Net: NetName=NetU_SR_?_16 Pin=U_SR_?-16
Added Pin To Net: NetName=NetU_SR_?_16 Pin=X_In-1
Added Pin To Net: NetName=NetU_SR_?_16 Pin=X_Out-5
Added Net: Name=NetU_SR_?_16
Added Class: Name=Schieberegister_Trägerplatine
