Removed Pin From Net: NetName=GND Pin=D_1-1
Removed Pin From Net: NetName=GND Pin=D_2-1
Removed Pin From Net: NetName=GND Pin=D_3-1
Removed Pin From Net: NetName=GND Pin=D_4-1
Removed Pin From Net: NetName=GND Pin=D_5-1
Removed Pin From Net: NetName=GND Pin=D_6-1
Removed Pin From Net: NetName=GND Pin=D_7-1
Removed Pin From Net: NetName=GND Pin=D_8-1
Removed Pin From Net: NetName=GND Pin=D_Power-1
Removed Pin From Net: NetName=LED_Enable Pin=Q_LED-1
Removed Pin From Net: NetName=GND Pin=Q_LED-2
Removed Pin From Net: NetName=LED_In Pin=Q_LED-3
Removed Pin From Net: NetName=LED1 Pin=R1-1
Removed Pin From Net: NetName=LED_In Pin=R1-2
Removed Pin From Net: NetName=LED2 Pin=R2-1
Removed Pin From Net: NetName=LED_In Pin=R2-2
Removed Pin From Net: NetName=LED3 Pin=R3-1
Removed Pin From Net: NetName=LED_In Pin=R3-2
Removed Pin From Net: NetName=LED4 Pin=R4-1
Removed Pin From Net: NetName=LED_In Pin=R4-2
Removed Pin From Net: NetName=LED5 Pin=R5-1
Removed Pin From Net: NetName=LED_In Pin=R5-2
Removed Pin From Net: NetName=LED6 Pin=R6-1
Removed Pin From Net: NetName=LED_In Pin=R6-2
Removed Pin From Net: NetName=LED7 Pin=R7-1
Removed Pin From Net: NetName=LED_In Pin=R7-2
Removed Pin From Net: NetName=LED8 Pin=R8-1
Removed Pin From Net: NetName=LED_In Pin=R8-2
Removed Pin From Net: NetName=V_Ref Pin=R10-1
Removed Pin From Net: NetName=VCC Pin=R10-2
Removed Pin From Net: NetName=GND Pin=R11-1
Removed Pin From Net: NetName=V_Ref Pin=R11-2
Removed Pin From Net: NetName=GND Pin=R101-1
Removed Pin From Net: NetName=R_Photo_1 Pin=R101-2
Removed Pin From Net: NetName=GND Pin=R102-1
Removed Pin From Net: NetName=R_Photo_2 Pin=R102-2
Removed Pin From Net: NetName=GND Pin=R103-1
Removed Pin From Net: NetName=R_Photo_3 Pin=R103-2
Removed Pin From Net: NetName=GND Pin=R104-1
Removed Pin From Net: NetName=R_Photo_4 Pin=R104-2
Removed Pin From Net: NetName=GND Pin=R105-1
Removed Pin From Net: NetName=R_Photo_5 Pin=R105-2
Removed Pin From Net: NetName=GND Pin=R106-1
Removed Pin From Net: NetName=R_Photo_6 Pin=R106-2
Removed Pin From Net: NetName=GND Pin=R107-1
Removed Pin From Net: NetName=R_Photo_7 Pin=R107-2
Removed Pin From Net: NetName=GND Pin=R108-1
Removed Pin From Net: NetName=R_Photo_8 Pin=R108-2
Removed Pin From Net: NetName=LED_Data_1 Pin=R_Data1-2
Removed Pin From Net: NetName=LED_Data_2 Pin=R_Data2-2
Removed Pin From Net: NetName=LED_Data_3 Pin=R_Data3-2
Removed Pin From Net: NetName=LED_Data_4 Pin=R_Data4-2
Removed Pin From Net: NetName=LED_Data_5 Pin=R_Data5-2
Removed Pin From Net: NetName=LED_Data_6 Pin=R_Data6-2
Removed Pin From Net: NetName=LED_Data_7 Pin=R_Data7-2
Removed Pin From Net: NetName=LED_Data_8 Pin=R_Data8-2
Removed Pin From Net: NetName=VCC Pin=R_Power-2
Removed Pin From Net: NetName=GND Pin=R_PullDown_1-1
Removed Pin From Net: NetName=LED_Data_1 Pin=R_PullDown_1-2
Removed Pin From Net: NetName=GND Pin=R_PullDown_2-1
Removed Pin From Net: NetName=LED_Data_2 Pin=R_PullDown_2-2
Removed Pin From Net: NetName=GND Pin=R_PullDown_3-1
Removed Pin From Net: NetName=LED_Data_3 Pin=R_PullDown_3-2
Removed Pin From Net: NetName=GND Pin=R_PullDown_4-1
Removed Pin From Net: NetName=LED_Data_4 Pin=R_PullDown_4-2
Removed Pin From Net: NetName=GND Pin=R_PullDown_5-1
Removed Pin From Net: NetName=LED_Data_5 Pin=R_PullDown_5-2
Removed Pin From Net: NetName=GND Pin=R_PullDown_6-1
Removed Pin From Net: NetName=LED_Data_6 Pin=R_PullDown_6-2
Removed Pin From Net: NetName=GND Pin=R_PullDown_7-1
Removed Pin From Net: NetName=LED_Data_7 Pin=R_PullDown_7-2
Removed Pin From Net: NetName=GND Pin=R_PullDown_8-1
Removed Pin From Net: NetName=LED_Data_8 Pin=R_PullDown_8-2
Removed Pin From Net: NetName=GND Pin=R_PullDown_SER-1
Removed Pin From Net: NetName=Serial_in Pin=R_PullDown_SER-2
Removed Pin From Net: NetName=LED_Data_7 Pin=U_1-1
Removed Pin From Net: NetName=LED_Data_8 Pin=U_1-2
Removed Pin From Net: NetName=VCC Pin=U_1-3
Removed Pin From Net: NetName=R_Photo_7 Pin=U_1-4
Removed Pin From Net: NetName=V_Ref Pin=U_1-5
Removed Pin From Net: NetName=R_Photo_8 Pin=U_1-6
Removed Pin From Net: NetName=V_Ref Pin=U_1-7
Removed Pin From Net: NetName=R_Photo_1 Pin=U_1-8
Removed Pin From Net: NetName=V_Ref Pin=U_1-9
Removed Pin From Net: NetName=R_Photo_2 Pin=U_1-10
Removed Pin From Net: NetName=V_Ref Pin=U_1-11
Removed Pin From Net: NetName=GND Pin=U_1-12
Removed Pin From Net: NetName=LED_Data_1 Pin=U_1-13
Removed Pin From Net: NetName=LED_Data_2 Pin=U_1-14
Removed Pin From Net: NetName=LED_Data_3 Pin=U_2-1
Removed Pin From Net: NetName=LED_Data_4 Pin=U_2-2
Removed Pin From Net: NetName=VCC Pin=U_2-3
Removed Pin From Net: NetName=R_Photo_4 Pin=U_2-4
Removed Pin From Net: NetName=V_Ref Pin=U_2-5
Removed Pin From Net: NetName=R_Photo_3 Pin=U_2-6
Removed Pin From Net: NetName=V_Ref Pin=U_2-7
Removed Pin From Net: NetName=R_Photo_5 Pin=U_2-8
Removed Pin From Net: NetName=V_Ref Pin=U_2-9
Removed Pin From Net: NetName=R_Photo_6 Pin=U_2-10
Removed Pin From Net: NetName=V_Ref Pin=U_2-11
Removed Pin From Net: NetName=GND Pin=U_2-12
Removed Pin From Net: NetName=LED_Data_5 Pin=U_2-13
Removed Pin From Net: NetName=LED_Data_6 Pin=U_2-14
Removed Pin From Net: NetName=GND Pin=U_SR-1
Removed Pin From Net: NetName=CLK Pin=U_SR-2
Removed Pin From Net: NetName=LED_Data_5 Pin=U_SR-3
Removed Pin From Net: NetName=LED_Data_6 Pin=U_SR-4
Removed Pin From Net: NetName=LED_Data_7 Pin=U_SR-5
Removed Pin From Net: NetName=LED_Data_8 Pin=U_SR-6
Removed Pin From Net: NetName=Serial_Out Pin=U_SR-7
Removed Pin From Net: NetName=GND Pin=U_SR-8
Removed Pin From Net: NetName=Serial_in Pin=U_SR-10
Removed Pin From Net: NetName=LED_Data_1 Pin=U_SR-11
Removed Pin From Net: NetName=LED_Data_2 Pin=U_SR-12
Removed Pin From Net: NetName=LED_Data_3 Pin=U_SR-13
Removed Pin From Net: NetName=LED_Data_4 Pin=U_SR-14
Removed Pin From Net: NetName=GND Pin=U_SR-15
Removed Pin From Net: NetName=VCC Pin=U_SR-16
Removed Pin From Net: NetName=VCC Pin=X1-1
Removed Pin From Net: NetName=R_Photo_1 Pin=X1-2
Removed Pin From Net: NetName=5V Pin=X1-3
Removed Pin From Net: NetName=LED1 Pin=X1-4
Removed Pin From Net: NetName=VCC Pin=X2-1
Removed Pin From Net: NetName=R_Photo_2 Pin=X2-2
Removed Pin From Net: NetName=5V Pin=X2-3
Removed Pin From Net: NetName=LED2 Pin=X2-4
Removed Pin From Net: NetName=VCC Pin=X3-1
Removed Pin From Net: NetName=R_Photo_3 Pin=X3-2
Removed Pin From Net: NetName=5V Pin=X3-3
Removed Pin From Net: NetName=LED3 Pin=X3-4
Removed Pin From Net: NetName=VCC Pin=X4-1
Removed Pin From Net: NetName=R_Photo_4 Pin=X4-2
Removed Pin From Net: NetName=5V Pin=X4-3
Removed Pin From Net: NetName=LED4 Pin=X4-4
Removed Pin From Net: NetName=VCC Pin=X5-1
Removed Pin From Net: NetName=R_Photo_5 Pin=X5-2
Removed Pin From Net: NetName=5V Pin=X5-3
Removed Pin From Net: NetName=LED5 Pin=X5-4
Removed Pin From Net: NetName=VCC Pin=X6-1
Removed Pin From Net: NetName=R_Photo_6 Pin=X6-2
Removed Pin From Net: NetName=5V Pin=X6-3
Removed Pin From Net: NetName=LED6 Pin=X6-4
Removed Pin From Net: NetName=VCC Pin=X7-1
Removed Pin From Net: NetName=R_Photo_7 Pin=X7-2
Removed Pin From Net: NetName=5V Pin=X7-3
Removed Pin From Net: NetName=LED7 Pin=X7-4
Removed Pin From Net: NetName=VCC Pin=X8-1
Removed Pin From Net: NetName=R_Photo_8 Pin=X8-2
Removed Pin From Net: NetName=5V Pin=X8-3
Removed Pin From Net: NetName=LED8 Pin=X8-4
Removed Pin From Net: NetName=5V Pin=X_In-1
Removed Pin From Net: NetName=Serial_in Pin=X_In-2
Removed Pin From Net: NetName=LED_Enable Pin=X_In-3
Removed Pin From Net: NetName=CLK Pin=X_In-4
Removed Pin From Net: NetName=VCC Pin=X_In-5
Removed Pin From Net: NetName=GND Pin=X_In-6
Removed Pin From Net: NetName=GND Pin=X_Out-1
Removed Pin From Net: NetName=VCC Pin=X_Out-2
Removed Pin From Net: NetName=CLK Pin=X_Out-3
Removed Pin From Net: NetName=LED_Enable Pin=X_Out-4
Removed Pin From Net: NetName=Serial_Out Pin=X_Out-5
Removed Pin From Net: NetName=5V Pin=X_Out-6
Removed Member From Class: ClassName=Schieberegister_Trägerplatine Member=D_1
Removed Member From Class: ClassName=Schieberegister_Trägerplatine Member=D_2
Removed Member From Class: ClassName=Schieberegister_Trägerplatine Member=D_3
Removed Member From Class: ClassName=Schieberegister_Trägerplatine Member=D_4
Removed Member From Class: ClassName=Schieberegister_Trägerplatine Member=D_5
Removed Member From Class: ClassName=Schieberegister_Trägerplatine Member=D_6
Removed Member From Class: ClassName=Schieberegister_Trägerplatine Member=D_7
Removed Member From Class: ClassName=Schieberegister_Trägerplatine Member=D_8
Removed Member From Class: ClassName=Schieberegister_Trägerplatine Member=D_Power
Removed Member From Class: ClassName=Schieberegister_Trägerplatine Member=X1
Removed Member From Class: ClassName=Schieberegister_Trägerplatine Member=X2
Removed Member From Class: ClassName=Schieberegister_Trägerplatine Member=X3
Removed Member From Class: ClassName=Schieberegister_Trägerplatine Member=X4
Removed Member From Class: ClassName=Schieberegister_Trägerplatine Member=X5
Removed Member From Class: ClassName=Schieberegister_Trägerplatine Member=X6
Removed Member From Class: ClassName=Schieberegister_Trägerplatine Member=X7
Removed Member From Class: ClassName=Schieberegister_Trägerplatine Member=X8
Added Component: Designator=LED_1(150060XX75000)
Add component (AddParameter): Name = "Case_EIA"; Value = "0603"; VariantName = "[No Variations]"
Add component (AddParameter): Name = "Color"; Value = ""; VariantName = "[No Variations]"
Add component (AddParameter): Name = "Manufacturer"; Value = "Würth"; VariantName = "[No Variations]"
Add component (AddParameter): Name = "Part Number"; Value = "150060*75000"; VariantName = "[No Variations]"
Add component (AddParameter): Name = "possible_colors"; Value = "BS, GS, RS, SS, VS, YS"; VariantName = "[No Variations]"
Added Component: Designator=LED_2(150060XX75000)
Add component (AddParameter): Name = "Case_EIA"; Value = "0603"; VariantName = "[No Variations]"
Add component (AddParameter): Name = "Color"; Value = ""; VariantName = "[No Variations]"
Add component (AddParameter): Name = "Manufacturer"; Value = "Würth"; VariantName = "[No Variations]"
Add component (AddParameter): Name = "Part Number"; Value = "150060*75000"; VariantName = "[No Variations]"
Add component (AddParameter): Name = "possible_colors"; Value = "BS, GS, RS, SS, VS, YS"; VariantName = "[No Variations]"
Added Component: Designator=LED_3(150060XX75000)
Add component (AddParameter): Name = "Case_EIA"; Value = "0603"; VariantName = "[No Variations]"
Add component (AddParameter): Name = "Color"; Value = ""; VariantName = "[No Variations]"
Add component (AddParameter): Name = "Manufacturer"; Value = "Würth"; VariantName = "[No Variations]"
Add component (AddParameter): Name = "Part Number"; Value = "150060*75000"; VariantName = "[No Variations]"
Add component (AddParameter): Name = "possible_colors"; Value = "BS, GS, RS, SS, VS, YS"; VariantName = "[No Variations]"
Added Component: Designator=LED_4(150060XX75000)
Add component (AddParameter): Name = "Case_EIA"; Value = "0603"; VariantName = "[No Variations]"
Add component (AddParameter): Name = "Color"; Value = ""; VariantName = "[No Variations]"
Add component (AddParameter): Name = "Manufacturer"; Value = "Würth"; VariantName = "[No Variations]"
Add component (AddParameter): Name = "Part Number"; Value = "150060*75000"; VariantName = "[No Variations]"
Add component (AddParameter): Name = "possible_colors"; Value = "BS, GS, RS, SS, VS, YS"; VariantName = "[No Variations]"
Added Component: Designator=LED_5(150060XX75000)
Add component (AddParameter): Name = "Case_EIA"; Value = "0603"; VariantName = "[No Variations]"
Add component (AddParameter): Name = "Color"; Value = ""; VariantName = "[No Variations]"
Add component (AddParameter): Name = "Manufacturer"; Value = "Würth"; VariantName = "[No Variations]"
Add component (AddParameter): Name = "Part Number"; Value = "150060*75000"; VariantName = "[No Variations]"
Add component (AddParameter): Name = "possible_colors"; Value = "BS, GS, RS, SS, VS, YS"; VariantName = "[No Variations]"
Added Component: Designator=LED_6(150060XX75000)
Add component (AddParameter): Name = "Case_EIA"; Value = "0603"; VariantName = "[No Variations]"
Add component (AddParameter): Name = "Color"; Value = ""; VariantName = "[No Variations]"
Add component (AddParameter): Name = "Manufacturer"; Value = "Würth"; VariantName = "[No Variations]"
Add component (AddParameter): Name = "Part Number"; Value = "150060*75000"; VariantName = "[No Variations]"
Add component (AddParameter): Name = "possible_colors"; Value = "BS, GS, RS, SS, VS, YS"; VariantName = "[No Variations]"
Added Component: Designator=LED_7(150060XX75000)
Add component (AddParameter): Name = "Case_EIA"; Value = "0603"; VariantName = "[No Variations]"
Add component (AddParameter): Name = "Color"; Value = ""; VariantName = "[No Variations]"
Add component (AddParameter): Name = "Manufacturer"; Value = "Würth"; VariantName = "[No Variations]"
Add component (AddParameter): Name = "Part Number"; Value = "150060*75000"; VariantName = "[No Variations]"
Add component (AddParameter): Name = "possible_colors"; Value = "BS, GS, RS, SS, VS, YS"; VariantName = "[No Variations]"
Added Component: Designator=LED_8(150060XX75000)
Add component (AddParameter): Name = "Case_EIA"; Value = "0603"; VariantName = "[No Variations]"
Add component (AddParameter): Name = "Color"; Value = ""; VariantName = "[No Variations]"
Add component (AddParameter): Name = "Manufacturer"; Value = "Würth"; VariantName = "[No Variations]"
Add component (AddParameter): Name = "Part Number"; Value = "150060*75000"; VariantName = "[No Variations]"
Add component (AddParameter): Name = "possible_colors"; Value = "BS, GS, RS, SS, VS, YS"; VariantName = "[No Variations]"
Added Component: Designator=LED_Power(150060XX75000)
Add component (AddParameter): Name = "Case_EIA"; Value = "0603"; VariantName = "[No Variations]"
Add component (AddParameter): Name = "Color"; Value = ""; VariantName = "[No Variations]"
Add component (AddParameter): Name = "Manufacturer"; Value = "Würth"; VariantName = "[No Variations]"
Add component (AddParameter): Name = "Part Number"; Value = "150060*75000"; VariantName = "[No Variations]"
Add component (AddParameter): Name = "possible_colors"; Value = "BS, GS, RS, SS, VS, YS"; VariantName = "[No Variations]"
Add Component: Footprint Not Found SOT95P280X125-3N
Added Component: Designator=R1(0603_resistor_flat)
Add component (AddParameter): Name = "Case_Metric"; Value = "1608"; VariantName = "[No Variations]"
Add component (AddParameter): Name = "E12"; Value = "1K0, 1K2, 1K5, 1K8, 2K2, 2K7, 3K3, 3K9, 4K7, 5K6, 6K8, 8K2"; VariantName = "[No Variations]"
Add component (AddParameter): Name = "Manufacturer"; Value = ""; VariantName = "[No Variations]"
Add component (AddParameter): Name = "Part Number"; Value = "R___220"; VariantName = "[No Variations]"
Add component (AddParameter): Name = "Power_Dissipation"; Value = "100mW"; VariantName = "[No Variations]"
Add component (AddParameter): Name = "Value"; Value = "220"; VariantName = "[No Variations]"
Added Component: Designator=R2(0603_resistor_flat)
Add component (AddParameter): Name = "Case_Metric"; Value = "1608"; VariantName = "[No Variations]"
Add component (AddParameter): Name = "E12"; Value = "1K0, 1K2, 1K5, 1K8, 2K2, 2K7, 3K3, 3K9, 4K7, 5K6, 6K8, 8K2"; VariantName = "[No Variations]"
Add component (AddParameter): Name = "Manufacturer"; Value = ""; VariantName = "[No Variations]"
Add component (AddParameter): Name = "Part Number"; Value = "R___220"; VariantName = "[No Variations]"
Add component (AddParameter): Name = "Power_Dissipation"; Value = "100mW"; VariantName = "[No Variations]"
Add component (AddParameter): Name = "Value"; Value = "220"; VariantName = "[No Variations]"
Added Component: Designator=R3(0603_resistor_flat)
Add component (AddParameter): Name = "Case_Metric"; Value = "1608"; VariantName = "[No Variations]"
Add component (AddParameter): Name = "E12"; Value = "1K0, 1K2, 1K5, 1K8, 2K2, 2K7, 3K3, 3K9, 4K7, 5K6, 6K8, 8K2"; VariantName = "[No Variations]"
Add component (AddParameter): Name = "Manufacturer"; Value = ""; VariantName = "[No Variations]"
Add component (AddParameter): Name = "Part Number"; Value = "R___220"; VariantName = "[No Variations]"
Add component (AddParameter): Name = "Power_Dissipation"; Value = "100mW"; VariantName = "[No Variations]"
Add component (AddParameter): Name = "Value"; Value = "220"; VariantName = "[No Variations]"
Added Component: Designator=R4(0603_resistor_flat)
Add component (AddParameter): Name = "Case_Metric"; Value = "1608"; VariantName = "[No Variations]"
Add component (AddParameter): Name = "E12"; Value = "1K0, 1K2, 1K5, 1K8, 2K2, 2K7, 3K3, 3K9, 4K7, 5K6, 6K8, 8K2"; VariantName = "[No Variations]"
Add component (AddParameter): Name = "Manufacturer"; Value = ""; VariantName = "[No Variations]"
Add component (AddParameter): Name = "Part Number"; Value = "R___220"; VariantName = "[No Variations]"
Add component (AddParameter): Name = "Power_Dissipation"; Value = "100mW"; VariantName = "[No Variations]"
Add component (AddParameter): Name = "Value"; Value = "220"; VariantName = "[No Variations]"
Added Component: Designator=R5(0603_resistor_flat)
Add component (AddParameter): Name = "Case_Metric"; Value = "1608"; VariantName = "[No Variations]"
Add component (AddParameter): Name = "E12"; Value = "1K0, 1K2, 1K5, 1K8, 2K2, 2K7, 3K3, 3K9, 4K7, 5K6, 6K8, 8K2"; VariantName = "[No Variations]"
Add component (AddParameter): Name = "Manufacturer"; Value = ""; VariantName = "[No Variations]"
Add component (AddParameter): Name = "Part Number"; Value = "R___220"; VariantName = "[No Variations]"
Add component (AddParameter): Name = "Power_Dissipation"; Value = "100mW"; VariantName = "[No Variations]"
Add component (AddParameter): Name = "Value"; Value = "220"; VariantName = "[No Variations]"
Added Component: Designator=R6(0603_resistor_flat)
Add component (AddParameter): Name = "Case_Metric"; Value = "1608"; VariantName = "[No Variations]"
Add component (AddParameter): Name = "E12"; Value = "1K0, 1K2, 1K5, 1K8, 2K2, 2K7, 3K3, 3K9, 4K7, 5K6, 6K8, 8K2"; VariantName = "[No Variations]"
Add component (AddParameter): Name = "Manufacturer"; Value = ""; VariantName = "[No Variations]"
Add component (AddParameter): Name = "Part Number"; Value = "R___220"; VariantName = "[No Variations]"
Add component (AddParameter): Name = "Power_Dissipation"; Value = "100mW"; VariantName = "[No Variations]"
Add component (AddParameter): Name = "Value"; Value = "220"; VariantName = "[No Variations]"
Added Component: Designator=R7(0603_resistor_flat)
Add component (AddParameter): Name = "Case_Metric"; Value = "1608"; VariantName = "[No Variations]"
Add component (AddParameter): Name = "E12"; Value = "1K0, 1K2, 1K5, 1K8, 2K2, 2K7, 3K3, 3K9, 4K7, 5K6, 6K8, 8K2"; VariantName = "[No Variations]"
Add component (AddParameter): Name = "Manufacturer"; Value = ""; VariantName = "[No Variations]"
Add component (AddParameter): Name = "Part Number"; Value = "R___220"; VariantName = "[No Variations]"
Add component (AddParameter): Name = "Power_Dissipation"; Value = "100mW"; VariantName = "[No Variations]"
Add component (AddParameter): Name = "Value"; Value = "220"; VariantName = "[No Variations]"
Added Component: Designator=R8(0603_resistor_flat)
Add component (AddParameter): Name = "Case_Metric"; Value = "1608"; VariantName = "[No Variations]"
Add component (AddParameter): Name = "E12"; Value = "1K0, 1K2, 1K5, 1K8, 2K2, 2K7, 3K3, 3K9, 4K7, 5K6, 6K8, 8K2"; VariantName = "[No Variations]"
Add component (AddParameter): Name = "Manufacturer"; Value = ""; VariantName = "[No Variations]"
Add component (AddParameter): Name = "Part Number"; Value = "R___220"; VariantName = "[No Variations]"
Add component (AddParameter): Name = "Power_Dissipation"; Value = "100mW"; VariantName = "[No Variations]"
Add component (AddParameter): Name = "Value"; Value = "220"; VariantName = "[No Variations]"
Added Component: Designator=R10(0603_resistor_flat)
Add component (AddParameter): Name = "Case_EIA"; Value = "0603"; VariantName = "[No Variations]"
Add component (AddParameter): Name = "Case_Metric"; Value = "1608"; VariantName = "[No Variations]"
Add component (AddParameter): Name = "E12"; Value = "1K0, 1K2, 1K5, 1K8, 2K2, 2K7, 3K3, 3K9, 4K7, 5K6, 6K8, 8K2"; VariantName = "[No Variations]"
Add component (AddParameter): Name = "Manufacturer"; Value = ""; VariantName = "[No Variations]"
Add component (AddParameter): Name = "Part Number"; Value = "R_0603_1%_xx"; VariantName = "[No Variations]"
Add component (AddParameter): Name = "Power_Dissipation"; Value = "100mW"; VariantName = "[No Variations]"
Add component (AddParameter): Name = "Tolerance"; Value = "1%"; VariantName = "[No Variations]"
Add component (AddParameter): Name = "Value"; Value = "xx"; VariantName = "[No Variations]"
Added Component: Designator=R11(0603_resistor_flat)
Add component (AddParameter): Name = "Case_EIA"; Value = "0603"; VariantName = "[No Variations]"
Add component (AddParameter): Name = "Case_Metric"; Value = "1608"; VariantName = "[No Variations]"
Add component (AddParameter): Name = "E12"; Value = "1K0, 1K2, 1K5, 1K8, 2K2, 2K7, 3K3, 3K9, 4K7, 5K6, 6K8, 8K2"; VariantName = "[No Variations]"
Add component (AddParameter): Name = "Manufacturer"; Value = ""; VariantName = "[No Variations]"
Add component (AddParameter): Name = "Part Number"; Value = "R_0603_1%_xx"; VariantName = "[No Variations]"
Add component (AddParameter): Name = "Power_Dissipation"; Value = "100mW"; VariantName = "[No Variations]"
Add component (AddParameter): Name = "Tolerance"; Value = "1%"; VariantName = "[No Variations]"
Add component (AddParameter): Name = "Value"; Value = "xx"; VariantName = "[No Variations]"
Added Component: Designator=R101(0603_resistor_flat)
Add component (AddParameter): Name = "Case_Metric"; Value = "1608"; VariantName = "[No Variations]"
Add component (AddParameter): Name = "E12"; Value = "1K0, 1K2, 1K5, 1K8, 2K2, 2K7, 3K3, 3K9, 4K7, 5K6, 6K8, 8K2"; VariantName = "[No Variations]"
Add component (AddParameter): Name = "Manufacturer"; Value = ""; VariantName = "[No Variations]"
Add component (AddParameter): Name = "Part Number"; Value = "R___=Value"; VariantName = "[No Variations]"
Add component (AddParameter): Name = "Power_Dissipation"; Value = "100mW"; VariantName = "[No Variations]"
Added Component: Designator=R102(0603_resistor_flat)
Add component (AddParameter): Name = "Case_Metric"; Value = "1608"; VariantName = "[No Variations]"
Add component (AddParameter): Name = "E12"; Value = "1K0, 1K2, 1K5, 1K8, 2K2, 2K7, 3K3, 3K9, 4K7, 5K6, 6K8, 8K2"; VariantName = "[No Variations]"
Add component (AddParameter): Name = "Manufacturer"; Value = ""; VariantName = "[No Variations]"
Add component (AddParameter): Name = "Part Number"; Value = "R___=Value"; VariantName = "[No Variations]"
Add component (AddParameter): Name = "Power_Dissipation"; Value = "100mW"; VariantName = "[No Variations]"
Added Component: Designator=R103(0603_resistor_flat)
Add component (AddParameter): Name = "Case_Metric"; Value = "1608"; VariantName = "[No Variations]"
Add component (AddParameter): Name = "E12"; Value = "1K0, 1K2, 1K5, 1K8, 2K2, 2K7, 3K3, 3K9, 4K7, 5K6, 6K8, 8K2"; VariantName = "[No Variations]"
Add component (AddParameter): Name = "Manufacturer"; Value = ""; VariantName = "[No Variations]"
Add component (AddParameter): Name = "Part Number"; Value = "R___=Value"; VariantName = "[No Variations]"
Add component (AddParameter): Name = "Power_Dissipation"; Value = "100mW"; VariantName = "[No Variations]"
Added Component: Designator=R104(0603_resistor_flat)
Add component (AddParameter): Name = "Case_Metric"; Value = "1608"; VariantName = "[No Variations]"
Add component (AddParameter): Name = "E12"; Value = "1K0, 1K2, 1K5, 1K8, 2K2, 2K7, 3K3, 3K9, 4K7, 5K6, 6K8, 8K2"; VariantName = "[No Variations]"
Add component (AddParameter): Name = "Manufacturer"; Value = ""; VariantName = "[No Variations]"
Add component (AddParameter): Name = "Part Number"; Value = "R___=Value"; VariantName = "[No Variations]"
Add component (AddParameter): Name = "Power_Dissipation"; Value = "100mW"; VariantName = "[No Variations]"
Added Component: Designator=R105(0603_resistor_flat)
Add component (AddParameter): Name = "Case_Metric"; Value = "1608"; VariantName = "[No Variations]"
Add component (AddParameter): Name = "E12"; Value = "1K0, 1K2, 1K5, 1K8, 2K2, 2K7, 3K3, 3K9, 4K7, 5K6, 6K8, 8K2"; VariantName = "[No Variations]"
Add component (AddParameter): Name = "Manufacturer"; Value = ""; VariantName = "[No Variations]"
Add component (AddParameter): Name = "Part Number"; Value = "R___=Value"; VariantName = "[No Variations]"
Add component (AddParameter): Name = "Power_Dissipation"; Value = "100mW"; VariantName = "[No Variations]"
Added Component: Designator=R106(0603_resistor_flat)
Add component (AddParameter): Name = "Case_Metric"; Value = "1608"; VariantName = "[No Variations]"
Add component (AddParameter): Name = "E12"; Value = "1K0, 1K2, 1K5, 1K8, 2K2, 2K7, 3K3, 3K9, 4K7, 5K6, 6K8, 8K2"; VariantName = "[No Variations]"
Add component (AddParameter): Name = "Manufacturer"; Value = ""; VariantName = "[No Variations]"
Add component (AddParameter): Name = "Part Number"; Value = "R___=Value"; VariantName = "[No Variations]"
Add component (AddParameter): Name = "Power_Dissipation"; Value = "100mW"; VariantName = "[No Variations]"
Added Component: Designator=R107(0603_resistor_flat)
Add component (AddParameter): Name = "Case_Metric"; Value = "1608"; VariantName = "[No Variations]"
Add component (AddParameter): Name = "E12"; Value = "1K0, 1K2, 1K5, 1K8, 2K2, 2K7, 3K3, 3K9, 4K7, 5K6, 6K8, 8K2"; VariantName = "[No Variations]"
Add component (AddParameter): Name = "Manufacturer"; Value = ""; VariantName = "[No Variations]"
Add component (AddParameter): Name = "Part Number"; Value = "R___=Value"; VariantName = "[No Variations]"
Add component (AddParameter): Name = "Power_Dissipation"; Value = "100mW"; VariantName = "[No Variations]"
Added Component: Designator=R108(0603_resistor_flat)
Add component (AddParameter): Name = "Case_Metric"; Value = "1608"; VariantName = "[No Variations]"
Add component (AddParameter): Name = "E12"; Value = "1K0, 1K2, 1K5, 1K8, 2K2, 2K7, 3K3, 3K9, 4K7, 5K6, 6K8, 8K2"; VariantName = "[No Variations]"
Add component (AddParameter): Name = "Manufacturer"; Value = ""; VariantName = "[No Variations]"
Add component (AddParameter): Name = "Part Number"; Value = "R___=Value"; VariantName = "[No Variations]"
Add component (AddParameter): Name = "Power_Dissipation"; Value = "100mW"; VariantName = "[No Variations]"
Added Component: Designator=R_Data1(0603_resistor_flat)
Add component (AddParameter): Name = "Case_EIA"; Value = "0603"; VariantName = "[No Variations]"
Add component (AddParameter): Name = "Case_Metric"; Value = "1608"; VariantName = "[No Variations]"
Add component (AddParameter): Name = "E12"; Value = "1K0, 1K2, 1K5, 1K8, 2K2, 2K7, 3K3, 3K9, 4K7, 5K6, 6K8, 8K2"; VariantName = "[No Variations]"
Add component (AddParameter): Name = "Manufacturer"; Value = ""; VariantName = "[No Variations]"
Add component (AddParameter): Name = "Part Number"; Value = "R_0603_1%_3k3"; VariantName = "[No Variations]"
Add component (AddParameter): Name = "Power_Dissipation"; Value = "100mW"; VariantName = "[No Variations]"
Add component (AddParameter): Name = "Tolerance"; Value = "1%"; VariantName = "[No Variations]"
Add component (AddParameter): Name = "Value"; Value = "3k3"; VariantName = "[No Variations]"
Added Component: Designator=R_Data2(0603_resistor_flat)
Add component (AddParameter): Name = "Case_EIA"; Value = "0603"; VariantName = "[No Variations]"
Add component (AddParameter): Name = "Case_Metric"; Value = "1608"; VariantName = "[No Variations]"
Add component (AddParameter): Name = "E12"; Value = "1K0, 1K2, 1K5, 1K8, 2K2, 2K7, 3K3, 3K9, 4K7, 5K6, 6K8, 8K2"; VariantName = "[No Variations]"
Add component (AddParameter): Name = "Manufacturer"; Value = ""; VariantName = "[No Variations]"
Add component (AddParameter): Name = "Part Number"; Value = "R_0603_1%_3k3"; VariantName = "[No Variations]"
Add component (AddParameter): Name = "Power_Dissipation"; Value = "100mW"; VariantName = "[No Variations]"
Add component (AddParameter): Name = "Tolerance"; Value = "1%"; VariantName = "[No Variations]"
Add component (AddParameter): Name = "Value"; Value = "3k3"; VariantName = "[No Variations]"
Added Component: Designator=R_Data3(0603_resistor_flat)
Add component (AddParameter): Name = "Case_EIA"; Value = "0603"; VariantName = "[No Variations]"
Add component (AddParameter): Name = "Case_Metric"; Value = "1608"; VariantName = "[No Variations]"
Add component (AddParameter): Name = "E12"; Value = "1K0, 1K2, 1K5, 1K8, 2K2, 2K7, 3K3, 3K9, 4K7, 5K6, 6K8, 8K2"; VariantName = "[No Variations]"
Add component (AddParameter): Name = "Manufacturer"; Value = ""; VariantName = "[No Variations]"
Add component (AddParameter): Name = "Part Number"; Value = "R_0603_1%_3k3"; VariantName = "[No Variations]"
Add component (AddParameter): Name = "Power_Dissipation"; Value = "100mW"; VariantName = "[No Variations]"
Add component (AddParameter): Name = "Tolerance"; Value = "1%"; VariantName = "[No Variations]"
Add component (AddParameter): Name = "Value"; Value = "3k3"; VariantName = "[No Variations]"
Added Component: Designator=R_Data4(0603_resistor_flat)
Add component (AddParameter): Name = "Case_EIA"; Value = "0603"; VariantName = "[No Variations]"
Add component (AddParameter): Name = "Case_Metric"; Value = "1608"; VariantName = "[No Variations]"
Add component (AddParameter): Name = "E12"; Value = "1K0, 1K2, 1K5, 1K8, 2K2, 2K7, 3K3, 3K9, 4K7, 5K6, 6K8, 8K2"; VariantName = "[No Variations]"
Add component (AddParameter): Name = "Manufacturer"; Value = ""; VariantName = "[No Variations]"
Add component (AddParameter): Name = "Part Number"; Value = "R_0603_1%_3k3"; VariantName = "[No Variations]"
Add component (AddParameter): Name = "Power_Dissipation"; Value = "100mW"; VariantName = "[No Variations]"
Add component (AddParameter): Name = "Tolerance"; Value = "1%"; VariantName = "[No Variations]"
Add component (AddParameter): Name = "Value"; Value = "3k3"; VariantName = "[No Variations]"
Added Component: Designator=R_Data5(0603_resistor_flat)
Add component (AddParameter): Name = "Case_EIA"; Value = "0603"; VariantName = "[No Variations]"
Add component (AddParameter): Name = "Case_Metric"; Value = "1608"; VariantName = "[No Variations]"
Add component (AddParameter): Name = "E12"; Value = "1K0, 1K2, 1K5, 1K8, 2K2, 2K7, 3K3, 3K9, 4K7, 5K6, 6K8, 8K2"; VariantName = "[No Variations]"
Add component (AddParameter): Name = "Manufacturer"; Value = ""; VariantName = "[No Variations]"
Add component (AddParameter): Name = "Part Number"; Value = "R_0603_1%_3k3"; VariantName = "[No Variations]"
Add component (AddParameter): Name = "Power_Dissipation"; Value = "100mW"; VariantName = "[No Variations]"
Add component (AddParameter): Name = "Tolerance"; Value = "1%"; VariantName = "[No Variations]"
Add component (AddParameter): Name = "Value"; Value = "3k3"; VariantName = "[No Variations]"
Added Component: Designator=R_Data6(0603_resistor_flat)
Add component (AddParameter): Name = "Case_EIA"; Value = "0603"; VariantName = "[No Variations]"
Add component (AddParameter): Name = "Case_Metric"; Value = "1608"; VariantName = "[No Variations]"
Add component (AddParameter): Name = "E12"; Value = "1K0, 1K2, 1K5, 1K8, 2K2, 2K7, 3K3, 3K9, 4K7, 5K6, 6K8, 8K2"; VariantName = "[No Variations]"
Add component (AddParameter): Name = "Manufacturer"; Value = ""; VariantName = "[No Variations]"
Add component (AddParameter): Name = "Part Number"; Value = "R_0603_1%_3k3"; VariantName = "[No Variations]"
Add component (AddParameter): Name = "Power_Dissipation"; Value = "100mW"; VariantName = "[No Variations]"
Add component (AddParameter): Name = "Tolerance"; Value = "1%"; VariantName = "[No Variations]"
Add component (AddParameter): Name = "Value"; Value = "3k3"; VariantName = "[No Variations]"
Added Component: Designator=R_Data7(0603_resistor_flat)
Add component (AddParameter): Name = "Case_EIA"; Value = "0603"; VariantName = "[No Variations]"
Add component (AddParameter): Name = "Case_Metric"; Value = "1608"; VariantName = "[No Variations]"
Add component (AddParameter): Name = "E12"; Value = "1K0, 1K2, 1K5, 1K8, 2K2, 2K7, 3K3, 3K9, 4K7, 5K6, 6K8, 8K2"; VariantName = "[No Variations]"
Add component (AddParameter): Name = "Manufacturer"; Value = ""; VariantName = "[No Variations]"
Add component (AddParameter): Name = "Part Number"; Value = "R_0603_1%_3k3"; VariantName = "[No Variations]"
Add component (AddParameter): Name = "Power_Dissipation"; Value = "100mW"; VariantName = "[No Variations]"
Add component (AddParameter): Name = "Tolerance"; Value = "1%"; VariantName = "[No Variations]"
Add component (AddParameter): Name = "Value"; Value = "3k3"; VariantName = "[No Variations]"
Added Component: Designator=R_Data8(0603_resistor_flat)
Add component (AddParameter): Name = "Case_EIA"; Value = "0603"; VariantName = "[No Variations]"
Add component (AddParameter): Name = "Case_Metric"; Value = "1608"; VariantName = "[No Variations]"
Add component (AddParameter): Name = "E12"; Value = "1K0, 1K2, 1K5, 1K8, 2K2, 2K7, 3K3, 3K9, 4K7, 5K6, 6K8, 8K2"; VariantName = "[No Variations]"
Add component (AddParameter): Name = "Manufacturer"; Value = ""; VariantName = "[No Variations]"
Add component (AddParameter): Name = "Part Number"; Value = "R_0603_1%_3k3"; VariantName = "[No Variations]"
Add component (AddParameter): Name = "Power_Dissipation"; Value = "100mW"; VariantName = "[No Variations]"
Add component (AddParameter): Name = "Tolerance"; Value = "1%"; VariantName = "[No Variations]"
Add component (AddParameter): Name = "Value"; Value = "3k3"; VariantName = "[No Variations]"
Added Component: Designator=R_Power(0603_resistor_flat)
Add component (AddParameter): Name = "Case_EIA"; Value = "0603"; VariantName = "[No Variations]"
Add component (AddParameter): Name = "Case_Metric"; Value = "1608"; VariantName = "[No Variations]"
Add component (AddParameter): Name = "E12"; Value = "1K0, 1K2, 1K5, 1K8, 2K2, 2K7, 3K3, 3K9, 4K7, 5K6, 6K8, 8K2"; VariantName = "[No Variations]"
Add component (AddParameter): Name = "Manufacturer"; Value = ""; VariantName = "[No Variations]"
Add component (AddParameter): Name = "Part Number"; Value = "R_0603_1%_3k3"; VariantName = "[No Variations]"
Add component (AddParameter): Name = "Power_Dissipation"; Value = "100mW"; VariantName = "[No Variations]"
Add component (AddParameter): Name = "Tolerance"; Value = "1%"; VariantName = "[No Variations]"
Add component (AddParameter): Name = "Value"; Value = "3k3"; VariantName = "[No Variations]"
Added Component: Designator=R_PullDown_1(0603_resistor_flat)
Add component (AddParameter): Name = "Case_Metric"; Value = "1608"; VariantName = "[No Variations]"
Add component (AddParameter): Name = "E12"; Value = "1K0, 1K2, 1K5, 1K8, 2K2, 2K7, 3K3, 3K9, 4K7, 5K6, 6K8, 8K2"; VariantName = "[No Variations]"
Add component (AddParameter): Name = "Manufacturer"; Value = ""; VariantName = "[No Variations]"
Add component (AddParameter): Name = "Part Number"; Value = "R___=Value"; VariantName = "[No Variations]"
Add component (AddParameter): Name = "Power_Dissipation"; Value = "100mW"; VariantName = "[No Variations]"
Added Component: Designator=R_PullDown_2(0603_resistor_flat)
Add component (AddParameter): Name = "Case_Metric"; Value = "1608"; VariantName = "[No Variations]"
Add component (AddParameter): Name = "E12"; Value = "1K0, 1K2, 1K5, 1K8, 2K2, 2K7, 3K3, 3K9, 4K7, 5K6, 6K8, 8K2"; VariantName = "[No Variations]"
Add component (AddParameter): Name = "Manufacturer"; Value = ""; VariantName = "[No Variations]"
Add component (AddParameter): Name = "Part Number"; Value = "R___=Value"; VariantName = "[No Variations]"
Add component (AddParameter): Name = "Power_Dissipation"; Value = "100mW"; VariantName = "[No Variations]"
Added Component: Designator=R_PullDown_3(0603_resistor_flat)
Add component (AddParameter): Name = "Case_Metric"; Value = "1608"; VariantName = "[No Variations]"
Add component (AddParameter): Name = "E12"; Value = "1K0, 1K2, 1K5, 1K8, 2K2, 2K7, 3K3, 3K9, 4K7, 5K6, 6K8, 8K2"; VariantName = "[No Variations]"
Add component (AddParameter): Name = "Manufacturer"; Value = ""; VariantName = "[No Variations]"
Add component (AddParameter): Name = "Part Number"; Value = "R___=Value"; VariantName = "[No Variations]"
Add component (AddParameter): Name = "Power_Dissipation"; Value = "100mW"; VariantName = "[No Variations]"
Added Component: Designator=R_PullDown_4(0603_resistor_flat)
Add component (AddParameter): Name = "Case_Metric"; Value = "1608"; VariantName = "[No Variations]"
Add component (AddParameter): Name = "E12"; Value = "1K0, 1K2, 1K5, 1K8, 2K2, 2K7, 3K3, 3K9, 4K7, 5K6, 6K8, 8K2"; VariantName = "[No Variations]"
Add component (AddParameter): Name = "Manufacturer"; Value = ""; VariantName = "[No Variations]"
Add component (AddParameter): Name = "Part Number"; Value = "R___=Value"; VariantName = "[No Variations]"
Add component (AddParameter): Name = "Power_Dissipation"; Value = "100mW"; VariantName = "[No Variations]"
Added Component: Designator=R_PullDown_5(0603_resistor_flat)
Add component (AddParameter): Name = "Case_Metric"; Value = "1608"; VariantName = "[No Variations]"
Add component (AddParameter): Name = "E12"; Value = "1K0, 1K2, 1K5, 1K8, 2K2, 2K7, 3K3, 3K9, 4K7, 5K6, 6K8, 8K2"; VariantName = "[No Variations]"
Add component (AddParameter): Name = "Manufacturer"; Value = ""; VariantName = "[No Variations]"
Add component (AddParameter): Name = "Part Number"; Value = "R___=Value"; VariantName = "[No Variations]"
Add component (AddParameter): Name = "Power_Dissipation"; Value = "100mW"; VariantName = "[No Variations]"
Added Component: Designator=R_PullDown_6(0603_resistor_flat)
Add component (AddParameter): Name = "Case_Metric"; Value = "1608"; VariantName = "[No Variations]"
Add component (AddParameter): Name = "E12"; Value = "1K0, 1K2, 1K5, 1K8, 2K2, 2K7, 3K3, 3K9, 4K7, 5K6, 6K8, 8K2"; VariantName = "[No Variations]"
Add component (AddParameter): Name = "Manufacturer"; Value = ""; VariantName = "[No Variations]"
Add component (AddParameter): Name = "Part Number"; Value = "R___=Value"; VariantName = "[No Variations]"
Add component (AddParameter): Name = "Power_Dissipation"; Value = "100mW"; VariantName = "[No Variations]"
Added Component: Designator=R_PullDown_7(0603_resistor_flat)
Add component (AddParameter): Name = "Case_Metric"; Value = "1608"; VariantName = "[No Variations]"
Add component (AddParameter): Name = "E12"; Value = "1K0, 1K2, 1K5, 1K8, 2K2, 2K7, 3K3, 3K9, 4K7, 5K6, 6K8, 8K2"; VariantName = "[No Variations]"
Add component (AddParameter): Name = "Manufacturer"; Value = ""; VariantName = "[No Variations]"
Add component (AddParameter): Name = "Part Number"; Value = "R___=Value"; VariantName = "[No Variations]"
Add component (AddParameter): Name = "Power_Dissipation"; Value = "100mW"; VariantName = "[No Variations]"
Added Component: Designator=R_PullDown_8(0603_resistor_flat)
Add component (AddParameter): Name = "Case_Metric"; Value = "1608"; VariantName = "[No Variations]"
Add component (AddParameter): Name = "E12"; Value = "1K0, 1K2, 1K5, 1K8, 2K2, 2K7, 3K3, 3K9, 4K7, 5K6, 6K8, 8K2"; VariantName = "[No Variations]"
Add component (AddParameter): Name = "Manufacturer"; Value = ""; VariantName = "[No Variations]"
Add component (AddParameter): Name = "Part Number"; Value = "R___=Value"; VariantName = "[No Variations]"
Add component (AddParameter): Name = "Power_Dissipation"; Value = "100mW"; VariantName = "[No Variations]"
Added Component: Designator=R_PullDown_SER(0603_resistor_flat)
Add component (AddParameter): Name = "Case_Metric"; Value = "1608"; VariantName = "[No Variations]"
Add component (AddParameter): Name = "E12"; Value = "1K0, 1K2, 1K5, 1K8, 2K2, 2K7, 3K3, 3K9, 4K7, 5K6, 6K8, 8K2"; VariantName = "[No Variations]"
Add component (AddParameter): Name = "Manufacturer"; Value = ""; VariantName = "[No Variations]"
Add component (AddParameter): Name = "Part Number"; Value = "R___=Value"; VariantName = "[No Variations]"
Add component (AddParameter): Name = "Power_Dissipation"; Value = "100mW"; VariantName = "[No Variations]"
Add Component: Footprint Not Found SOP65P640X120-14N
Add Component: Footprint Not Found SOP65P640X120-14N
Added Component: Designator=U_SR(FP-SOT109-1-MFG)
Add component (AddParameter): Name = "Ambient Temperature Range High"; Value = "+125°C"; VariantName = "[No Variations]"
Add component (AddParameter): Name = "Ambient Temperature Range Low"; Value = "-40°C"; VariantName = "[No Variations]"
Add component (AddParameter): Name = "Automotive"; Value = "No"; VariantName = "[No Variations]"
Add component (AddParameter): Name = "Category"; Value = "IC"; VariantName = "[No Variations]"
Add component (AddParameter): Name = "ComponentLink2Description"; Value = "Datasheet"; VariantName = "[No Variations]"
Add component (AddParameter): Name = "ComponentLink2URL"; Value = "https://assets.nexperia.com/documents/data-sheet/74HC_HCT165.pdf"; VariantName = "[No Variations]"
Add component (AddParameter): Name = "Device Class L1"; Value = "Integrated Circuits (ICs)"; VariantName = "[No Variations]"
Add component (AddParameter): Name = "Device Class L2"; Value = "Logic ICs"; VariantName = "[No Variations]"
Add component (AddParameter): Name = "Device Class L3"; Value = "Shift Registers"; VariantName = "[No Variations]"
Add component (AddParameter): Name = "Digikey Description"; Value = "IC SHIFT REGST 8BIT PI-SO 16SOIC"; VariantName = "[No Variations]"
Add component (AddParameter): Name = "Footprint Url"; Value = "https://assets.nexperia.com/documents/outline-drawing/SOT109-1.pdf"; VariantName = "[No Variations]"
Add component (AddParameter): Name = "Frequency"; Value = "61MHz"; VariantName = "[No Variations]"
Add component (AddParameter): Name = "Height"; Value = "1.75mm"; VariantName = "[No Variations]"
Add component (AddParameter): Name = "Ipc Land Pattern Name"; Value = "SOP127P600X175-16"; VariantName = "[No Variations]"
Add component (AddParameter): Name = "Lead Free"; Value = "Yes"; VariantName = "[No Variations]"
Add component (AddParameter): Name = "Logic Function Desc"; Value = "Shift Register"; VariantName = "[No Variations]"
Add component (AddParameter): Name = "Manufacturer"; Value = "Nexperia"; VariantName = "[No Variations]"
Add component (AddParameter): Name = "Manufacturer Part Number"; Value = "74HC165D,653"; VariantName = "[No Variations]"
Add component (AddParameter): Name = "Max Supply Voltage"; Value = "6V"; VariantName = "[No Variations]"
Add component (AddParameter): Name = "Min Supply Voltage"; Value = "2V"; VariantName = "[No Variations]"
Add component (AddParameter): Name = "Nominal Supply Current"; Value = "8uA"; VariantName = "[No Variations]"
Add component (AddParameter): Name = "Number Of Circuits"; Value = "1"; VariantName = "[No Variations]"
Add component (AddParameter): Name = "Number Of Inputs"; Value = "8"; VariantName = "[No Variations]"
Add component (AddParameter): Name = "Number Of Outputs"; Value = "1"; VariantName = "[No Variations]"
Add component (AddParameter): Name = "Octopart"; Value = "https://octopart.com/74hc165d%2C653-nexperia-78737091"; VariantName = "[No Variations]"
Add component (AddParameter): Name = "Package"; Value = "SOT109-1"; VariantName = "[No Variations]"
Add component (AddParameter): Name = "Propagation Delay"; Value = "15ns"; VariantName = "[No Variations]"
Add component (AddParameter): Name = "RoHS"; Value = "TRUE"; VariantName = "[No Variations]"
Add component (AddParameter): Name = "Standoff Height"; Value = "0.1mm"; VariantName = "[No Variations]"
Add component (AddParameter): Name = "Temperature"; Value = "-40°C to +125°C"; VariantName = "[No Variations]"
Add component (AddParameter): Name = "Temperature Range High"; Value = "+125°C"; VariantName = "[No Variations]"
Add component (AddParameter): Name = "Temperature Range Low"; Value = "-40°C"; VariantName = "[No Variations]"
Added Component: Designator=X_Data_14(Samtec-IPL1-108-01-L-D-K)
Add component (AddParameter): Name = "LatestRevisionDate"; Value = "17-Jul-2002"; VariantName = "[No Variations]"
Add component (AddParameter): Name = "LatestRevisionNote"; Value = "Re-released for DXP Platform."; VariantName = "[No Variations]"
Add component (AddParameter): Name = "Manufacturer"; Value = ""; VariantName = "[No Variations]"
Add component (AddParameter): Name = "Publisher"; Value = "Altium Limited"; VariantName = "[No Variations]"
Add component (AddParameter): Name = "Value"; Value = "Samtec"; VariantName = "[No Variations]"
Added Component: Designator=X_Data_58(Samtec-IPL1-108-01-L-D-K)
Add component (AddParameter): Name = "LatestRevisionDate"; Value = "17-Jul-2002"; VariantName = "[No Variations]"
Add component (AddParameter): Name = "LatestRevisionNote"; Value = "Re-released for DXP Platform."; VariantName = "[No Variations]"
Add component (AddParameter): Name = "Manufacturer"; Value = ""; VariantName = "[No Variations]"
Add component (AddParameter): Name = "Publisher"; Value = "Altium Limited"; VariantName = "[No Variations]"
Add component (AddParameter): Name = "Value"; Value = "Samtec"; VariantName = "[No Variations]"
Added Component: Designator=X_In(Samtec-IPL1-108-01-L-S-K)
Add component (AddParameter): Name = "LatestRevisionDate"; Value = "17-Jul-2002"; VariantName = "[No Variations]"
Add component (AddParameter): Name = "LatestRevisionNote"; Value = "Re-released for DXP Platform."; VariantName = "[No Variations]"
Add component (AddParameter): Name = "Manufacturer"; Value = ""; VariantName = "[No Variations]"
Add component (AddParameter): Name = "Publisher"; Value = "Altium Limited"; VariantName = "[No Variations]"
Add component (AddParameter): Name = "Value"; Value = "Samtec-IPL1-108-01-L-S-K"; VariantName = "[No Variations]"
Added Component: Designator=X_Out(Samtec-IPL1-108-01-L-S-K)
Add component (AddParameter): Name = "LatestRevisionDate"; Value = "17-Jul-2002"; VariantName = "[No Variations]"
Add component (AddParameter): Name = "LatestRevisionNote"; Value = "Re-released for DXP Platform."; VariantName = "[No Variations]"
Add component (AddParameter): Name = "Manufacturer"; Value = ""; VariantName = "[No Variations]"
Add component (AddParameter): Name = "Publisher"; Value = "Altium Limited"; VariantName = "[No Variations]"
Add component (AddParameter): Name = "Value"; Value = "Samtec-IPL1-108-01-L-S-K"; VariantName = "[No Variations]"
Added Pin To Net: NetName=GND Pin=LED_1-1
Added Pin To Net: NetName=GND Pin=LED_2-1
Added Pin To Net: NetName=GND Pin=LED_3-1
Added Pin To Net: NetName=GND Pin=LED_4-1
Added Pin To Net: NetName=GND Pin=LED_5-1
Added Pin To Net: NetName=GND Pin=LED_6-1
Added Pin To Net: NetName=GND Pin=LED_7-1
Added Pin To Net: NetName=GND Pin=LED_8-1
Added Pin To Net: NetName=GND Pin=LED_Power-1
Add Pin To Net: Unknown Pin: Pin Q_LED-1
Add Pin To Net: Unknown Pin: Pin Q_LED-2
Add Pin To Net: Unknown Pin: Pin Q_LED-3
Added Pin To Net: NetName=LED1 Pin=R1-1
Added Pin To Net: NetName=LED_In Pin=R1-2
Added Pin To Net: NetName=LED2 Pin=R2-1
Added Pin To Net: NetName=LED_In Pin=R2-2
Added Pin To Net: NetName=LED3 Pin=R3-1
Added Pin To Net: NetName=LED_In Pin=R3-2
Added Pin To Net: NetName=LED4 Pin=R4-1
Added Pin To Net: NetName=LED_In Pin=R4-2
Added Pin To Net: NetName=LED5 Pin=R5-1
Added Pin To Net: NetName=LED_In Pin=R5-2
Added Pin To Net: NetName=LED6 Pin=R6-1
Added Pin To Net: NetName=LED_In Pin=R6-2
Added Pin To Net: NetName=LED7 Pin=R7-1
Added Pin To Net: NetName=LED_In Pin=R7-2
Added Pin To Net: NetName=LED8 Pin=R8-1
Added Pin To Net: NetName=LED_In Pin=R8-2
Added Pin To Net: NetName=V_Ref Pin=R10-1
Added Pin To Net: NetName=VCC Pin=R10-2
Added Pin To Net: NetName=GND Pin=R11-1
Added Pin To Net: NetName=V_Ref Pin=R11-2
Added Pin To Net: NetName=GND Pin=R101-1
Added Pin To Net: NetName=R_Photo_1 Pin=R101-2
Added Pin To Net: NetName=GND Pin=R102-1
Added Pin To Net: NetName=R_Photo_2 Pin=R102-2
Added Pin To Net: NetName=GND Pin=R103-1
Added Pin To Net: NetName=R_Photo_3 Pin=R103-2
Added Pin To Net: NetName=GND Pin=R104-1
Added Pin To Net: NetName=R_Photo_4 Pin=R104-2
Added Pin To Net: NetName=GND Pin=R105-1
Added Pin To Net: NetName=R_Photo_5 Pin=R105-2
Added Pin To Net: NetName=GND Pin=R106-1
Added Pin To Net: NetName=R_Photo_6 Pin=R106-2
Added Pin To Net: NetName=GND Pin=R107-1
Added Pin To Net: NetName=R_Photo_7 Pin=R107-2
Added Pin To Net: NetName=GND Pin=R108-1
Added Pin To Net: NetName=R_Photo_8 Pin=R108-2
Added Pin To Net: NetName=LED_Data_1 Pin=R_Data1-2
Added Pin To Net: NetName=LED_Data_2 Pin=R_Data2-2
Added Pin To Net: NetName=LED_Data_3 Pin=R_Data3-2
Added Pin To Net: NetName=LED_Data_4 Pin=R_Data4-2
Added Pin To Net: NetName=LED_Data_5 Pin=R_Data5-2
Added Pin To Net: NetName=LED_Data_6 Pin=R_Data6-2
Added Pin To Net: NetName=LED_Data_7 Pin=R_Data7-2
Added Pin To Net: NetName=LED_Data_8 Pin=R_Data8-2
Added Pin To Net: NetName=VCC Pin=R_Power-2
Added Pin To Net: NetName=GND Pin=R_PullDown_1-1
Added Pin To Net: NetName=LED_Data_1 Pin=R_PullDown_1-2
Added Pin To Net: NetName=GND Pin=R_PullDown_2-1
Added Pin To Net: NetName=LED_Data_2 Pin=R_PullDown_2-2
Added Pin To Net: NetName=GND Pin=R_PullDown_3-1
Added Pin To Net: NetName=LED_Data_3 Pin=R_PullDown_3-2
Added Pin To Net: NetName=GND Pin=R_PullDown_4-1
Added Pin To Net: NetName=LED_Data_4 Pin=R_PullDown_4-2
Added Pin To Net: NetName=GND Pin=R_PullDown_5-1
Added Pin To Net: NetName=LED_Data_5 Pin=R_PullDown_5-2
Added Pin To Net: NetName=GND Pin=R_PullDown_6-1
Added Pin To Net: NetName=LED_Data_6 Pin=R_PullDown_6-2
Added Pin To Net: NetName=GND Pin=R_PullDown_7-1
Added Pin To Net: NetName=LED_Data_7 Pin=R_PullDown_7-2
Added Pin To Net: NetName=GND Pin=R_PullDown_8-1
Added Pin To Net: NetName=LED_Data_8 Pin=R_PullDown_8-2
Added Pin To Net: NetName=GND Pin=R_PullDown_SER-1
Added Pin To Net: NetName=Serial_in Pin=R_PullDown_SER-2
Add Pin To Net: Unknown Pin: Pin U_1-1
Add Pin To Net: Unknown Pin: Pin U_1-2
Add Pin To Net: Unknown Pin: Pin U_1-3
Add Pin To Net: Unknown Pin: Pin U_1-4
Add Pin To Net: Unknown Pin: Pin U_1-5
Add Pin To Net: Unknown Pin: Pin U_1-6
Add Pin To Net: Unknown Pin: Pin U_1-7
Add Pin To Net: Unknown Pin: Pin U_1-8
Add Pin To Net: Unknown Pin: Pin U_1-9
Add Pin To Net: Unknown Pin: Pin U_1-10
Add Pin To Net: Unknown Pin: Pin U_1-11
Add Pin To Net: Unknown Pin: Pin U_1-12
Add Pin To Net: Unknown Pin: Pin U_1-13
Add Pin To Net: Unknown Pin: Pin U_1-14
Add Pin To Net: Unknown Pin: Pin U_2-1
Add Pin To Net: Unknown Pin: Pin U_2-2
Add Pin To Net: Unknown Pin: Pin U_2-3
Add Pin To Net: Unknown Pin: Pin U_2-4
Add Pin To Net: Unknown Pin: Pin U_2-5
Add Pin To Net: Unknown Pin: Pin U_2-6
Add Pin To Net: Unknown Pin: Pin U_2-7
Add Pin To Net: Unknown Pin: Pin U_2-8
Add Pin To Net: Unknown Pin: Pin U_2-9
Add Pin To Net: Unknown Pin: Pin U_2-10
Add Pin To Net: Unknown Pin: Pin U_2-11
Add Pin To Net: Unknown Pin: Pin U_2-12
Add Pin To Net: Unknown Pin: Pin U_2-13
Add Pin To Net: Unknown Pin: Pin U_2-14
Added Pin To Net: NetName=CLK Pin=U_SR-2
Added Pin To Net: NetName=LED_Data_5 Pin=U_SR-3
Added Pin To Net: NetName=LED_Data_6 Pin=U_SR-4
Added Pin To Net: NetName=LED_Data_7 Pin=U_SR-5
Added Pin To Net: NetName=LED_Data_8 Pin=U_SR-6
Added Pin To Net: NetName=Serial_Out Pin=U_SR-7
Added Pin To Net: NetName=GND Pin=U_SR-8
Added Pin To Net: NetName=Serial_in Pin=U_SR-10
Added Pin To Net: NetName=LED_Data_1 Pin=U_SR-11
Added Pin To Net: NetName=LED_Data_2 Pin=U_SR-12
Added Pin To Net: NetName=LED_Data_3 Pin=U_SR-13
Added Pin To Net: NetName=LED_Data_4 Pin=U_SR-14
Added Pin To Net: NetName=GND Pin=U_SR-15
Added Pin To Net: NetName=VCC Pin=U_SR-16
Added Pin To Net: NetName=R_Photo_4 Pin=X_Data_14-1
Added Pin To Net: NetName=LED4 Pin=X_Data_14-2
Added Pin To Net: NetName=R_Photo_3 Pin=X_Data_14-3
Added Pin To Net: NetName=LED3 Pin=X_Data_14-4
Added Pin To Net: NetName=R_Photo_2 Pin=X_Data_14-5
Added Pin To Net: NetName=LED2 Pin=X_Data_14-6
Added Pin To Net: NetName=R_Photo_1 Pin=X_Data_14-7
Added Pin To Net: NetName=LED1 Pin=X_Data_14-8
Added Pin To Net: NetName=VCC Pin=X_Data_14-9
Added Pin To Net: NetName=5V Pin=X_Data_14-10
Added Pin To Net: NetName=VCC Pin=X_Data_14-11
Added Pin To Net: NetName=5V Pin=X_Data_14-12
Added Pin To Net: NetName=VCC Pin=X_Data_14-13
Added Pin To Net: NetName=5V Pin=X_Data_14-14
Added Pin To Net: NetName=VCC Pin=X_Data_14-15
Added Pin To Net: NetName=5V Pin=X_Data_14-16
Added Pin To Net: NetName=VCC Pin=X_Data_58-1
Added Pin To Net: NetName=5V Pin=X_Data_58-2
Added Pin To Net: NetName=VCC Pin=X_Data_58-3
Added Pin To Net: NetName=5V Pin=X_Data_58-4
Added Pin To Net: NetName=VCC Pin=X_Data_58-5
Added Pin To Net: NetName=5V Pin=X_Data_58-6
Added Pin To Net: NetName=VCC Pin=X_Data_58-7
Added Pin To Net: NetName=5V Pin=X_Data_58-8
Added Pin To Net: NetName=R_Photo_8 Pin=X_Data_58-9
Added Pin To Net: NetName=LED8 Pin=X_Data_58-10
Added Pin To Net: NetName=R_Photo_7 Pin=X_Data_58-11
Added Pin To Net: NetName=LED7 Pin=X_Data_58-12
Added Pin To Net: NetName=R_Photo_6 Pin=X_Data_58-13
Added Pin To Net: NetName=LED6 Pin=X_Data_58-14
Added Pin To Net: NetName=R_Photo_5 Pin=X_Data_58-15
Added Pin To Net: NetName=LED5 Pin=X_Data_58-16
Added Pin To Net: NetName=5V Pin=X_In-3
Added Pin To Net: NetName=Serial_in Pin=X_In-4
Added Pin To Net: NetName=LED_Enable Pin=X_In-5
Added Pin To Net: NetName=CLK Pin=X_In-6
Added Pin To Net: NetName=VCC Pin=X_In-7
Added Pin To Net: NetName=GND Pin=X_In-8
Added Pin To Net: NetName=GND Pin=X_Out-1
Added Pin To Net: NetName=VCC Pin=X_Out-2
Added Pin To Net: NetName=CLK Pin=X_Out-3
Added Pin To Net: NetName=LED_Enable Pin=X_Out-4
Added Pin To Net: NetName=Serial_Out Pin=X_Out-5
Added Pin To Net: NetName=5V Pin=X_Out-6
Added Pin To Net: NetName=NetLED_1_2 Pin=LED_1-2
Added Pin To Net: NetName=NetLED_1_2 Pin=R_Data1-1
Added Net: Name=NetLED_1_2
Added Pin To Net: NetName=NetLED_2_2 Pin=LED_2-2
Added Pin To Net: NetName=NetLED_2_2 Pin=R_Data2-1
Added Net: Name=NetLED_2_2
Added Pin To Net: NetName=NetLED_3_2 Pin=LED_3-2
Added Pin To Net: NetName=NetLED_3_2 Pin=R_Data3-1
Added Net: Name=NetLED_3_2
Added Pin To Net: NetName=NetLED_4_2 Pin=LED_4-2
Added Pin To Net: NetName=NetLED_4_2 Pin=R_Data4-1
Added Net: Name=NetLED_4_2
Added Pin To Net: NetName=NetLED_5_2 Pin=LED_5-2
Added Pin To Net: NetName=NetLED_5_2 Pin=R_Data5-1
Added Net: Name=NetLED_5_2
Added Pin To Net: NetName=NetLED_6_2 Pin=LED_6-2
Added Pin To Net: NetName=NetLED_6_2 Pin=R_Data6-1
Added Net: Name=NetLED_6_2
Added Pin To Net: NetName=NetLED_7_2 Pin=LED_7-2
Added Pin To Net: NetName=NetLED_7_2 Pin=R_Data7-1
Added Net: Name=NetLED_7_2
Added Pin To Net: NetName=NetLED_8_2 Pin=LED_8-2
Added Pin To Net: NetName=NetLED_8_2 Pin=R_Data8-1
Added Net: Name=NetLED_8_2
Added Pin To Net: NetName=NetLED_Power_2 Pin=LED_Power-2
Added Pin To Net: NetName=NetLED_Power_2 Pin=R_Power-1
Added Net: Name=NetLED_Power_2
Added Pin To Net: NetName=Serial_Shift Pin=U_SR-1
Added Pin To Net: NetName=Serial_Shift Pin=X_In-2
Added Pin To Net: NetName=Serial_Shift Pin=X_Out-7
Added Net: Name=Serial_Shift
Added Member To Class: ClassName=Schieberegister_Trägerplatine Member=Component LED_1 150060*75000
Added Member To Class: ClassName=Schieberegister_Trägerplatine Member=Component LED_2 150060*75000
Added Member To Class: ClassName=Schieberegister_Trägerplatine Member=Component LED_3 150060*75000
Added Member To Class: ClassName=Schieberegister_Trägerplatine Member=Component LED_4 150060*75000
Added Member To Class: ClassName=Schieberegister_Trägerplatine Member=Component LED_5 150060*75000
Added Member To Class: ClassName=Schieberegister_Trägerplatine Member=Component LED_6 150060*75000
Added Member To Class: ClassName=Schieberegister_Trägerplatine Member=Component LED_7 150060*75000
Added Member To Class: ClassName=Schieberegister_Trägerplatine Member=Component LED_8 150060*75000
Added Member To Class: ClassName=Schieberegister_Trägerplatine Member=Component LED_Power 150060*75000
Added Member To Class: ClassName=Schieberegister_Trägerplatine Member=Component X_Data_14 Samtec-IPL1-108-01-L-D-K
Added Member To Class: ClassName=Schieberegister_Trägerplatine Member=Component X_Data_58 Samtec-IPL1-108-01-L-D-K
