Removed Pin From Net: NetName=VCC Pin=X6-1
Removed Pin From Net: NetName=GND Pin=X6-3
Added Component: Designator=D_1(WL-SMCW_0603_150060xx8x000)
Add component (AddParameter): Name = "Case/Size Code"; Value = "0603"; VariantName = "[No Variations]"
Add component (AddParameter): Name = "Category"; Value = "Signal LEDs"; VariantName = "[No Variations]"
Add component (AddParameter): Name = "Chip Technology"; Value = "InGaN"; VariantName = "[No Variations]"
Add component (AddParameter): Name = "ComponentLink1Description"; Value = "Website Link"; VariantName = "[No Variations]"
Add component (AddParameter): Name = "ComponentLink1URL"; Value = "https://www.we-online.com/redexpert/article/150060GS84000?ad"; VariantName = "[No Variations]"
Add component (AddParameter): Name = "ComponentLink2Description"; Value = "Datasheet Link"; VariantName = "[No Variations]"
Add component (AddParameter): Name = "ComponentLink2URL"; Value = "https://www.we-online.com/redexpert/spec/150060GS84000?ad"; VariantName = "[No Variations]"
Add component (AddParameter): Name = "Dominant Wavelength"; Value = "525nm"; VariantName = "[No Variations]"
Add component (AddParameter): Name = "Emitting Color"; Value = "Green"; VariantName = "[No Variations]"
Add component (AddParameter): Name = "Forward Voltage"; Value = "3.3V"; VariantName = "[No Variations]"
Add component (AddParameter): Name = "Height"; Value = "0.95mm"; VariantName = "[No Variations]"
Add component (AddParameter): Name = "Length"; Value = "1.6mm"; VariantName = "[No Variations]"
Add component (AddParameter): Name = "Luminous Intensity"; Value = "3000mcd"; VariantName = "[No Variations]"
Add component (AddParameter): Name = "Manufacturer"; Value = "Wurth Elektronik"; VariantName = "[No Variations]"
Add component (AddParameter): Name = "Manufacturer Part Number"; Value = "150060GS84000"; VariantName = "[No Variations]"
Add component (AddParameter): Name = "Match Code"; Value = "WL-SMCW"; VariantName = "[No Variations]"
Add component (AddParameter): Name = "Mount"; Value = "Surface Mount"; VariantName = "[No Variations]"
Add component (AddParameter): Name = "Operating Temperature Max"; Value = "85°C"; VariantName = "[No Variations]"
Add component (AddParameter): Name = "Operating Temperature Min"; Value = "-40°C"; VariantName = "[No Variations]"
Add component (AddParameter): Name = "Packaging"; Value = "Tape and Reel"; VariantName = "[No Variations]"
Add component (AddParameter): Name = "Peak Wavelength"; Value = "520nm"; VariantName = "[No Variations]"
Add component (AddParameter): Name = "Viewing Angle"; Value = "40°"; VariantName = "[No Variations]"
Add component (AddParameter): Name = "Width"; Value = "0.8mm"; VariantName = "[No Variations]"
Added Component: Designator=D_2(WL-SMCW_0603_150060xx8x000)
Add component (AddParameter): Name = "Case/Size Code"; Value = "0603"; VariantName = "[No Variations]"
Add component (AddParameter): Name = "Category"; Value = "Signal LEDs"; VariantName = "[No Variations]"
Add component (AddParameter): Name = "Chip Technology"; Value = "InGaN"; VariantName = "[No Variations]"
Add component (AddParameter): Name = "ComponentLink1Description"; Value = "Website Link"; VariantName = "[No Variations]"
Add component (AddParameter): Name = "ComponentLink1URL"; Value = "https://www.we-online.com/redexpert/article/150060GS84000?ad"; VariantName = "[No Variations]"
Add component (AddParameter): Name = "ComponentLink2Description"; Value = "Datasheet Link"; VariantName = "[No Variations]"
Add component (AddParameter): Name = "ComponentLink2URL"; Value = "https://www.we-online.com/redexpert/spec/150060GS84000?ad"; VariantName = "[No Variations]"
Add component (AddParameter): Name = "Dominant Wavelength"; Value = "525nm"; VariantName = "[No Variations]"
Add component (AddParameter): Name = "Emitting Color"; Value = "Green"; VariantName = "[No Variations]"
Add component (AddParameter): Name = "Forward Voltage"; Value = "3.3V"; VariantName = "[No Variations]"
Add component (AddParameter): Name = "Height"; Value = "0.95mm"; VariantName = "[No Variations]"
Add component (AddParameter): Name = "Length"; Value = "1.6mm"; VariantName = "[No Variations]"
Add component (AddParameter): Name = "Luminous Intensity"; Value = "3000mcd"; VariantName = "[No Variations]"
Add component (AddParameter): Name = "Manufacturer"; Value = "Wurth Elektronik"; VariantName = "[No Variations]"
Add component (AddParameter): Name = "Manufacturer Part Number"; Value = "150060GS84000"; VariantName = "[No Variations]"
Add component (AddParameter): Name = "Match Code"; Value = "WL-SMCW"; VariantName = "[No Variations]"
Add component (AddParameter): Name = "Mount"; Value = "Surface Mount"; VariantName = "[No Variations]"
Add component (AddParameter): Name = "Operating Temperature Max"; Value = "85°C"; VariantName = "[No Variations]"
Add component (AddParameter): Name = "Operating Temperature Min"; Value = "-40°C"; VariantName = "[No Variations]"
Add component (AddParameter): Name = "Packaging"; Value = "Tape and Reel"; VariantName = "[No Variations]"
Add component (AddParameter): Name = "Peak Wavelength"; Value = "520nm"; VariantName = "[No Variations]"
Add component (AddParameter): Name = "Viewing Angle"; Value = "40°"; VariantName = "[No Variations]"
Add component (AddParameter): Name = "Width"; Value = "0.8mm"; VariantName = "[No Variations]"
Added Component: Designator=D_3(WL-SMCW_0603_150060xx8x000)
Add component (AddParameter): Name = "Case/Size Code"; Value = "0603"; VariantName = "[No Variations]"
Add component (AddParameter): Name = "Category"; Value = "Signal LEDs"; VariantName = "[No Variations]"
Add component (AddParameter): Name = "Chip Technology"; Value = "InGaN"; VariantName = "[No Variations]"
Add component (AddParameter): Name = "ComponentLink1Description"; Value = "Website Link"; VariantName = "[No Variations]"
Add component (AddParameter): Name = "ComponentLink1URL"; Value = "https://www.we-online.com/redexpert/article/150060GS84000?ad"; VariantName = "[No Variations]"
Add component (AddParameter): Name = "ComponentLink2Description"; Value = "Datasheet Link"; VariantName = "[No Variations]"
Add component (AddParameter): Name = "ComponentLink2URL"; Value = "https://www.we-online.com/redexpert/spec/150060GS84000?ad"; VariantName = "[No Variations]"
Add component (AddParameter): Name = "Dominant Wavelength"; Value = "525nm"; VariantName = "[No Variations]"
Add component (AddParameter): Name = "Emitting Color"; Value = "Green"; VariantName = "[No Variations]"
Add component (AddParameter): Name = "Forward Voltage"; Value = "3.3V"; VariantName = "[No Variations]"
Add component (AddParameter): Name = "Height"; Value = "0.95mm"; VariantName = "[No Variations]"
Add component (AddParameter): Name = "Length"; Value = "1.6mm"; VariantName = "[No Variations]"
Add component (AddParameter): Name = "Luminous Intensity"; Value = "3000mcd"; VariantName = "[No Variations]"
Add component (AddParameter): Name = "Manufacturer"; Value = "Wurth Elektronik"; VariantName = "[No Variations]"
Add component (AddParameter): Name = "Manufacturer Part Number"; Value = "150060GS84000"; VariantName = "[No Variations]"
Add component (AddParameter): Name = "Match Code"; Value = "WL-SMCW"; VariantName = "[No Variations]"
Add component (AddParameter): Name = "Mount"; Value = "Surface Mount"; VariantName = "[No Variations]"
Add component (AddParameter): Name = "Operating Temperature Max"; Value = "85°C"; VariantName = "[No Variations]"
Add component (AddParameter): Name = "Operating Temperature Min"; Value = "-40°C"; VariantName = "[No Variations]"
Add component (AddParameter): Name = "Packaging"; Value = "Tape and Reel"; VariantName = "[No Variations]"
Add component (AddParameter): Name = "Peak Wavelength"; Value = "520nm"; VariantName = "[No Variations]"
Add component (AddParameter): Name = "Viewing Angle"; Value = "40°"; VariantName = "[No Variations]"
Add component (AddParameter): Name = "Width"; Value = "0.8mm"; VariantName = "[No Variations]"
Added Component: Designator=D_4(WL-SMCW_0603_150060xx8x000)
Add component (AddParameter): Name = "Case/Size Code"; Value = "0603"; VariantName = "[No Variations]"
Add component (AddParameter): Name = "Category"; Value = "Signal LEDs"; VariantName = "[No Variations]"
Add component (AddParameter): Name = "Chip Technology"; Value = "InGaN"; VariantName = "[No Variations]"
Add component (AddParameter): Name = "ComponentLink1Description"; Value = "Website Link"; VariantName = "[No Variations]"
Add component (AddParameter): Name = "ComponentLink1URL"; Value = "https://www.we-online.com/redexpert/article/150060GS84000?ad"; VariantName = "[No Variations]"
Add component (AddParameter): Name = "ComponentLink2Description"; Value = "Datasheet Link"; VariantName = "[No Variations]"
Add component (AddParameter): Name = "ComponentLink2URL"; Value = "https://www.we-online.com/redexpert/spec/150060GS84000?ad"; VariantName = "[No Variations]"
Add component (AddParameter): Name = "Dominant Wavelength"; Value = "525nm"; VariantName = "[No Variations]"
Add component (AddParameter): Name = "Emitting Color"; Value = "Green"; VariantName = "[No Variations]"
Add component (AddParameter): Name = "Forward Voltage"; Value = "3.3V"; VariantName = "[No Variations]"
Add component (AddParameter): Name = "Height"; Value = "0.95mm"; VariantName = "[No Variations]"
Add component (AddParameter): Name = "Length"; Value = "1.6mm"; VariantName = "[No Variations]"
Add component (AddParameter): Name = "Luminous Intensity"; Value = "3000mcd"; VariantName = "[No Variations]"
Add component (AddParameter): Name = "Manufacturer"; Value = "Wurth Elektronik"; VariantName = "[No Variations]"
Add component (AddParameter): Name = "Manufacturer Part Number"; Value = "150060GS84000"; VariantName = "[No Variations]"
Add component (AddParameter): Name = "Match Code"; Value = "WL-SMCW"; VariantName = "[No Variations]"
Add component (AddParameter): Name = "Mount"; Value = "Surface Mount"; VariantName = "[No Variations]"
Add component (AddParameter): Name = "Operating Temperature Max"; Value = "85°C"; VariantName = "[No Variations]"
Add component (AddParameter): Name = "Operating Temperature Min"; Value = "-40°C"; VariantName = "[No Variations]"
Add component (AddParameter): Name = "Packaging"; Value = "Tape and Reel"; VariantName = "[No Variations]"
Add component (AddParameter): Name = "Peak Wavelength"; Value = "520nm"; VariantName = "[No Variations]"
Add component (AddParameter): Name = "Viewing Angle"; Value = "40°"; VariantName = "[No Variations]"
Add component (AddParameter): Name = "Width"; Value = "0.8mm"; VariantName = "[No Variations]"
Added Component: Designator=D_5(WL-SMCW_0603_150060xx8x000)
Add component (AddParameter): Name = "Case/Size Code"; Value = "0603"; VariantName = "[No Variations]"
Add component (AddParameter): Name = "Category"; Value = "Signal LEDs"; VariantName = "[No Variations]"
Add component (AddParameter): Name = "Chip Technology"; Value = "InGaN"; VariantName = "[No Variations]"
Add component (AddParameter): Name = "ComponentLink1Description"; Value = "Website Link"; VariantName = "[No Variations]"
Add component (AddParameter): Name = "ComponentLink1URL"; Value = "https://www.we-online.com/redexpert/article/150060GS84000?ad"; VariantName = "[No Variations]"
Add component (AddParameter): Name = "ComponentLink2Description"; Value = "Datasheet Link"; VariantName = "[No Variations]"
Add component (AddParameter): Name = "ComponentLink2URL"; Value = "https://www.we-online.com/redexpert/spec/150060GS84000?ad"; VariantName = "[No Variations]"
Add component (AddParameter): Name = "Dominant Wavelength"; Value = "525nm"; VariantName = "[No Variations]"
Add component (AddParameter): Name = "Emitting Color"; Value = "Green"; VariantName = "[No Variations]"
Add component (AddParameter): Name = "Forward Voltage"; Value = "3.3V"; VariantName = "[No Variations]"
Add component (AddParameter): Name = "Height"; Value = "0.95mm"; VariantName = "[No Variations]"
Add component (AddParameter): Name = "Length"; Value = "1.6mm"; VariantName = "[No Variations]"
Add component (AddParameter): Name = "Luminous Intensity"; Value = "3000mcd"; VariantName = "[No Variations]"
Add component (AddParameter): Name = "Manufacturer"; Value = "Wurth Elektronik"; VariantName = "[No Variations]"
Add component (AddParameter): Name = "Manufacturer Part Number"; Value = "150060GS84000"; VariantName = "[No Variations]"
Add component (AddParameter): Name = "Match Code"; Value = "WL-SMCW"; VariantName = "[No Variations]"
Add component (AddParameter): Name = "Mount"; Value = "Surface Mount"; VariantName = "[No Variations]"
Add component (AddParameter): Name = "Operating Temperature Max"; Value = "85°C"; VariantName = "[No Variations]"
Add component (AddParameter): Name = "Operating Temperature Min"; Value = "-40°C"; VariantName = "[No Variations]"
Add component (AddParameter): Name = "Packaging"; Value = "Tape and Reel"; VariantName = "[No Variations]"
Add component (AddParameter): Name = "Peak Wavelength"; Value = "520nm"; VariantName = "[No Variations]"
Add component (AddParameter): Name = "Viewing Angle"; Value = "40°"; VariantName = "[No Variations]"
Add component (AddParameter): Name = "Width"; Value = "0.8mm"; VariantName = "[No Variations]"
Added Component: Designator=D_6(WL-SMCW_0603_150060xx8x000)
Add component (AddParameter): Name = "Case/Size Code"; Value = "0603"; VariantName = "[No Variations]"
Add component (AddParameter): Name = "Category"; Value = "Signal LEDs"; VariantName = "[No Variations]"
Add component (AddParameter): Name = "Chip Technology"; Value = "InGaN"; VariantName = "[No Variations]"
Add component (AddParameter): Name = "ComponentLink1Description"; Value = "Website Link"; VariantName = "[No Variations]"
Add component (AddParameter): Name = "ComponentLink1URL"; Value = "https://www.we-online.com/redexpert/article/150060GS84000?ad"; VariantName = "[No Variations]"
Add component (AddParameter): Name = "ComponentLink2Description"; Value = "Datasheet Link"; VariantName = "[No Variations]"
Add component (AddParameter): Name = "ComponentLink2URL"; Value = "https://www.we-online.com/redexpert/spec/150060GS84000?ad"; VariantName = "[No Variations]"
Add component (AddParameter): Name = "Dominant Wavelength"; Value = "525nm"; VariantName = "[No Variations]"
Add component (AddParameter): Name = "Emitting Color"; Value = "Green"; VariantName = "[No Variations]"
Add component (AddParameter): Name = "Forward Voltage"; Value = "3.3V"; VariantName = "[No Variations]"
Add component (AddParameter): Name = "Height"; Value = "0.95mm"; VariantName = "[No Variations]"
Add component (AddParameter): Name = "Length"; Value = "1.6mm"; VariantName = "[No Variations]"
Add component (AddParameter): Name = "Luminous Intensity"; Value = "3000mcd"; VariantName = "[No Variations]"
Add component (AddParameter): Name = "Manufacturer"; Value = "Wurth Elektronik"; VariantName = "[No Variations]"
Add component (AddParameter): Name = "Manufacturer Part Number"; Value = "150060GS84000"; VariantName = "[No Variations]"
Add component (AddParameter): Name = "Match Code"; Value = "WL-SMCW"; VariantName = "[No Variations]"
Add component (AddParameter): Name = "Mount"; Value = "Surface Mount"; VariantName = "[No Variations]"
Add component (AddParameter): Name = "Operating Temperature Max"; Value = "85°C"; VariantName = "[No Variations]"
Add component (AddParameter): Name = "Operating Temperature Min"; Value = "-40°C"; VariantName = "[No Variations]"
Add component (AddParameter): Name = "Packaging"; Value = "Tape and Reel"; VariantName = "[No Variations]"
Add component (AddParameter): Name = "Peak Wavelength"; Value = "520nm"; VariantName = "[No Variations]"
Add component (AddParameter): Name = "Viewing Angle"; Value = "40°"; VariantName = "[No Variations]"
Add component (AddParameter): Name = "Width"; Value = "0.8mm"; VariantName = "[No Variations]"
Added Component: Designator=D_7(WL-SMCW_0603_150060xx8x000)
Add component (AddParameter): Name = "Case/Size Code"; Value = "0603"; VariantName = "[No Variations]"
Add component (AddParameter): Name = "Category"; Value = "Signal LEDs"; VariantName = "[No Variations]"
Add component (AddParameter): Name = "Chip Technology"; Value = "InGaN"; VariantName = "[No Variations]"
Add component (AddParameter): Name = "ComponentLink1Description"; Value = "Website Link"; VariantName = "[No Variations]"
Add component (AddParameter): Name = "ComponentLink1URL"; Value = "https://www.we-online.com/redexpert/article/150060GS84000?ad"; VariantName = "[No Variations]"
Add component (AddParameter): Name = "ComponentLink2Description"; Value = "Datasheet Link"; VariantName = "[No Variations]"
Add component (AddParameter): Name = "ComponentLink2URL"; Value = "https://www.we-online.com/redexpert/spec/150060GS84000?ad"; VariantName = "[No Variations]"
Add component (AddParameter): Name = "Dominant Wavelength"; Value = "525nm"; VariantName = "[No Variations]"
Add component (AddParameter): Name = "Emitting Color"; Value = "Green"; VariantName = "[No Variations]"
Add component (AddParameter): Name = "Forward Voltage"; Value = "3.3V"; VariantName = "[No Variations]"
Add component (AddParameter): Name = "Height"; Value = "0.95mm"; VariantName = "[No Variations]"
Add component (AddParameter): Name = "Length"; Value = "1.6mm"; VariantName = "[No Variations]"
Add component (AddParameter): Name = "Luminous Intensity"; Value = "3000mcd"; VariantName = "[No Variations]"
Add component (AddParameter): Name = "Manufacturer"; Value = "Wurth Elektronik"; VariantName = "[No Variations]"
Add component (AddParameter): Name = "Manufacturer Part Number"; Value = "150060GS84000"; VariantName = "[No Variations]"
Add component (AddParameter): Name = "Match Code"; Value = "WL-SMCW"; VariantName = "[No Variations]"
Add component (AddParameter): Name = "Mount"; Value = "Surface Mount"; VariantName = "[No Variations]"
Add component (AddParameter): Name = "Operating Temperature Max"; Value = "85°C"; VariantName = "[No Variations]"
Add component (AddParameter): Name = "Operating Temperature Min"; Value = "-40°C"; VariantName = "[No Variations]"
Add component (AddParameter): Name = "Packaging"; Value = "Tape and Reel"; VariantName = "[No Variations]"
Add component (AddParameter): Name = "Peak Wavelength"; Value = "520nm"; VariantName = "[No Variations]"
Add component (AddParameter): Name = "Viewing Angle"; Value = "40°"; VariantName = "[No Variations]"
Add component (AddParameter): Name = "Width"; Value = "0.8mm"; VariantName = "[No Variations]"
Added Component: Designator=D_8(WL-SMCW_0603_150060xx8x000)
Add component (AddParameter): Name = "Case/Size Code"; Value = "0603"; VariantName = "[No Variations]"
Add component (AddParameter): Name = "Category"; Value = "Signal LEDs"; VariantName = "[No Variations]"
Add component (AddParameter): Name = "Chip Technology"; Value = "InGaN"; VariantName = "[No Variations]"
Add component (AddParameter): Name = "ComponentLink1Description"; Value = "Website Link"; VariantName = "[No Variations]"
Add component (AddParameter): Name = "ComponentLink1URL"; Value = "https://www.we-online.com/redexpert/article/150060GS84000?ad"; VariantName = "[No Variations]"
Add component (AddParameter): Name = "ComponentLink2Description"; Value = "Datasheet Link"; VariantName = "[No Variations]"
Add component (AddParameter): Name = "ComponentLink2URL"; Value = "https://www.we-online.com/redexpert/spec/150060GS84000?ad"; VariantName = "[No Variations]"
Add component (AddParameter): Name = "Dominant Wavelength"; Value = "525nm"; VariantName = "[No Variations]"
Add component (AddParameter): Name = "Emitting Color"; Value = "Green"; VariantName = "[No Variations]"
Add component (AddParameter): Name = "Forward Voltage"; Value = "3.3V"; VariantName = "[No Variations]"
Add component (AddParameter): Name = "Height"; Value = "0.95mm"; VariantName = "[No Variations]"
Add component (AddParameter): Name = "Length"; Value = "1.6mm"; VariantName = "[No Variations]"
Add component (AddParameter): Name = "Luminous Intensity"; Value = "3000mcd"; VariantName = "[No Variations]"
Add component (AddParameter): Name = "Manufacturer"; Value = "Wurth Elektronik"; VariantName = "[No Variations]"
Add component (AddParameter): Name = "Manufacturer Part Number"; Value = "150060GS84000"; VariantName = "[No Variations]"
Add component (AddParameter): Name = "Match Code"; Value = "WL-SMCW"; VariantName = "[No Variations]"
Add component (AddParameter): Name = "Mount"; Value = "Surface Mount"; VariantName = "[No Variations]"
Add component (AddParameter): Name = "Operating Temperature Max"; Value = "85°C"; VariantName = "[No Variations]"
Add component (AddParameter): Name = "Operating Temperature Min"; Value = "-40°C"; VariantName = "[No Variations]"
Add component (AddParameter): Name = "Packaging"; Value = "Tape and Reel"; VariantName = "[No Variations]"
Add component (AddParameter): Name = "Peak Wavelength"; Value = "520nm"; VariantName = "[No Variations]"
Add component (AddParameter): Name = "Viewing Angle"; Value = "40°"; VariantName = "[No Variations]"
Add component (AddParameter): Name = "Width"; Value = "0.8mm"; VariantName = "[No Variations]"
Added Component: Designator=D_Power(WL-SMCW_0603_150060xx8x000)
Add component (AddParameter): Name = "Case/Size Code"; Value = "0603"; VariantName = "[No Variations]"
Add component (AddParameter): Name = "Category"; Value = "Signal LEDs"; VariantName = "[No Variations]"
Add component (AddParameter): Name = "Chip Technology"; Value = "InGaN"; VariantName = "[No Variations]"
Add component (AddParameter): Name = "ComponentLink1Description"; Value = "Website Link"; VariantName = "[No Variations]"
Add component (AddParameter): Name = "ComponentLink1URL"; Value = "https://www.we-online.com/redexpert/article/150060GS84000?ad"; VariantName = "[No Variations]"
Add component (AddParameter): Name = "ComponentLink2Description"; Value = "Datasheet Link"; VariantName = "[No Variations]"
Add component (AddParameter): Name = "ComponentLink2URL"; Value = "https://www.we-online.com/redexpert/spec/150060GS84000?ad"; VariantName = "[No Variations]"
Add component (AddParameter): Name = "Dominant Wavelength"; Value = "525nm"; VariantName = "[No Variations]"
Add component (AddParameter): Name = "Emitting Color"; Value = "Green"; VariantName = "[No Variations]"
Add component (AddParameter): Name = "Forward Voltage"; Value = "3.3V"; VariantName = "[No Variations]"
Add component (AddParameter): Name = "Height"; Value = "0.95mm"; VariantName = "[No Variations]"
Add component (AddParameter): Name = "Length"; Value = "1.6mm"; VariantName = "[No Variations]"
Add component (AddParameter): Name = "Luminous Intensity"; Value = "3000mcd"; VariantName = "[No Variations]"
Add component (AddParameter): Name = "Manufacturer"; Value = "Wurth Elektronik"; VariantName = "[No Variations]"
Add component (AddParameter): Name = "Manufacturer Part Number"; Value = "150060GS84000"; VariantName = "[No Variations]"
Add component (AddParameter): Name = "Match Code"; Value = "WL-SMCW"; VariantName = "[No Variations]"
Add component (AddParameter): Name = "Mount"; Value = "Surface Mount"; VariantName = "[No Variations]"
Add component (AddParameter): Name = "Operating Temperature Max"; Value = "85°C"; VariantName = "[No Variations]"
Add component (AddParameter): Name = "Operating Temperature Min"; Value = "-40°C"; VariantName = "[No Variations]"
Add component (AddParameter): Name = "Packaging"; Value = "Tape and Reel"; VariantName = "[No Variations]"
Add component (AddParameter): Name = "Peak Wavelength"; Value = "520nm"; VariantName = "[No Variations]"
Add component (AddParameter): Name = "Viewing Angle"; Value = "40°"; VariantName = "[No Variations]"
Add component (AddParameter): Name = "Width"; Value = "0.8mm"; VariantName = "[No Variations]"
Added Component: Designator=R1(0603_resistor_flat)
Add component (AddParameter): Name = "Case_EIA"; Value = "0603"; VariantName = "[No Variations]"
Add component (AddParameter): Name = "Case_Metric"; Value = "1608"; VariantName = "[No Variations]"
Add component (AddParameter): Name = "E12"; Value = "1K0, 1K2, 1K5, 1K8, 2K2, 2K7, 3K3, 3K9, 4K7, 5K6, 6K8, 8K2"; VariantName = "[No Variations]"
Add component (AddParameter): Name = "Manufacturer"; Value = ""; VariantName = "[No Variations]"
Add component (AddParameter): Name = "Part Number"; Value = "R_0603_1%_xx"; VariantName = "[No Variations]"
Add component (AddParameter): Name = "Power_Dissipation"; Value = "100mW"; VariantName = "[No Variations]"
Add component (AddParameter): Name = "Tolerance"; Value = "1%"; VariantName = "[No Variations]"
Add component (AddParameter): Name = "Value"; Value = "xx"; VariantName = "[No Variations]"
Added Component: Designator=R2(0603_resistor_flat)
Add component (AddParameter): Name = "Case_EIA"; Value = "0603"; VariantName = "[No Variations]"
Add component (AddParameter): Name = "Case_Metric"; Value = "1608"; VariantName = "[No Variations]"
Add component (AddParameter): Name = "E12"; Value = "1K0, 1K2, 1K5, 1K8, 2K2, 2K7, 3K3, 3K9, 4K7, 5K6, 6K8, 8K2"; VariantName = "[No Variations]"
Add component (AddParameter): Name = "Manufacturer"; Value = ""; VariantName = "[No Variations]"
Add component (AddParameter): Name = "Part Number"; Value = "R_0603_1%_xx"; VariantName = "[No Variations]"
Add component (AddParameter): Name = "Power_Dissipation"; Value = "100mW"; VariantName = "[No Variations]"
Add component (AddParameter): Name = "Tolerance"; Value = "1%"; VariantName = "[No Variations]"
Add component (AddParameter): Name = "Value"; Value = "xx"; VariantName = "[No Variations]"
Added Component: Designator=R3(0603_resistor_flat)
Add component (AddParameter): Name = "Case_EIA"; Value = "0603"; VariantName = "[No Variations]"
Add component (AddParameter): Name = "Case_Metric"; Value = "1608"; VariantName = "[No Variations]"
Add component (AddParameter): Name = "E12"; Value = "1K0, 1K2, 1K5, 1K8, 2K2, 2K7, 3K3, 3K9, 4K7, 5K6, 6K8, 8K2"; VariantName = "[No Variations]"
Add component (AddParameter): Name = "Manufacturer"; Value = ""; VariantName = "[No Variations]"
Add component (AddParameter): Name = "Part Number"; Value = "R_0603_1%_xx"; VariantName = "[No Variations]"
Add component (AddParameter): Name = "Power_Dissipation"; Value = "100mW"; VariantName = "[No Variations]"
Add component (AddParameter): Name = "Tolerance"; Value = "1%"; VariantName = "[No Variations]"
Add component (AddParameter): Name = "Value"; Value = "xx"; VariantName = "[No Variations]"
Added Component: Designator=R4(0603_resistor_flat)
Add component (AddParameter): Name = "Case_EIA"; Value = "0603"; VariantName = "[No Variations]"
Add component (AddParameter): Name = "Case_Metric"; Value = "1608"; VariantName = "[No Variations]"
Add component (AddParameter): Name = "E12"; Value = "1K0, 1K2, 1K5, 1K8, 2K2, 2K7, 3K3, 3K9, 4K7, 5K6, 6K8, 8K2"; VariantName = "[No Variations]"
Add component (AddParameter): Name = "Manufacturer"; Value = ""; VariantName = "[No Variations]"
Add component (AddParameter): Name = "Part Number"; Value = "R_0603_1%_xx"; VariantName = "[No Variations]"
Add component (AddParameter): Name = "Power_Dissipation"; Value = "100mW"; VariantName = "[No Variations]"
Add component (AddParameter): Name = "Tolerance"; Value = "1%"; VariantName = "[No Variations]"
Add component (AddParameter): Name = "Value"; Value = "xx"; VariantName = "[No Variations]"
Added Component: Designator=R5(0603_resistor_flat)
Add component (AddParameter): Name = "Case_EIA"; Value = "0603"; VariantName = "[No Variations]"
Add component (AddParameter): Name = "Case_Metric"; Value = "1608"; VariantName = "[No Variations]"
Add component (AddParameter): Name = "E12"; Value = "1K0, 1K2, 1K5, 1K8, 2K2, 2K7, 3K3, 3K9, 4K7, 5K6, 6K8, 8K2"; VariantName = "[No Variations]"
Add component (AddParameter): Name = "Manufacturer"; Value = ""; VariantName = "[No Variations]"
Add component (AddParameter): Name = "Part Number"; Value = "R_0603_1%_xx"; VariantName = "[No Variations]"
Add component (AddParameter): Name = "Power_Dissipation"; Value = "100mW"; VariantName = "[No Variations]"
Add component (AddParameter): Name = "Tolerance"; Value = "1%"; VariantName = "[No Variations]"
Add component (AddParameter): Name = "Value"; Value = "xx"; VariantName = "[No Variations]"
Added Component: Designator=R6(0603_resistor_flat)
Add component (AddParameter): Name = "Case_EIA"; Value = "0603"; VariantName = "[No Variations]"
Add component (AddParameter): Name = "Case_Metric"; Value = "1608"; VariantName = "[No Variations]"
Add component (AddParameter): Name = "E12"; Value = "1K0, 1K2, 1K5, 1K8, 2K2, 2K7, 3K3, 3K9, 4K7, 5K6, 6K8, 8K2"; VariantName = "[No Variations]"
Add component (AddParameter): Name = "Manufacturer"; Value = ""; VariantName = "[No Variations]"
Add component (AddParameter): Name = "Part Number"; Value = "R_0603_1%_xx"; VariantName = "[No Variations]"
Add component (AddParameter): Name = "Power_Dissipation"; Value = "100mW"; VariantName = "[No Variations]"
Add component (AddParameter): Name = "Tolerance"; Value = "1%"; VariantName = "[No Variations]"
Add component (AddParameter): Name = "Value"; Value = "xx"; VariantName = "[No Variations]"
Added Component: Designator=R7(0603_resistor_flat)
Add component (AddParameter): Name = "Case_EIA"; Value = "0603"; VariantName = "[No Variations]"
Add component (AddParameter): Name = "Case_Metric"; Value = "1608"; VariantName = "[No Variations]"
Add component (AddParameter): Name = "E12"; Value = "1K0, 1K2, 1K5, 1K8, 2K2, 2K7, 3K3, 3K9, 4K7, 5K6, 6K8, 8K2"; VariantName = "[No Variations]"
Add component (AddParameter): Name = "Manufacturer"; Value = ""; VariantName = "[No Variations]"
Add component (AddParameter): Name = "Part Number"; Value = "R_0603_1%_xx"; VariantName = "[No Variations]"
Add component (AddParameter): Name = "Power_Dissipation"; Value = "100mW"; VariantName = "[No Variations]"
Add component (AddParameter): Name = "Tolerance"; Value = "1%"; VariantName = "[No Variations]"
Add component (AddParameter): Name = "Value"; Value = "xx"; VariantName = "[No Variations]"
Added Component: Designator=R8(0603_resistor_flat)
Add component (AddParameter): Name = "Case_EIA"; Value = "0603"; VariantName = "[No Variations]"
Add component (AddParameter): Name = "Case_Metric"; Value = "1608"; VariantName = "[No Variations]"
Add component (AddParameter): Name = "E12"; Value = "1K0, 1K2, 1K5, 1K8, 2K2, 2K7, 3K3, 3K9, 4K7, 5K6, 6K8, 8K2"; VariantName = "[No Variations]"
Add component (AddParameter): Name = "Manufacturer"; Value = ""; VariantName = "[No Variations]"
Add component (AddParameter): Name = "Part Number"; Value = "R_0603_1%_xx"; VariantName = "[No Variations]"
Add component (AddParameter): Name = "Power_Dissipation"; Value = "100mW"; VariantName = "[No Variations]"
Add component (AddParameter): Name = "Tolerance"; Value = "1%"; VariantName = "[No Variations]"
Add component (AddParameter): Name = "Value"; Value = "xx"; VariantName = "[No Variations]"
Added Component: Designator=R10(0603_resistor_flat)
Add component (AddParameter): Name = "Case_EIA"; Value = "0603"; VariantName = "[No Variations]"
Add component (AddParameter): Name = "Case_Metric"; Value = "1608"; VariantName = "[No Variations]"
Add component (AddParameter): Name = "E12"; Value = "1K0, 1K2, 1K5, 1K8, 2K2, 2K7, 3K3, 3K9, 4K7, 5K6, 6K8, 8K2"; VariantName = "[No Variations]"
Add component (AddParameter): Name = "Manufacturer"; Value = ""; VariantName = "[No Variations]"
Add component (AddParameter): Name = "Part Number"; Value = "R_0603_1%_xx"; VariantName = "[No Variations]"
Add component (AddParameter): Name = "Power_Dissipation"; Value = "100mW"; VariantName = "[No Variations]"
Add component (AddParameter): Name = "Tolerance"; Value = "1%"; VariantName = "[No Variations]"
Add component (AddParameter): Name = "Value"; Value = "xx"; VariantName = "[No Variations]"
Added Component: Designator=R11(0603_resistor_flat)
Add component (AddParameter): Name = "Case_EIA"; Value = "0603"; VariantName = "[No Variations]"
Add component (AddParameter): Name = "Case_Metric"; Value = "1608"; VariantName = "[No Variations]"
Add component (AddParameter): Name = "E12"; Value = "1K0, 1K2, 1K5, 1K8, 2K2, 2K7, 3K3, 3K9, 4K7, 5K6, 6K8, 8K2"; VariantName = "[No Variations]"
Add component (AddParameter): Name = "Manufacturer"; Value = ""; VariantName = "[No Variations]"
Add component (AddParameter): Name = "Part Number"; Value = "R_0603_1%_xx"; VariantName = "[No Variations]"
Add component (AddParameter): Name = "Power_Dissipation"; Value = "100mW"; VariantName = "[No Variations]"
Add component (AddParameter): Name = "Tolerance"; Value = "1%"; VariantName = "[No Variations]"
Add component (AddParameter): Name = "Value"; Value = "xx"; VariantName = "[No Variations]"
Added Component: Designator=R101(0603_resistor_flat)
Add component (AddParameter): Name = "Case_Metric"; Value = "1608"; VariantName = "[No Variations]"
Add component (AddParameter): Name = "E12"; Value = "1K0, 1K2, 1K5, 1K8, 2K2, 2K7, 3K3, 3K9, 4K7, 5K6, 6K8, 8K2"; VariantName = "[No Variations]"
Add component (AddParameter): Name = "Manufacturer"; Value = ""; VariantName = "[No Variations]"
Add component (AddParameter): Name = "Part Number"; Value = "R___=Value"; VariantName = "[No Variations]"
Add component (AddParameter): Name = "Power_Dissipation"; Value = "100mW"; VariantName = "[No Variations]"
Added Component: Designator=R102(0603_resistor_flat)
Add component (AddParameter): Name = "Case_Metric"; Value = "1608"; VariantName = "[No Variations]"
Add component (AddParameter): Name = "E12"; Value = "1K0, 1K2, 1K5, 1K8, 2K2, 2K7, 3K3, 3K9, 4K7, 5K6, 6K8, 8K2"; VariantName = "[No Variations]"
Add component (AddParameter): Name = "Manufacturer"; Value = ""; VariantName = "[No Variations]"
Add component (AddParameter): Name = "Part Number"; Value = "R___=Value"; VariantName = "[No Variations]"
Add component (AddParameter): Name = "Power_Dissipation"; Value = "100mW"; VariantName = "[No Variations]"
Added Component: Designator=R103(0603_resistor_flat)
Add component (AddParameter): Name = "Case_Metric"; Value = "1608"; VariantName = "[No Variations]"
Add component (AddParameter): Name = "E12"; Value = "1K0, 1K2, 1K5, 1K8, 2K2, 2K7, 3K3, 3K9, 4K7, 5K6, 6K8, 8K2"; VariantName = "[No Variations]"
Add component (AddParameter): Name = "Manufacturer"; Value = ""; VariantName = "[No Variations]"
Add component (AddParameter): Name = "Part Number"; Value = "R___=Value"; VariantName = "[No Variations]"
Add component (AddParameter): Name = "Power_Dissipation"; Value = "100mW"; VariantName = "[No Variations]"
Added Component: Designator=R104(0603_resistor_flat)
Add component (AddParameter): Name = "Case_Metric"; Value = "1608"; VariantName = "[No Variations]"
Add component (AddParameter): Name = "E12"; Value = "1K0, 1K2, 1K5, 1K8, 2K2, 2K7, 3K3, 3K9, 4K7, 5K6, 6K8, 8K2"; VariantName = "[No Variations]"
Add component (AddParameter): Name = "Manufacturer"; Value = ""; VariantName = "[No Variations]"
Add component (AddParameter): Name = "Part Number"; Value = "R___=Value"; VariantName = "[No Variations]"
Add component (AddParameter): Name = "Power_Dissipation"; Value = "100mW"; VariantName = "[No Variations]"
Added Component: Designator=R105(0603_resistor_flat)
Add component (AddParameter): Name = "Case_Metric"; Value = "1608"; VariantName = "[No Variations]"
Add component (AddParameter): Name = "E12"; Value = "1K0, 1K2, 1K5, 1K8, 2K2, 2K7, 3K3, 3K9, 4K7, 5K6, 6K8, 8K2"; VariantName = "[No Variations]"
Add component (AddParameter): Name = "Manufacturer"; Value = ""; VariantName = "[No Variations]"
Add component (AddParameter): Name = "Part Number"; Value = "R___=Value"; VariantName = "[No Variations]"
Add component (AddParameter): Name = "Power_Dissipation"; Value = "100mW"; VariantName = "[No Variations]"
Added Component: Designator=R106(0603_resistor_flat)
Add component (AddParameter): Name = "Case_Metric"; Value = "1608"; VariantName = "[No Variations]"
Add component (AddParameter): Name = "E12"; Value = "1K0, 1K2, 1K5, 1K8, 2K2, 2K7, 3K3, 3K9, 4K7, 5K6, 6K8, 8K2"; VariantName = "[No Variations]"
Add component (AddParameter): Name = "Manufacturer"; Value = ""; VariantName = "[No Variations]"
Add component (AddParameter): Name = "Part Number"; Value = "R___=Value"; VariantName = "[No Variations]"
Add component (AddParameter): Name = "Power_Dissipation"; Value = "100mW"; VariantName = "[No Variations]"
Added Component: Designator=R107(0603_resistor_flat)
Add component (AddParameter): Name = "Case_Metric"; Value = "1608"; VariantName = "[No Variations]"
Add component (AddParameter): Name = "E12"; Value = "1K0, 1K2, 1K5, 1K8, 2K2, 2K7, 3K3, 3K9, 4K7, 5K6, 6K8, 8K2"; VariantName = "[No Variations]"
Add component (AddParameter): Name = "Manufacturer"; Value = ""; VariantName = "[No Variations]"
Add component (AddParameter): Name = "Part Number"; Value = "R___=Value"; VariantName = "[No Variations]"
Add component (AddParameter): Name = "Power_Dissipation"; Value = "100mW"; VariantName = "[No Variations]"
Added Component: Designator=R108(0603_resistor_flat)
Add component (AddParameter): Name = "Case_Metric"; Value = "1608"; VariantName = "[No Variations]"
Add component (AddParameter): Name = "E12"; Value = "1K0, 1K2, 1K5, 1K8, 2K2, 2K7, 3K3, 3K9, 4K7, 5K6, 6K8, 8K2"; VariantName = "[No Variations]"
Add component (AddParameter): Name = "Manufacturer"; Value = ""; VariantName = "[No Variations]"
Add component (AddParameter): Name = "Part Number"; Value = "R___=Value"; VariantName = "[No Variations]"
Add component (AddParameter): Name = "Power_Dissipation"; Value = "100mW"; VariantName = "[No Variations]"
Added Component: Designator=R_Data1(0603_resistor_flat)
Add component (AddParameter): Name = "Case_EIA"; Value = "0603"; VariantName = "[No Variations]"
Add component (AddParameter): Name = "Case_Metric"; Value = "1608"; VariantName = "[No Variations]"
Add component (AddParameter): Name = "E12"; Value = "1K0, 1K2, 1K5, 1K8, 2K2, 2K7, 3K3, 3K9, 4K7, 5K6, 6K8, 8K2"; VariantName = "[No Variations]"
Add component (AddParameter): Name = "Manufacturer"; Value = ""; VariantName = "[No Variations]"
Add component (AddParameter): Name = "Part Number"; Value = "R_0603_1%_xx"; VariantName = "[No Variations]"
Add component (AddParameter): Name = "Power_Dissipation"; Value = "100mW"; VariantName = "[No Variations]"
Add component (AddParameter): Name = "Tolerance"; Value = "1%"; VariantName = "[No Variations]"
Add component (AddParameter): Name = "Value"; Value = "xx"; VariantName = "[No Variations]"
Added Component: Designator=R_Data2(0603_resistor_flat)
Add component (AddParameter): Name = "Case_EIA"; Value = "0603"; VariantName = "[No Variations]"
Add component (AddParameter): Name = "Case_Metric"; Value = "1608"; VariantName = "[No Variations]"
Add component (AddParameter): Name = "E12"; Value = "1K0, 1K2, 1K5, 1K8, 2K2, 2K7, 3K3, 3K9, 4K7, 5K6, 6K8, 8K2"; VariantName = "[No Variations]"
Add component (AddParameter): Name = "Manufacturer"; Value = ""; VariantName = "[No Variations]"
Add component (AddParameter): Name = "Part Number"; Value = "R_0603_1%_xx"; VariantName = "[No Variations]"
Add component (AddParameter): Name = "Power_Dissipation"; Value = "100mW"; VariantName = "[No Variations]"
Add component (AddParameter): Name = "Tolerance"; Value = "1%"; VariantName = "[No Variations]"
Add component (AddParameter): Name = "Value"; Value = "xx"; VariantName = "[No Variations]"
Added Component: Designator=R_Data3(0603_resistor_flat)
Add component (AddParameter): Name = "Case_EIA"; Value = "0603"; VariantName = "[No Variations]"
Add component (AddParameter): Name = "Case_Metric"; Value = "1608"; VariantName = "[No Variations]"
Add component (AddParameter): Name = "E12"; Value = "1K0, 1K2, 1K5, 1K8, 2K2, 2K7, 3K3, 3K9, 4K7, 5K6, 6K8, 8K2"; VariantName = "[No Variations]"
Add component (AddParameter): Name = "Manufacturer"; Value = ""; VariantName = "[No Variations]"
Add component (AddParameter): Name = "Part Number"; Value = "R_0603_1%_xx"; VariantName = "[No Variations]"
Add component (AddParameter): Name = "Power_Dissipation"; Value = "100mW"; VariantName = "[No Variations]"
Add component (AddParameter): Name = "Tolerance"; Value = "1%"; VariantName = "[No Variations]"
Add component (AddParameter): Name = "Value"; Value = "xx"; VariantName = "[No Variations]"
Added Component: Designator=R_Data4(0603_resistor_flat)
Add component (AddParameter): Name = "Case_EIA"; Value = "0603"; VariantName = "[No Variations]"
Add component (AddParameter): Name = "Case_Metric"; Value = "1608"; VariantName = "[No Variations]"
Add component (AddParameter): Name = "E12"; Value = "1K0, 1K2, 1K5, 1K8, 2K2, 2K7, 3K3, 3K9, 4K7, 5K6, 6K8, 8K2"; VariantName = "[No Variations]"
Add component (AddParameter): Name = "Manufacturer"; Value = ""; VariantName = "[No Variations]"
Add component (AddParameter): Name = "Part Number"; Value = "R_0603_1%_xx"; VariantName = "[No Variations]"
Add component (AddParameter): Name = "Power_Dissipation"; Value = "100mW"; VariantName = "[No Variations]"
Add component (AddParameter): Name = "Tolerance"; Value = "1%"; VariantName = "[No Variations]"
Add component (AddParameter): Name = "Value"; Value = "xx"; VariantName = "[No Variations]"
Added Component: Designator=R_Data5(0603_resistor_flat)
Add component (AddParameter): Name = "Case_EIA"; Value = "0603"; VariantName = "[No Variations]"
Add component (AddParameter): Name = "Case_Metric"; Value = "1608"; VariantName = "[No Variations]"
Add component (AddParameter): Name = "E12"; Value = "1K0, 1K2, 1K5, 1K8, 2K2, 2K7, 3K3, 3K9, 4K7, 5K6, 6K8, 8K2"; VariantName = "[No Variations]"
Add component (AddParameter): Name = "Manufacturer"; Value = ""; VariantName = "[No Variations]"
Add component (AddParameter): Name = "Part Number"; Value = "R_0603_1%_xx"; VariantName = "[No Variations]"
Add component (AddParameter): Name = "Power_Dissipation"; Value = "100mW"; VariantName = "[No Variations]"
Add component (AddParameter): Name = "Tolerance"; Value = "1%"; VariantName = "[No Variations]"
Add component (AddParameter): Name = "Value"; Value = "xx"; VariantName = "[No Variations]"
Added Component: Designator=R_Data6(0603_resistor_flat)
Add component (AddParameter): Name = "Case_EIA"; Value = "0603"; VariantName = "[No Variations]"
Add component (AddParameter): Name = "Case_Metric"; Value = "1608"; VariantName = "[No Variations]"
Add component (AddParameter): Name = "E12"; Value = "1K0, 1K2, 1K5, 1K8, 2K2, 2K7, 3K3, 3K9, 4K7, 5K6, 6K8, 8K2"; VariantName = "[No Variations]"
Add component (AddParameter): Name = "Manufacturer"; Value = ""; VariantName = "[No Variations]"
Add component (AddParameter): Name = "Part Number"; Value = "R_0603_1%_xx"; VariantName = "[No Variations]"
Add component (AddParameter): Name = "Power_Dissipation"; Value = "100mW"; VariantName = "[No Variations]"
Add component (AddParameter): Name = "Tolerance"; Value = "1%"; VariantName = "[No Variations]"
Add component (AddParameter): Name = "Value"; Value = "xx"; VariantName = "[No Variations]"
Added Component: Designator=R_Data7(0603_resistor_flat)
Add component (AddParameter): Name = "Case_EIA"; Value = "0603"; VariantName = "[No Variations]"
Add component (AddParameter): Name = "Case_Metric"; Value = "1608"; VariantName = "[No Variations]"
Add component (AddParameter): Name = "E12"; Value = "1K0, 1K2, 1K5, 1K8, 2K2, 2K7, 3K3, 3K9, 4K7, 5K6, 6K8, 8K2"; VariantName = "[No Variations]"
Add component (AddParameter): Name = "Manufacturer"; Value = ""; VariantName = "[No Variations]"
Add component (AddParameter): Name = "Part Number"; Value = "R_0603_1%_xx"; VariantName = "[No Variations]"
Add component (AddParameter): Name = "Power_Dissipation"; Value = "100mW"; VariantName = "[No Variations]"
Add component (AddParameter): Name = "Tolerance"; Value = "1%"; VariantName = "[No Variations]"
Add component (AddParameter): Name = "Value"; Value = "xx"; VariantName = "[No Variations]"
Added Component: Designator=R_Data8(0603_resistor_flat)
Add component (AddParameter): Name = "Case_EIA"; Value = "0603"; VariantName = "[No Variations]"
Add component (AddParameter): Name = "Case_Metric"; Value = "1608"; VariantName = "[No Variations]"
Add component (AddParameter): Name = "E12"; Value = "1K0, 1K2, 1K5, 1K8, 2K2, 2K7, 3K3, 3K9, 4K7, 5K6, 6K8, 8K2"; VariantName = "[No Variations]"
Add component (AddParameter): Name = "Manufacturer"; Value = ""; VariantName = "[No Variations]"
Add component (AddParameter): Name = "Part Number"; Value = "R_0603_1%_xx"; VariantName = "[No Variations]"
Add component (AddParameter): Name = "Power_Dissipation"; Value = "100mW"; VariantName = "[No Variations]"
Add component (AddParameter): Name = "Tolerance"; Value = "1%"; VariantName = "[No Variations]"
Add component (AddParameter): Name = "Value"; Value = "xx"; VariantName = "[No Variations]"
Added Component: Designator=R_Power(0603_resistor_flat)
Add component (AddParameter): Name = "Case_EIA"; Value = "0603"; VariantName = "[No Variations]"
Add component (AddParameter): Name = "Case_Metric"; Value = "1608"; VariantName = "[No Variations]"
Add component (AddParameter): Name = "E12"; Value = "1K0, 1K2, 1K5, 1K8, 2K2, 2K7, 3K3, 3K9, 4K7, 5K6, 6K8, 8K2"; VariantName = "[No Variations]"
Add component (AddParameter): Name = "Manufacturer"; Value = ""; VariantName = "[No Variations]"
Add component (AddParameter): Name = "Part Number"; Value = "R_0603_1%_xx"; VariantName = "[No Variations]"
Add component (AddParameter): Name = "Power_Dissipation"; Value = "100mW"; VariantName = "[No Variations]"
Add component (AddParameter): Name = "Tolerance"; Value = "1%"; VariantName = "[No Variations]"
Add component (AddParameter): Name = "Value"; Value = "xx"; VariantName = "[No Variations]"
Added Component: Designator=R_PullDown_1(0603_resistor_flat)
Add component (AddParameter): Name = "Case_Metric"; Value = "1608"; VariantName = "[No Variations]"
Add component (AddParameter): Name = "E12"; Value = "1K0, 1K2, 1K5, 1K8, 2K2, 2K7, 3K3, 3K9, 4K7, 5K6, 6K8, 8K2"; VariantName = "[No Variations]"
Add component (AddParameter): Name = "Manufacturer"; Value = ""; VariantName = "[No Variations]"
Add component (AddParameter): Name = "Part Number"; Value = "R___=Value"; VariantName = "[No Variations]"
Add component (AddParameter): Name = "Power_Dissipation"; Value = "100mW"; VariantName = "[No Variations]"
Added Component: Designator=R_PullDown_2(0603_resistor_flat)
Add component (AddParameter): Name = "Case_Metric"; Value = "1608"; VariantName = "[No Variations]"
Add component (AddParameter): Name = "E12"; Value = "1K0, 1K2, 1K5, 1K8, 2K2, 2K7, 3K3, 3K9, 4K7, 5K6, 6K8, 8K2"; VariantName = "[No Variations]"
Add component (AddParameter): Name = "Manufacturer"; Value = ""; VariantName = "[No Variations]"
Add component (AddParameter): Name = "Part Number"; Value = "R___=Value"; VariantName = "[No Variations]"
Add component (AddParameter): Name = "Power_Dissipation"; Value = "100mW"; VariantName = "[No Variations]"
Added Component: Designator=R_PullDown_3(0603_resistor_flat)
Add component (AddParameter): Name = "Case_Metric"; Value = "1608"; VariantName = "[No Variations]"
Add component (AddParameter): Name = "E12"; Value = "1K0, 1K2, 1K5, 1K8, 2K2, 2K7, 3K3, 3K9, 4K7, 5K6, 6K8, 8K2"; VariantName = "[No Variations]"
Add component (AddParameter): Name = "Manufacturer"; Value = ""; VariantName = "[No Variations]"
Add component (AddParameter): Name = "Part Number"; Value = "R___=Value"; VariantName = "[No Variations]"
Add component (AddParameter): Name = "Power_Dissipation"; Value = "100mW"; VariantName = "[No Variations]"
Added Component: Designator=R_PullDown_4(0603_resistor_flat)
Add component (AddParameter): Name = "Case_Metric"; Value = "1608"; VariantName = "[No Variations]"
Add component (AddParameter): Name = "E12"; Value = "1K0, 1K2, 1K5, 1K8, 2K2, 2K7, 3K3, 3K9, 4K7, 5K6, 6K8, 8K2"; VariantName = "[No Variations]"
Add component (AddParameter): Name = "Manufacturer"; Value = ""; VariantName = "[No Variations]"
Add component (AddParameter): Name = "Part Number"; Value = "R___=Value"; VariantName = "[No Variations]"
Add component (AddParameter): Name = "Power_Dissipation"; Value = "100mW"; VariantName = "[No Variations]"
Added Component: Designator=R_PullDown_5(0603_resistor_flat)
Add component (AddParameter): Name = "Case_Metric"; Value = "1608"; VariantName = "[No Variations]"
Add component (AddParameter): Name = "E12"; Value = "1K0, 1K2, 1K5, 1K8, 2K2, 2K7, 3K3, 3K9, 4K7, 5K6, 6K8, 8K2"; VariantName = "[No Variations]"
Add component (AddParameter): Name = "Manufacturer"; Value = ""; VariantName = "[No Variations]"
Add component (AddParameter): Name = "Part Number"; Value = "R___=Value"; VariantName = "[No Variations]"
Add component (AddParameter): Name = "Power_Dissipation"; Value = "100mW"; VariantName = "[No Variations]"
Added Component: Designator=R_PullDown_6(0603_resistor_flat)
Add component (AddParameter): Name = "Case_Metric"; Value = "1608"; VariantName = "[No Variations]"
Add component (AddParameter): Name = "E12"; Value = "1K0, 1K2, 1K5, 1K8, 2K2, 2K7, 3K3, 3K9, 4K7, 5K6, 6K8, 8K2"; VariantName = "[No Variations]"
Add component (AddParameter): Name = "Manufacturer"; Value = ""; VariantName = "[No Variations]"
Add component (AddParameter): Name = "Part Number"; Value = "R___=Value"; VariantName = "[No Variations]"
Add component (AddParameter): Name = "Power_Dissipation"; Value = "100mW"; VariantName = "[No Variations]"
Added Component: Designator=R_PullDown_7(0603_resistor_flat)
Add component (AddParameter): Name = "Case_Metric"; Value = "1608"; VariantName = "[No Variations]"
Add component (AddParameter): Name = "E12"; Value = "1K0, 1K2, 1K5, 1K8, 2K2, 2K7, 3K3, 3K9, 4K7, 5K6, 6K8, 8K2"; VariantName = "[No Variations]"
Add component (AddParameter): Name = "Manufacturer"; Value = ""; VariantName = "[No Variations]"
Add component (AddParameter): Name = "Part Number"; Value = "R___=Value"; VariantName = "[No Variations]"
Add component (AddParameter): Name = "Power_Dissipation"; Value = "100mW"; VariantName = "[No Variations]"
Added Component: Designator=R_PullDown_8(0603_resistor_flat)
Add component (AddParameter): Name = "Case_Metric"; Value = "1608"; VariantName = "[No Variations]"
Add component (AddParameter): Name = "E12"; Value = "1K0, 1K2, 1K5, 1K8, 2K2, 2K7, 3K3, 3K9, 4K7, 5K6, 6K8, 8K2"; VariantName = "[No Variations]"
Add component (AddParameter): Name = "Manufacturer"; Value = ""; VariantName = "[No Variations]"
Add component (AddParameter): Name = "Part Number"; Value = "R___=Value"; VariantName = "[No Variations]"
Add component (AddParameter): Name = "Power_Dissipation"; Value = "100mW"; VariantName = "[No Variations]"
Added Component: Designator=R_PullDown_SER(0603_resistor_flat)
Add component (AddParameter): Name = "Case_Metric"; Value = "1608"; VariantName = "[No Variations]"
Add component (AddParameter): Name = "E12"; Value = "1K0, 1K2, 1K5, 1K8, 2K2, 2K7, 3K3, 3K9, 4K7, 5K6, 6K8, 8K2"; VariantName = "[No Variations]"
Add component (AddParameter): Name = "Manufacturer"; Value = ""; VariantName = "[No Variations]"
Add component (AddParameter): Name = "Part Number"; Value = "R___=Value"; VariantName = "[No Variations]"
Add component (AddParameter): Name = "Power_Dissipation"; Value = "100mW"; VariantName = "[No Variations]"
Added Component: Designator=U_1(SOP65P640X120-14N)
Add component (AddParameter): Name = "Availability"; Value = "Good"; VariantName = "[No Variations]"
Add component (AddParameter): Name = "Check_prices"; Value = "https://www.snapeda.com/parts/LM2901PWR/Texas%20Instruments/view-part/1145769/?ref=eda"; VariantName = "[No Variations]"
Add component (AddParameter): Name = "MF"; Value = "Texas"; VariantName = "[No Variations]"
Add component (AddParameter): Name = "MP"; Value = "LM2901PWR"; VariantName = "[No Variations]"
Add component (AddParameter): Name = "Package"; Value = "TSSOP-14 Rohm"; VariantName = "[No Variations]"
Add component (AddParameter): Name = "Price"; Value = "None"; VariantName = "[No Variations]"
Add component (AddParameter): Name = "Purchase-URL"; Value = "https://pricing.snapeda.com/search/part/LM2901PWR/?ref=eda"; VariantName = "[No Variations]"
Add component (AddParameter): Name = "SnapEDA_Link"; Value = "https://www.snapeda.com/parts/LM2901PWR/Texas%20Instruments/view-part/1145769/?ref=snap"; VariantName = "[No Variations]"
Add component (AddParameter): Name = "Value"; Value = ""; VariantName = "[No Variations]"
Added Component: Designator=U_2(SOP65P640X120-14N)
Add component (AddParameter): Name = "Availability"; Value = "Good"; VariantName = "[No Variations]"
Add component (AddParameter): Name = "Check_prices"; Value = "https://www.snapeda.com/parts/LM2901PWR/Texas%20Instruments/view-part/1145769/?ref=eda"; VariantName = "[No Variations]"
Add component (AddParameter): Name = "MF"; Value = "Texas"; VariantName = "[No Variations]"
Add component (AddParameter): Name = "MP"; Value = "LM2901PWR"; VariantName = "[No Variations]"
Add component (AddParameter): Name = "Package"; Value = "TSSOP-14 Rohm"; VariantName = "[No Variations]"
Add component (AddParameter): Name = "Price"; Value = "None"; VariantName = "[No Variations]"
Add component (AddParameter): Name = "Purchase-URL"; Value = "https://pricing.snapeda.com/search/part/LM2901PWR/?ref=eda"; VariantName = "[No Variations]"
Add component (AddParameter): Name = "SnapEDA_Link"; Value = "https://www.snapeda.com/parts/LM2901PWR/Texas%20Instruments/view-part/1145769/?ref=snap"; VariantName = "[No Variations]"
Add component (AddParameter): Name = "Value"; Value = ""; VariantName = "[No Variations]"
Added Component: Designator=U_SR(FP-SOT109-1-MFG)
Add component (AddParameter): Name = "Ambient Temperature Range High"; Value = "+125°C"; VariantName = "[No Variations]"
Add component (AddParameter): Name = "Ambient Temperature Range Low"; Value = "-40°C"; VariantName = "[No Variations]"
Add component (AddParameter): Name = "Automotive"; Value = "No"; VariantName = "[No Variations]"
Add component (AddParameter): Name = "Category"; Value = "IC"; VariantName = "[No Variations]"
Add component (AddParameter): Name = "ComponentLink2Description"; Value = "Datasheet"; VariantName = "[No Variations]"
Add component (AddParameter): Name = "ComponentLink2URL"; Value = "https://assets.nexperia.com/documents/data-sheet/74HC_HCT165.pdf"; VariantName = "[No Variations]"
Add component (AddParameter): Name = "Device Class L1"; Value = "Integrated Circuits (ICs)"; VariantName = "[No Variations]"
Add component (AddParameter): Name = "Device Class L2"; Value = "Logic ICs"; VariantName = "[No Variations]"
Add component (AddParameter): Name = "Device Class L3"; Value = "Shift Registers"; VariantName = "[No Variations]"
Add component (AddParameter): Name = "Digikey Description"; Value = "IC SHIFT REGST 8BIT PI-SO 16SOIC"; VariantName = "[No Variations]"
Add component (AddParameter): Name = "Footprint Url"; Value = "https://assets.nexperia.com/documents/outline-drawing/SOT109-1.pdf"; VariantName = "[No Variations]"
Add component (AddParameter): Name = "Frequency"; Value = "61MHz"; VariantName = "[No Variations]"
Add component (AddParameter): Name = "Height"; Value = "1.75mm"; VariantName = "[No Variations]"
Add component (AddParameter): Name = "Ipc Land Pattern Name"; Value = "SOP127P600X175-16"; VariantName = "[No Variations]"
Add component (AddParameter): Name = "Lead Free"; Value = "Yes"; VariantName = "[No Variations]"
Add component (AddParameter): Name = "Logic Function Desc"; Value = "Shift Register"; VariantName = "[No Variations]"
Add component (AddParameter): Name = "Manufacturer"; Value = "Nexperia"; VariantName = "[No Variations]"
Add component (AddParameter): Name = "Manufacturer Part Number"; Value = "74HC165D,653"; VariantName = "[No Variations]"
Add component (AddParameter): Name = "Max Supply Voltage"; Value = "6V"; VariantName = "[No Variations]"
Add component (AddParameter): Name = "Min Supply Voltage"; Value = "2V"; VariantName = "[No Variations]"
Add component (AddParameter): Name = "Nominal Supply Current"; Value = "8uA"; VariantName = "[No Variations]"
Add component (AddParameter): Name = "Number Of Circuits"; Value = "1"; VariantName = "[No Variations]"
Add component (AddParameter): Name = "Number Of Inputs"; Value = "8"; VariantName = "[No Variations]"
Add component (AddParameter): Name = "Number Of Outputs"; Value = "1"; VariantName = "[No Variations]"
Add component (AddParameter): Name = "Octopart"; Value = "https://octopart.com/74hc165d%2C653-nexperia-78737091"; VariantName = "[No Variations]"
Add component (AddParameter): Name = "Package"; Value = "SOT109-1"; VariantName = "[No Variations]"
Add component (AddParameter): Name = "Propagation Delay"; Value = "15ns"; VariantName = "[No Variations]"
Add component (AddParameter): Name = "RoHS"; Value = "TRUE"; VariantName = "[No Variations]"
Add component (AddParameter): Name = "Standoff Height"; Value = "0.1mm"; VariantName = "[No Variations]"
Add component (AddParameter): Name = "Temperature"; Value = "-40°C to +125°C"; VariantName = "[No Variations]"
Add component (AddParameter): Name = "Temperature Range High"; Value = "+125°C"; VariantName = "[No Variations]"
Add component (AddParameter): Name = "Temperature Range Low"; Value = "-40°C"; VariantName = "[No Variations]"
Added Component: Designator=X6(MOLEX 42385-04 Female)
Add component (AddParameter): Name = "LatestRevisionDate"; Value = "17-Jul-2002"; VariantName = "[No Variations]"
Add component (AddParameter): Name = "LatestRevisionNote"; Value = "Re-released for DXP Platform."; VariantName = "[No Variations]"
Add component (AddParameter): Name = "Manufacturer"; Value = ""; VariantName = "[No Variations]"
Add component (AddParameter): Name = "Publisher"; Value = "Altium Limited"; VariantName = "[No Variations]"
Added Pin To Net: NetName=GND Pin=D_1-1
Added Pin To Net: NetName=GND Pin=D_2-1
Added Pin To Net: NetName=GND Pin=D_3-1
Added Pin To Net: NetName=GND Pin=D_4-1
Added Pin To Net: NetName=GND Pin=D_5-1
Added Pin To Net: NetName=GND Pin=D_6-1
Added Pin To Net: NetName=GND Pin=D_7-1
Added Pin To Net: NetName=GND Pin=D_8-1
Added Pin To Net: NetName=GND Pin=D_Power-1
Added Pin To Net: NetName=LED_In Pin=R1-2
Added Pin To Net: NetName=LED_In Pin=R2-2
Added Pin To Net: NetName=LED_In Pin=R3-2
Added Pin To Net: NetName=LED_In Pin=R4-2
Added Pin To Net: NetName=LED_In Pin=R5-2
Added Pin To Net: NetName=LED_In Pin=R6-2
Added Pin To Net: NetName=LED_In Pin=R7-2
Added Pin To Net: NetName=LED_In Pin=R8-2
Added Pin To Net: NetName=V_Ref Pin=R10-1
Added Pin To Net: NetName=VCC Pin=R10-2
Added Pin To Net: NetName=GND Pin=R11-1
Added Pin To Net: NetName=V_Ref Pin=R11-2
Added Pin To Net: NetName=GND Pin=R101-1
Added Pin To Net: NetName=GND Pin=R102-1
Added Pin To Net: NetName=GND Pin=R103-1
Added Pin To Net: NetName=GND Pin=R104-1
Added Pin To Net: NetName=GND Pin=R105-1
Added Pin To Net: NetName=GND Pin=R106-1
Added Pin To Net: NetName=GND Pin=R107-1
Added Pin To Net: NetName=GND Pin=R108-1
Added Pin To Net: NetName=VCC Pin=R_Power-2
Added Pin To Net: NetName=GND Pin=R_PullDown_1-1
Added Pin To Net: NetName=GND Pin=R_PullDown_2-1
Added Pin To Net: NetName=GND Pin=R_PullDown_3-1
Added Pin To Net: NetName=GND Pin=R_PullDown_4-1
Added Pin To Net: NetName=GND Pin=R_PullDown_5-1
Added Pin To Net: NetName=GND Pin=R_PullDown_6-1
Added Pin To Net: NetName=GND Pin=R_PullDown_7-1
Added Pin To Net: NetName=GND Pin=R_PullDown_8-1
Added Pin To Net: NetName=GND Pin=R_PullDown_SER-1
Added Pin To Net: NetName=Serial_in Pin=R_PullDown_SER-2
Added Pin To Net: NetName=VCC Pin=U_1-3
Added Pin To Net: NetName=V_Ref Pin=U_1-5
Added Pin To Net: NetName=V_Ref Pin=U_1-7
Added Pin To Net: NetName=V_Ref Pin=U_1-9
Added Pin To Net: NetName=V_Ref Pin=U_1-11
Added Pin To Net: NetName=GND Pin=U_1-12
Added Pin To Net: NetName=VCC Pin=U_2-3
Added Pin To Net: NetName=V_Ref Pin=U_2-5
Added Pin To Net: NetName=V_Ref Pin=U_2-7
Added Pin To Net: NetName=V_Ref Pin=U_2-9
Added Pin To Net: NetName=V_Ref Pin=U_2-11
Added Pin To Net: NetName=GND Pin=U_2-12
Added Pin To Net: NetName=GND Pin=U_SR-1
Added Pin To Net: NetName=CLK Pin=U_SR-2
Added Pin To Net: NetName=Serial_Out Pin=U_SR-7
Added Pin To Net: NetName=GND Pin=U_SR-8
Added Pin To Net: NetName=Serial_in Pin=U_SR-10
Added Pin To Net: NetName=GND Pin=U_SR-15
Added Pin To Net: NetName=VCC Pin=U_SR-16
Added Pin To Net: NetName=VCC Pin=X6-1
Added Pin To Net: NetName=GND Pin=X6-3
Added Pin To Net: NetName=LED1 Pin=R1-1
Added Pin To Net: NetName=LED1 Pin=X1-4
Added Net: Name=LED1
Added Pin To Net: NetName=LED2 Pin=R2-1
Added Pin To Net: NetName=LED2 Pin=X2-4
Added Net: Name=LED2
Added Pin To Net: NetName=LED3 Pin=R3-1
Added Pin To Net: NetName=LED3 Pin=X3-4
Added Net: Name=LED3
Added Pin To Net: NetName=LED4 Pin=R4-1
Added Pin To Net: NetName=LED4 Pin=X4-4
Added Net: Name=LED4
Added Pin To Net: NetName=LED5 Pin=R5-1
Added Pin To Net: NetName=LED5 Pin=X5-4
Added Net: Name=LED5
Added Pin To Net: NetName=LED6 Pin=R6-1
Added Pin To Net: NetName=LED6 Pin=X6-4
Added Net: Name=LED6
Added Pin To Net: NetName=LED7 Pin=R7-1
Added Pin To Net: NetName=LED7 Pin=X7-4
Added Net: Name=LED7
Added Pin To Net: NetName=LED8 Pin=R8-1
Added Pin To Net: NetName=LED8 Pin=X8-4
Added Net: Name=LED8
Added Pin To Net: NetName=LED_Data_1 Pin=R_Data1-2
Added Pin To Net: NetName=LED_Data_1 Pin=R_PullDown_1-2
Added Pin To Net: NetName=LED_Data_1 Pin=U_1-1
Added Pin To Net: NetName=LED_Data_1 Pin=U_SR-11
Added Net: Name=LED_Data_1
Added Pin To Net: NetName=LED_Data_2 Pin=R_Data2-2
Added Pin To Net: NetName=LED_Data_2 Pin=R_PullDown_2-2
Added Pin To Net: NetName=LED_Data_2 Pin=U_1-2
Added Pin To Net: NetName=LED_Data_2 Pin=U_SR-12
Added Net: Name=LED_Data_2
Added Pin To Net: NetName=LED_Data_3 Pin=R_Data3-2
Added Pin To Net: NetName=LED_Data_3 Pin=R_PullDown_3-2
Added Pin To Net: NetName=LED_Data_3 Pin=U_1-14
Added Pin To Net: NetName=LED_Data_3 Pin=U_SR-13
Added Net: Name=LED_Data_3
Added Pin To Net: NetName=LED_Data_4 Pin=R_Data4-2
Added Pin To Net: NetName=LED_Data_4 Pin=R_PullDown_4-2
Added Pin To Net: NetName=LED_Data_4 Pin=U_1-13
Added Pin To Net: NetName=LED_Data_4 Pin=U_SR-14
Added Net: Name=LED_Data_4
Added Pin To Net: NetName=LED_Data_5 Pin=R_Data5-2
Added Pin To Net: NetName=LED_Data_5 Pin=R_PullDown_5-2
Added Pin To Net: NetName=LED_Data_5 Pin=U_2-1
Added Pin To Net: NetName=LED_Data_5 Pin=U_SR-3
Added Net: Name=LED_Data_5
Added Pin To Net: NetName=LED_Data_6 Pin=R_Data6-2
Added Pin To Net: NetName=LED_Data_6 Pin=R_PullDown_6-2
Added Pin To Net: NetName=LED_Data_6 Pin=U_2-2
Added Pin To Net: NetName=LED_Data_6 Pin=U_SR-4
Added Net: Name=LED_Data_6
Added Pin To Net: NetName=LED_Data_7 Pin=R_Data7-2
Added Pin To Net: NetName=LED_Data_7 Pin=R_PullDown_7-2
Added Pin To Net: NetName=LED_Data_7 Pin=U_2-14
Added Pin To Net: NetName=LED_Data_7 Pin=U_SR-5
Added Net: Name=LED_Data_7
Added Pin To Net: NetName=LED_Data_8 Pin=R_Data8-2
Added Pin To Net: NetName=LED_Data_8 Pin=R_PullDown_8-2
Added Pin To Net: NetName=LED_Data_8 Pin=U_2-13
Added Pin To Net: NetName=LED_Data_8 Pin=U_SR-6
Added Net: Name=LED_Data_8
Added Pin To Net: NetName=NetD_1_2 Pin=D_1-2
Added Pin To Net: NetName=NetD_1_2 Pin=R_Data1-1
Added Net: Name=NetD_1_2
Added Pin To Net: NetName=NetD_2_2 Pin=D_2-2
Added Pin To Net: NetName=NetD_2_2 Pin=R_Data2-1
Added Net: Name=NetD_2_2
Added Pin To Net: NetName=NetD_3_2 Pin=D_3-2
Added Pin To Net: NetName=NetD_3_2 Pin=R_Data3-1
Added Net: Name=NetD_3_2
Added Pin To Net: NetName=NetD_4_2 Pin=D_4-2
Added Pin To Net: NetName=NetD_4_2 Pin=R_Data4-1
Added Net: Name=NetD_4_2
Added Pin To Net: NetName=NetD_5_2 Pin=D_5-2
Added Pin To Net: NetName=NetD_5_2 Pin=R_Data5-1
Added Net: Name=NetD_5_2
Added Pin To Net: NetName=NetD_6_2 Pin=D_6-2
Added Pin To Net: NetName=NetD_6_2 Pin=R_Data6-1
Added Net: Name=NetD_6_2
Added Pin To Net: NetName=NetD_7_2 Pin=D_7-2
Added Pin To Net: NetName=NetD_7_2 Pin=R_Data7-1
Added Net: Name=NetD_7_2
Added Pin To Net: NetName=NetD_8_2 Pin=D_8-2
Added Pin To Net: NetName=NetD_8_2 Pin=R_Data8-1
Added Net: Name=NetD_8_2
Added Pin To Net: NetName=NetD_Power_2 Pin=D_Power-2
Added Pin To Net: NetName=NetD_Power_2 Pin=R_Power-1
Added Net: Name=NetD_Power_2
Added Pin To Net: NetName=R_Photo_1 Pin=R101-2
Added Pin To Net: NetName=R_Photo_1 Pin=U_1-6
Added Pin To Net: NetName=R_Photo_1 Pin=X1-2
Added Net: Name=R_Photo_1
Added Pin To Net: NetName=R_Photo_2 Pin=R102-2
Added Pin To Net: NetName=R_Photo_2 Pin=U_1-4
Added Pin To Net: NetName=R_Photo_2 Pin=X2-2
Added Net: Name=R_Photo_2
Added Pin To Net: NetName=R_Photo_3 Pin=R103-2
Added Pin To Net: NetName=R_Photo_3 Pin=U_1-8
Added Pin To Net: NetName=R_Photo_3 Pin=X3-2
Added Net: Name=R_Photo_3
Added Pin To Net: NetName=R_Photo_4 Pin=R104-2
Added Pin To Net: NetName=R_Photo_4 Pin=U_1-10
Added Pin To Net: NetName=R_Photo_4 Pin=X4-2
Added Net: Name=R_Photo_4
Added Pin To Net: NetName=R_Photo_5 Pin=R105-2
Added Pin To Net: NetName=R_Photo_5 Pin=U_2-6
Added Pin To Net: NetName=R_Photo_5 Pin=X5-2
Added Net: Name=R_Photo_5
Added Pin To Net: NetName=R_Photo_6 Pin=R106-2
Added Pin To Net: NetName=R_Photo_6 Pin=U_2-4
Added Pin To Net: NetName=R_Photo_6 Pin=X6-2
Added Net: Name=R_Photo_6
Added Pin To Net: NetName=R_Photo_7 Pin=R107-2
Added Pin To Net: NetName=R_Photo_7 Pin=U_2-8
Added Pin To Net: NetName=R_Photo_7 Pin=X7-2
Added Net: Name=R_Photo_7
Added Pin To Net: NetName=R_Photo_8 Pin=R108-2
Added Pin To Net: NetName=R_Photo_8 Pin=U_2-10
Added Pin To Net: NetName=R_Photo_8 Pin=X8-2
Added Net: Name=R_Photo_8
Added Member To Class: ClassName=Schieberegister_Trägerplatine Member=Component D_1 Green, 3.3V, 40°
Added Member To Class: ClassName=Schieberegister_Trägerplatine Member=Component D_2 Green, 3.3V, 40°
Added Member To Class: ClassName=Schieberegister_Trägerplatine Member=Component D_3 Green, 3.3V, 40°
Added Member To Class: ClassName=Schieberegister_Trägerplatine Member=Component D_4 Green, 3.3V, 40°
Added Member To Class: ClassName=Schieberegister_Trägerplatine Member=Component D_5 Green, 3.3V, 40°
Added Member To Class: ClassName=Schieberegister_Trägerplatine Member=Component D_6 Green, 3.3V, 40°
Added Member To Class: ClassName=Schieberegister_Trägerplatine Member=Component D_7 Green, 3.3V, 40°
Added Member To Class: ClassName=Schieberegister_Trägerplatine Member=Component D_8 Green, 3.3V, 40°
Added Member To Class: ClassName=Schieberegister_Trägerplatine Member=Component D_Power Green, 3.3V, 40°
Added Member To Class: ClassName=Schieberegister_Trägerplatine Member=Component R1 R_0603_1%_xx
Added Member To Class: ClassName=Schieberegister_Trägerplatine Member=Component R2 R_0603_1%_xx
Added Member To Class: ClassName=Schieberegister_Trägerplatine Member=Component R3 R_0603_1%_xx
Added Member To Class: ClassName=Schieberegister_Trägerplatine Member=Component R4 R_0603_1%_xx
Added Member To Class: ClassName=Schieberegister_Trägerplatine Member=Component R5 R_0603_1%_xx
Added Member To Class: ClassName=Schieberegister_Trägerplatine Member=Component R6 R_0603_1%_xx
Added Member To Class: ClassName=Schieberegister_Trägerplatine Member=Component R7 R_0603_1%_xx
Added Member To Class: ClassName=Schieberegister_Trägerplatine Member=Component R8 R_0603_1%_xx
Added Member To Class: ClassName=Schieberegister_Trägerplatine Member=Component R10 R_0603_1%_xx
Added Member To Class: ClassName=Schieberegister_Trägerplatine Member=Component R11 R_0603_1%_xx
Added Member To Class: ClassName=Schieberegister_Trägerplatine Member=Component R101 R___=Value
Added Member To Class: ClassName=Schieberegister_Trägerplatine Member=Component R102 R___=Value
Added Member To Class: ClassName=Schieberegister_Trägerplatine Member=Component R103 R___=Value
Added Member To Class: ClassName=Schieberegister_Trägerplatine Member=Component R104 R___=Value
Added Member To Class: ClassName=Schieberegister_Trägerplatine Member=Component R105 R___=Value
Added Member To Class: ClassName=Schieberegister_Trägerplatine Member=Component R106 R___=Value
Added Member To Class: ClassName=Schieberegister_Trägerplatine Member=Component R107 R___=Value
Added Member To Class: ClassName=Schieberegister_Trägerplatine Member=Component R108 R___=Value
Added Member To Class: ClassName=Schieberegister_Trägerplatine Member=Component R_Data1 R_0603_1%_xx
Added Member To Class: ClassName=Schieberegister_Trägerplatine Member=Component R_Data2 R_0603_1%_xx
Added Member To Class: ClassName=Schieberegister_Trägerplatine Member=Component R_Data3 R_0603_1%_xx
Added Member To Class: ClassName=Schieberegister_Trägerplatine Member=Component R_Data4 R_0603_1%_xx
Added Member To Class: ClassName=Schieberegister_Trägerplatine Member=Component R_Data5 R_0603_1%_xx
Added Member To Class: ClassName=Schieberegister_Trägerplatine Member=Component R_Data6 R_0603_1%_xx
Added Member To Class: ClassName=Schieberegister_Trägerplatine Member=Component R_Data7 R_0603_1%_xx
Added Member To Class: ClassName=Schieberegister_Trägerplatine Member=Component R_Data8 R_0603_1%_xx
Added Member To Class: ClassName=Schieberegister_Trägerplatine Member=Component R_Power R_0603_1%_xx
Added Member To Class: ClassName=Schieberegister_Trägerplatine Member=Component R_PullDown_1 R___=Value
Added Member To Class: ClassName=Schieberegister_Trägerplatine Member=Component R_PullDown_2 R___=Value
Added Member To Class: ClassName=Schieberegister_Trägerplatine Member=Component R_PullDown_3 R___=Value
Added Member To Class: ClassName=Schieberegister_Trägerplatine Member=Component R_PullDown_4 R___=Value
Added Member To Class: ClassName=Schieberegister_Trägerplatine Member=Component R_PullDown_5 R___=Value
Added Member To Class: ClassName=Schieberegister_Trägerplatine Member=Component R_PullDown_6 R___=Value
Added Member To Class: ClassName=Schieberegister_Trägerplatine Member=Component R_PullDown_7 R___=Value
Added Member To Class: ClassName=Schieberegister_Trägerplatine Member=Component R_PullDown_8 R___=Value
Added Member To Class: ClassName=Schieberegister_Trägerplatine Member=Component R_PullDown_SER R___=Value
Added Member To Class: ClassName=Schieberegister_Trägerplatine Member=Component U_1 LM2901PWR
Added Member To Class: ClassName=Schieberegister_Trägerplatine Member=Component U_2 LM2901PWR
Added Member To Class: ClassName=Schieberegister_Trägerplatine Member=Component U_SR 74HC165D,653
